[0.006s] Invoking command in '/home/sophia/workspace/code/ros/new_ros2/ws01_plumbing/build/cpp01_topic': AMENT_PREFIX_PATH=/home/sophia/workspace/code/ros/new_ros2/ws01_plumbing/install/base_interfaces_demo:${AMENT_PREFIX_PATH} CMAKE_PREFIX_PATH=/home/sophia/workspace/code/ros/new_ros2/ws01_plumbing/install/base_interfaces_demo:/opt/ros/humble CONDA_PROMPT_MODIFIER=(base) /usr/bin/cmake /home/sophia/workspace/code/ros/new_ros2/ws01_plumbing/src/cpp01_topic -DCMAKE_EXPORT_COMPILE_COMMANDS=ON -DCMAKE_INSTALL_PREFIX=/home/sophia/workspace/code/ros/new_ros2/ws01_plumbing/install/cpp01_topic
[0.086s] -- The C compiler identification is GNU 11.3.0
[0.146s] -- The CXX compiler identification is GNU 11.3.0
[0.155s] -- Detecting C compiler ABI info
[0.218s] -- Detecting C compiler ABI info - done
[0.226s] -- Check for working C compiler: /usr/bin/cc - skipped
[0.226s] -- Detecting C compile features
[0.227s] -- Detecting C compile features - done
[0.229s] -- Detecting CXX compiler ABI info
[0.299s] -- Detecting CXX compiler ABI info - done
[0.310s] -- Check for working CXX compiler: /usr/bin/c++ - skipped
[0.311s] -- Detecting CXX compile features
[0.311s] -- Detecting CXX compile features - done
[0.313s] -- Found ament_cmake: 1.3.3 (/opt/ros/humble/share/ament_cmake/cmake)
[0.495s] -- Found Python3: /usr/bin/python3.10 (found version "3.10.6") found components: Interpreter 
[0.573s] -- Found rclcpp: 16.0.3 (/opt/ros/humble/share/rclcpp/cmake)
[0.616s] -- Found rosidl_generator_c: 3.1.4 (/opt/ros/humble/share/rosidl_generator_c/cmake)
[0.622s] -- Found rosidl_adapter: 3.1.4 (/opt/ros/humble/share/rosidl_adapter/cmake)
[0.631s] -- Found rosidl_generator_cpp: 3.1.4 (/opt/ros/humble/share/rosidl_generator_cpp/cmake)
[0.644s] -- Using all available rosidl_typesupport_c: rosidl_typesupport_fastrtps_c;rosidl_typesupport_introspection_c
[0.665s] -- Using all available rosidl_typesupport_cpp: rosidl_typesupport_fastrtps_cpp;rosidl_typesupport_introspection_cpp
[0.737s] -- Found rmw_implementation_cmake: 6.1.1 (/opt/ros/humble/share/rmw_implementation_cmake/cmake)
[0.740s] -- Found rmw_fastrtps_cpp: 6.2.2 (/opt/ros/humble/share/rmw_fastrtps_cpp/cmake)
[0.834s] -- Found OpenSSL: /usr/lib/x86_64-linux-gnu/libcrypto.so (found version "3.0.2")  
[0.863s] -- Found FastRTPS: /opt/ros/humble/include  
[0.911s] -- Using RMW implementation 'rmw_fastrtps_cpp' as default
[0.921s] -- Looking for pthread.h
[0.986s] -- Looking for pthread.h - found
[0.987s] -- Performing Test CMAKE_HAVE_LIBC_PTHREAD
[1.053s] -- Performing Test CMAKE_HAVE_LIBC_PTHREAD - Success
[1.054s] -- Found Threads: TRUE  
[1.226s] -- Found base_interfaces_demo: 0.0.0 (/home/sophia/workspace/code/ros/new_ros2/ws01_plumbing/install/base_interfaces_demo/share/base_interfaces_demo/cmake)
[1.228s] -- Found ament_lint_auto: 0.12.5 (/opt/ros/humble/share/ament_lint_auto/cmake)
[1.297s] -- Added test 'cppcheck' to perform static code analysis on C / C++ code
[1.298s] -- Configured cppcheck include dirs: $<BUILD_INTERFACE:/home/sophia/workspace/code/ros/new_ros2/ws01_plumbing/src/cpp01_topic/include>
[1.298s] -- Configured cppcheck exclude dirs and/or files: 
[1.299s] -- Added test 'lint_cmake' to check CMake code style
[1.300s] -- Added test 'uncrustify' to check C / C++ code style
[1.300s] -- Configured uncrustify additional arguments: 
[1.300s] -- Added test 'xmllint' to check XML markup files
[1.302s] -- Configuring done
[1.313s] -- Generating done
[1.314s] -- Build files have been written to: /home/sophia/workspace/code/ros/new_ros2/ws01_plumbing/build/cpp01_topic
[1.323s] Invoked command in '/home/sophia/workspace/code/ros/new_ros2/ws01_plumbing/build/cpp01_topic' returned '0': AMENT_PREFIX_PATH=/home/sophia/workspace/code/ros/new_ros2/ws01_plumbing/install/base_interfaces_demo:${AMENT_PREFIX_PATH} CMAKE_PREFIX_PATH=/home/sophia/workspace/code/ros/new_ros2/ws01_plumbing/install/base_interfaces_demo:/opt/ros/humble CONDA_PROMPT_MODIFIER=(base) /usr/bin/cmake /home/sophia/workspace/code/ros/new_ros2/ws01_plumbing/src/cpp01_topic -DCMAKE_EXPORT_COMPILE_COMMANDS=ON -DCMAKE_INSTALL_PREFIX=/home/sophia/workspace/code/ros/new_ros2/ws01_plumbing/install/cpp01_topic
[1.324s] Invoking command in '/home/sophia/workspace/code/ros/new_ros2/ws01_plumbing/build/cpp01_topic': AMENT_PREFIX_PATH=/home/sophia/workspace/code/ros/new_ros2/ws01_plumbing/install/base_interfaces_demo:${AMENT_PREFIX_PATH} CMAKE_PREFIX_PATH=/home/sophia/workspace/code/ros/new_ros2/ws01_plumbing/install/base_interfaces_demo:/opt/ros/humble CONDA_PROMPT_MODIFIER=(base) /usr/bin/cmake --build /home/sophia/workspace/code/ros/new_ros2/ws01_plumbing/build/cpp01_topic -- -j8 -l8
[1.367s] [ 50%] [32mBuilding CXX object CMakeFiles/cpp01_talker_str.dir/src/cpp01_talker_str.cpp.o[0m
[4.080s] [100%] [32m[1mLinking CXX executable cpp01_talker_str[0m
[4.533s] [100%] Built target cpp01_talker_str
[4.544s] Invoked command in '/home/sophia/workspace/code/ros/new_ros2/ws01_plumbing/build/cpp01_topic' returned '0': AMENT_PREFIX_PATH=/home/sophia/workspace/code/ros/new_ros2/ws01_plumbing/install/base_interfaces_demo:${AMENT_PREFIX_PATH} CMAKE_PREFIX_PATH=/home/sophia/workspace/code/ros/new_ros2/ws01_plumbing/install/base_interfaces_demo:/opt/ros/humble CONDA_PROMPT_MODIFIER=(base) /usr/bin/cmake --build /home/sophia/workspace/code/ros/new_ros2/ws01_plumbing/build/cpp01_topic -- -j8 -l8
[4.565s] Invoking command in '/home/sophia/workspace/code/ros/new_ros2/ws01_plumbing/build/cpp01_topic': AMENT_PREFIX_PATH=/home/sophia/workspace/code/ros/new_ros2/ws01_plumbing/install/base_interfaces_demo:${AMENT_PREFIX_PATH} CMAKE_PREFIX_PATH=/home/sophia/workspace/code/ros/new_ros2/ws01_plumbing/install/base_interfaces_demo:/opt/ros/humble CONDA_PROMPT_MODIFIER=(base) /usr/bin/cmake --install /home/sophia/workspace/code/ros/new_ros2/ws01_plumbing/build/cpp01_topic
[4.571s] -- Install configuration: ""
[4.571s] -- Installing: /home/sophia/workspace/code/ros/new_ros2/ws01_plumbing/install/cpp01_topic/lib/cpp01_topic/cpp01_talker_str
[4.572s] -- Set runtime path of "/home/sophia/workspace/code/ros/new_ros2/ws01_plumbing/install/cpp01_topic/lib/cpp01_topic/cpp01_talker_str" to ""
[4.572s] -- Installing: /home/sophia/workspace/code/ros/new_ros2/ws01_plumbing/install/cpp01_topic/share/ament_index/resource_index/package_run_dependencies/cpp01_topic
[4.572s] -- Installing: /home/sophia/workspace/code/ros/new_ros2/ws01_plumbing/install/cpp01_topic/share/ament_index/resource_index/parent_prefix_path/cpp01_topic
[4.572s] -- Installing: /home/sophia/workspace/code/ros/new_ros2/ws01_plumbing/install/cpp01_topic/share/cpp01_topic/environment/ament_prefix_path.sh
[4.573s] -- Installing: /home/sophia/workspace/code/ros/new_ros2/ws01_plumbing/install/cpp01_topic/share/cpp01_topic/environment/ament_prefix_path.dsv
[4.573s] -- Installing: /home/sophia/workspace/code/ros/new_ros2/ws01_plumbing/install/cpp01_topic/share/cpp01_topic/environment/path.sh
[4.573s] -- Installing: /home/sophia/workspace/code/ros/new_ros2/ws01_plumbing/install/cpp01_topic/share/cpp01_topic/environment/path.dsv
[4.573s] -- Installing: /home/sophia/workspace/code/ros/new_ros2/ws01_plumbing/install/cpp01_topic/share/cpp01_topic/local_setup.bash
[4.573s] -- Installing: /home/sophia/workspace/code/ros/new_ros2/ws01_plumbing/install/cpp01_topic/share/cpp01_topic/local_setup.sh
[4.573s] -- Installing: /home/sophia/workspace/code/ros/new_ros2/ws01_plumbing/install/cpp01_topic/share/cpp01_topic/local_setup.zsh
[4.573s] -- Installing: /home/sophia/workspace/code/ros/new_ros2/ws01_plumbing/install/cpp01_topic/share/cpp01_topic/local_setup.dsv
[4.573s] -- Installing: /home/sophia/workspace/code/ros/new_ros2/ws01_plumbing/install/cpp01_topic/share/cpp01_topic/package.dsv
[4.574s] -- Installing: /home/sophia/workspace/code/ros/new_ros2/ws01_plumbing/install/cpp01_topic/share/ament_index/resource_index/packages/cpp01_topic
[4.574s] -- Installing: /home/sophia/workspace/code/ros/new_ros2/ws01_plumbing/install/cpp01_topic/share/cpp01_topic/cmake/cpp01_topicConfig.cmake
[4.574s] -- Installing: /home/sophia/workspace/code/ros/new_ros2/ws01_plumbing/install/cpp01_topic/share/cpp01_topic/cmake/cpp01_topicConfig-version.cmake
[4.574s] -- Installing: /home/sophia/workspace/code/ros/new_ros2/ws01_plumbing/install/cpp01_topic/share/cpp01_topic/package.xml
[4.579s] Invoked command in '/home/sophia/workspace/code/ros/new_ros2/ws01_plumbing/build/cpp01_topic' returned '0': AMENT_PREFIX_PATH=/home/sophia/workspace/code/ros/new_ros2/ws01_plumbing/install/base_interfaces_demo:${AMENT_PREFIX_PATH} CMAKE_PREFIX_PATH=/home/sophia/workspace/code/ros/new_ros2/ws01_plumbing/install/base_interfaces_demo:/opt/ros/humble CONDA_PROMPT_MODIFIER=(base) /usr/bin/cmake --install /home/sophia/workspace/code/ros/new_ros2/ws01_plumbing/build/cpp01_topic
