[0.293s] DEBUG:colcon:Command line arguments: ['/usr/bin/colcon', 'build']
[0.294s] DEBUG:colcon:Parsed command line arguments: Namespace(log_base=None, log_level=None, verb_name='build', build_base='build', install_base='install', merge_install=False, symlink_install=False, test_result_base=None, continue_on_error=False, executor='parallel', parallel_workers=8, event_handlers=None, ignore_user_meta=False, metas=['./colcon.meta'], base_paths=['.'], packages_ignore=None, packages_ignore_regex=None, paths=None, packages_up_to=None, packages_up_to_regex=None, packages_above=None, packages_above_and_dependencies=None, packages_above_depth=None, packages_select_by_dep=None, packages_skip_by_dep=None, packages_skip_up_to=None, packages_select_build_failed=False, packages_skip_build_finished=False, packages_select_test_failures=False, packages_skip_test_passed=False, packages_select=None, packages_skip=None, packages_select_regex=None, packages_skip_regex=None, packages_start=None, packages_end=None, allow_overriding=[], cmake_args=None, cmake_target=None, cmake_target_skip_unavailable=False, cmake_clean_cache=False, cmake_clean_first=False, cmake_force_configure=False, ament_cmake_args=None, catkin_cmake_args=None, catkin_skip_building_tests=False, verb_parser=<colcon_defaults.argument_parser.defaults.DefaultArgumentsDecorator object at 0x7f834969a320>, verb_extension=<colcon_core.verb.build.BuildVerb object at 0x7f8349ea3df0>, main=<bound method BuildVerb.main of <colcon_core.verb.build.BuildVerb object at 0x7f8349ea3df0>>)
[0.324s] Level 1:colcon.colcon_core.package_discovery:discover_packages(colcon_meta) check parameters
[0.324s] Level 1:colcon.colcon_core.package_discovery:discover_packages(recursive) check parameters
[0.324s] Level 1:colcon.colcon_core.package_discovery:discover_packages(ignore) check parameters
[0.324s] Level 1:colcon.colcon_core.package_discovery:discover_packages(path) check parameters
[0.324s] Level 1:colcon.colcon_core.package_discovery:discover_packages(colcon_meta) discover
[0.324s] Level 1:colcon.colcon_core.package_discovery:discover_packages(recursive) discover
[0.324s] INFO:colcon.colcon_core.package_discovery:Crawling recursively for packages in '/home/sophia/workspace/code/ros/new_ros2/ws01_plumbing/src'
[0.324s] Level 1:colcon.colcon_core.package_identification:_identify(.) by extensions ['ignore', 'ignore_ament_install']
[0.325s] Level 1:colcon.colcon_core.package_identification:_identify(.) by extension 'ignore'
[0.325s] Level 1:colcon.colcon_core.package_identification:_identify(.) by extension 'ignore_ament_install'
[0.325s] Level 1:colcon.colcon_core.package_identification:_identify(.) by extensions ['colcon_pkg']
[0.325s] Level 1:colcon.colcon_core.package_identification:_identify(.) by extension 'colcon_pkg'
[0.325s] Level 1:colcon.colcon_core.package_identification:_identify(.) by extensions ['colcon_meta']
[0.325s] Level 1:colcon.colcon_core.package_identification:_identify(.) by extension 'colcon_meta'
[0.325s] Level 1:colcon.colcon_core.package_identification:_identify(.) by extensions ['ros']
[0.325s] Level 1:colcon.colcon_core.package_identification:_identify(.) by extension 'ros'
[0.336s] Level 1:colcon.colcon_core.package_identification:_identify(.) by extensions ['cmake', 'python']
[0.336s] Level 1:colcon.colcon_core.package_identification:_identify(.) by extension 'cmake'
[0.336s] Level 1:colcon.colcon_core.package_identification:_identify(.) by extension 'python'
[0.336s] Level 1:colcon.colcon_core.package_identification:_identify(.) by extensions ['python_setup_py']
[0.336s] Level 1:colcon.colcon_core.package_identification:_identify(.) by extension 'python_setup_py'
[0.336s] Level 1:colcon.colcon_core.package_identification:_identify(base_interfaces_demo) by extensions ['ignore', 'ignore_ament_install']
[0.336s] Level 1:colcon.colcon_core.package_identification:_identify(base_interfaces_demo) by extension 'ignore'
[0.336s] Level 1:colcon.colcon_core.package_identification:_identify(base_interfaces_demo) by extension 'ignore_ament_install'
[0.336s] Level 1:colcon.colcon_core.package_identification:_identify(base_interfaces_demo) by extensions ['colcon_pkg']
[0.336s] Level 1:colcon.colcon_core.package_identification:_identify(base_interfaces_demo) by extension 'colcon_pkg'
[0.336s] Level 1:colcon.colcon_core.package_identification:_identify(base_interfaces_demo) by extensions ['colcon_meta']
[0.336s] Level 1:colcon.colcon_core.package_identification:_identify(base_interfaces_demo) by extension 'colcon_meta'
[0.336s] Level 1:colcon.colcon_core.package_identification:_identify(base_interfaces_demo) by extensions ['ros']
[0.336s] Level 1:colcon.colcon_core.package_identification:_identify(base_interfaces_demo) by extension 'ros'
[0.338s] DEBUG:colcon.colcon_core.package_identification:Package 'base_interfaces_demo' with type 'ros.ament_cmake' and name 'base_interfaces_demo'
[0.338s] Level 1:colcon.colcon_core.package_identification:_identify(build) by extensions ['ignore', 'ignore_ament_install']
[0.339s] Level 1:colcon.colcon_core.package_identification:_identify(build) by extension 'ignore'
[0.339s] Level 1:colcon.colcon_core.package_identification:_identify(build) ignored
[0.339s] Level 1:colcon.colcon_core.package_identification:_identify(cpp01_topic) by extensions ['ignore', 'ignore_ament_install']
[0.339s] Level 1:colcon.colcon_core.package_identification:_identify(cpp01_topic) by extension 'ignore'
[0.339s] Level 1:colcon.colcon_core.package_identification:_identify(cpp01_topic) by extension 'ignore_ament_install'
[0.339s] Level 1:colcon.colcon_core.package_identification:_identify(cpp01_topic) by extensions ['colcon_pkg']
[0.339s] Level 1:colcon.colcon_core.package_identification:_identify(cpp01_topic) by extension 'colcon_pkg'
[0.339s] Level 1:colcon.colcon_core.package_identification:_identify(cpp01_topic) by extensions ['colcon_meta']
[0.339s] Level 1:colcon.colcon_core.package_identification:_identify(cpp01_topic) by extension 'colcon_meta'
[0.339s] Level 1:colcon.colcon_core.package_identification:_identify(cpp01_topic) by extensions ['ros']
[0.339s] Level 1:colcon.colcon_core.package_identification:_identify(cpp01_topic) by extension 'ros'
[0.340s] DEBUG:colcon.colcon_core.package_identification:Package 'cpp01_topic' with type 'ros.ament_cmake' and name 'cpp01_topic'
[0.340s] Level 1:colcon.colcon_core.package_identification:_identify(install) by extensions ['ignore', 'ignore_ament_install']
[0.340s] Level 1:colcon.colcon_core.package_identification:_identify(install) by extension 'ignore'
[0.340s] Level 1:colcon.colcon_core.package_identification:_identify(install) ignored
[0.340s] Level 1:colcon.colcon_core.package_identification:_identify(log) by extensions ['ignore', 'ignore_ament_install']
[0.340s] Level 1:colcon.colcon_core.package_identification:_identify(log) by extension 'ignore'
[0.340s] Level 1:colcon.colcon_core.package_identification:_identify(log) ignored
[0.340s] Level 1:colcon.colcon_core.package_discovery:discover_packages(recursive) using defaults
[0.340s] Level 1:colcon.colcon_core.package_discovery:discover_packages(ignore) discover
[0.340s] Level 1:colcon.colcon_core.package_discovery:discover_packages(ignore) using defaults
[0.340s] Level 1:colcon.colcon_core.package_discovery:discover_packages(path) discover
[0.340s] Level 1:colcon.colcon_core.package_discovery:discover_packages(path) using defaults
[0.361s] Level 1:colcon.colcon_core.package_discovery:discover_packages(prefix_path) check parameters
[0.361s] Level 1:colcon.colcon_core.package_discovery:discover_packages(prefix_path) discover
[0.364s] DEBUG:colcon.colcon_installed_package_information.package_discovery:Found 270 installed packages in /opt/ros/humble
[0.366s] Level 1:colcon.colcon_core.package_discovery:discover_packages(prefix_path) using defaults
[0.423s] Level 5:colcon.colcon_core.verb:set package 'base_interfaces_demo' build argument 'cmake_args' from command line to 'None'
[0.423s] Level 5:colcon.colcon_core.verb:set package 'base_interfaces_demo' build argument 'cmake_target' from command line to 'None'
[0.423s] Level 5:colcon.colcon_core.verb:set package 'base_interfaces_demo' build argument 'cmake_target_skip_unavailable' from command line to 'False'
[0.423s] Level 5:colcon.colcon_core.verb:set package 'base_interfaces_demo' build argument 'cmake_clean_cache' from command line to 'False'
[0.423s] Level 5:colcon.colcon_core.verb:set package 'base_interfaces_demo' build argument 'cmake_clean_first' from command line to 'False'
[0.423s] Level 5:colcon.colcon_core.verb:set package 'base_interfaces_demo' build argument 'cmake_force_configure' from command line to 'False'
[0.423s] Level 5:colcon.colcon_core.verb:set package 'base_interfaces_demo' build argument 'ament_cmake_args' from command line to 'None'
[0.423s] Level 5:colcon.colcon_core.verb:set package 'base_interfaces_demo' build argument 'catkin_cmake_args' from command line to 'None'
[0.423s] Level 5:colcon.colcon_core.verb:set package 'base_interfaces_demo' build argument 'catkin_skip_building_tests' from command line to 'False'
[0.423s] DEBUG:colcon.colcon_core.verb:Building package 'base_interfaces_demo' with the following arguments: {'ament_cmake_args': None, 'build_base': '/home/sophia/workspace/code/ros/new_ros2/ws01_plumbing/src/build/base_interfaces_demo', 'catkin_cmake_args': None, 'catkin_skip_building_tests': False, 'cmake_args': None, 'cmake_clean_cache': False, 'cmake_clean_first': False, 'cmake_force_configure': False, 'cmake_target': None, 'cmake_target_skip_unavailable': False, 'install_base': '/home/sophia/workspace/code/ros/new_ros2/ws01_plumbing/src/install/base_interfaces_demo', 'merge_install': False, 'path': '/home/sophia/workspace/code/ros/new_ros2/ws01_plumbing/src/base_interfaces_demo', 'symlink_install': False, 'test_result_base': None}
[0.424s] Level 5:colcon.colcon_core.verb:set package 'cpp01_topic' build argument 'cmake_args' from command line to 'None'
[0.424s] Level 5:colcon.colcon_core.verb:set package 'cpp01_topic' build argument 'cmake_target' from command line to 'None'
[0.424s] Level 5:colcon.colcon_core.verb:set package 'cpp01_topic' build argument 'cmake_target_skip_unavailable' from command line to 'False'
[0.424s] Level 5:colcon.colcon_core.verb:set package 'cpp01_topic' build argument 'cmake_clean_cache' from command line to 'False'
[0.424s] Level 5:colcon.colcon_core.verb:set package 'cpp01_topic' build argument 'cmake_clean_first' from command line to 'False'
[0.424s] Level 5:colcon.colcon_core.verb:set package 'cpp01_topic' build argument 'cmake_force_configure' from command line to 'False'
[0.424s] Level 5:colcon.colcon_core.verb:set package 'cpp01_topic' build argument 'ament_cmake_args' from command line to 'None'
[0.424s] Level 5:colcon.colcon_core.verb:set package 'cpp01_topic' build argument 'catkin_cmake_args' from command line to 'None'
[0.424s] Level 5:colcon.colcon_core.verb:set package 'cpp01_topic' build argument 'catkin_skip_building_tests' from command line to 'False'
[0.424s] DEBUG:colcon.colcon_core.verb:Building package 'cpp01_topic' with the following arguments: {'ament_cmake_args': None, 'build_base': '/home/sophia/workspace/code/ros/new_ros2/ws01_plumbing/src/build/cpp01_topic', 'catkin_cmake_args': None, 'catkin_skip_building_tests': False, 'cmake_args': None, 'cmake_clean_cache': False, 'cmake_clean_first': False, 'cmake_force_configure': False, 'cmake_target': None, 'cmake_target_skip_unavailable': False, 'install_base': '/home/sophia/workspace/code/ros/new_ros2/ws01_plumbing/src/install/cpp01_topic', 'merge_install': False, 'path': '/home/sophia/workspace/code/ros/new_ros2/ws01_plumbing/src/cpp01_topic', 'symlink_install': False, 'test_result_base': None}
[0.425s] INFO:colcon.colcon_core.executor:Executing jobs using 'parallel' executor
[0.428s] DEBUG:colcon.colcon_parallel_executor.executor.parallel:run_until_complete
[0.428s] INFO:colcon.colcon_ros.task.ament_cmake.build:Building ROS package in '/home/sophia/workspace/code/ros/new_ros2/ws01_plumbing/src/base_interfaces_demo' with build type 'ament_cmake'
[0.428s] INFO:colcon.colcon_cmake.task.cmake.build:Building CMake package in '/home/sophia/workspace/code/ros/new_ros2/ws01_plumbing/src/base_interfaces_demo'
[0.432s] INFO:colcon.colcon_core.plugin_system:Skipping extension 'colcon_core.shell.bat': Not used on non-Windows systems
[0.432s] INFO:colcon.colcon_core.shell:Skip shell extension 'powershell' for command environment: Not usable outside of PowerShell
[0.432s] DEBUG:colcon.colcon_core.shell:Skip shell extension 'dsv' for command environment
[0.442s] DEBUG:colcon.colcon_core.event_handler.log_command:Invoking command in '/home/sophia/workspace/code/ros/new_ros2/ws01_plumbing/src/build/base_interfaces_demo': CMAKE_PREFIX_PATH=/opt/ros/humble CONDA_PROMPT_MODIFIER=(base) /usr/bin/cmake /home/sophia/workspace/code/ros/new_ros2/ws01_plumbing/src/base_interfaces_demo -DCMAKE_INSTALL_PREFIX=/home/sophia/workspace/code/ros/new_ros2/ws01_plumbing/src/install/base_interfaces_demo
[1.735s] DEBUG:colcon.colcon_core.event_handler.log_command:Invoked command in '/home/sophia/workspace/code/ros/new_ros2/ws01_plumbing/src/build/base_interfaces_demo' returned '0': CMAKE_PREFIX_PATH=/opt/ros/humble CONDA_PROMPT_MODIFIER=(base) /usr/bin/cmake /home/sophia/workspace/code/ros/new_ros2/ws01_plumbing/src/base_interfaces_demo -DCMAKE_INSTALL_PREFIX=/home/sophia/workspace/code/ros/new_ros2/ws01_plumbing/src/install/base_interfaces_demo
[1.737s] DEBUG:colcon.colcon_core.event_handler.log_command:Invoking command in '/home/sophia/workspace/code/ros/new_ros2/ws01_plumbing/src/build/base_interfaces_demo': CMAKE_PREFIX_PATH=/opt/ros/humble CONDA_PROMPT_MODIFIER=(base) /usr/bin/cmake --build /home/sophia/workspace/code/ros/new_ros2/ws01_plumbing/src/build/base_interfaces_demo -- -j8 -l8
[1.769s] DEBUG:colcon.colcon_core.event_handler.log_command:Invoked command in '/home/sophia/workspace/code/ros/new_ros2/ws01_plumbing/src/build/base_interfaces_demo' returned '0': CMAKE_PREFIX_PATH=/opt/ros/humble CONDA_PROMPT_MODIFIER=(base) /usr/bin/cmake --build /home/sophia/workspace/code/ros/new_ros2/ws01_plumbing/src/build/base_interfaces_demo -- -j8 -l8
[1.798s] DEBUG:colcon.colcon_core.event_handler.log_command:Invoking command in '/home/sophia/workspace/code/ros/new_ros2/ws01_plumbing/src/build/base_interfaces_demo': CMAKE_PREFIX_PATH=/opt/ros/humble CONDA_PROMPT_MODIFIER=(base) /usr/bin/cmake --install /home/sophia/workspace/code/ros/new_ros2/ws01_plumbing/src/build/base_interfaces_demo
[1.808s] Level 1:colcon.colcon_core.environment:create_environment_scripts_only(base_interfaces_demo)
[1.809s] DEBUG:colcon.colcon_core.event_handler.log_command:Invoked command in '/home/sophia/workspace/code/ros/new_ros2/ws01_plumbing/src/build/base_interfaces_demo' returned '0': CMAKE_PREFIX_PATH=/opt/ros/humble CONDA_PROMPT_MODIFIER=(base) /usr/bin/cmake --install /home/sophia/workspace/code/ros/new_ros2/ws01_plumbing/src/build/base_interfaces_demo
[1.812s] Level 1:colcon.colcon_core.environment:checking '/home/sophia/workspace/code/ros/new_ros2/ws01_plumbing/src/install/base_interfaces_demo' for CMake module files
[1.813s] Level 1:colcon.colcon_core.environment:checking '/home/sophia/workspace/code/ros/new_ros2/ws01_plumbing/src/install/base_interfaces_demo' for CMake config files
[1.813s] Level 1:colcon.colcon_core.shell:create_environment_hook('base_interfaces_demo', 'cmake_prefix_path')
[1.814s] INFO:colcon.colcon_core.shell:Creating environment hook '/home/sophia/workspace/code/ros/new_ros2/ws01_plumbing/src/install/base_interfaces_demo/share/base_interfaces_demo/hook/cmake_prefix_path.ps1'
[1.815s] INFO:colcon.colcon_core.shell:Creating environment descriptor '/home/sophia/workspace/code/ros/new_ros2/ws01_plumbing/src/install/base_interfaces_demo/share/base_interfaces_demo/hook/cmake_prefix_path.dsv'
[1.815s] INFO:colcon.colcon_core.shell:Creating environment hook '/home/sophia/workspace/code/ros/new_ros2/ws01_plumbing/src/install/base_interfaces_demo/share/base_interfaces_demo/hook/cmake_prefix_path.sh'
[1.816s] Level 1:colcon.colcon_core.environment:checking '/home/sophia/workspace/code/ros/new_ros2/ws01_plumbing/src/install/base_interfaces_demo/bin'
[1.816s] Level 1:colcon.colcon_core.environment:checking '/home/sophia/workspace/code/ros/new_ros2/ws01_plumbing/src/install/base_interfaces_demo/lib/pkgconfig/base_interfaces_demo.pc'
[1.816s] Level 1:colcon.colcon_core.environment:checking '/home/sophia/workspace/code/ros/new_ros2/ws01_plumbing/src/install/base_interfaces_demo/lib/python3.10/site-packages'
[1.816s] Level 1:colcon.colcon_core.environment:checking '/home/sophia/workspace/code/ros/new_ros2/ws01_plumbing/src/install/base_interfaces_demo/bin'
[1.817s] INFO:colcon.colcon_core.shell:Creating package script '/home/sophia/workspace/code/ros/new_ros2/ws01_plumbing/src/install/base_interfaces_demo/share/base_interfaces_demo/package.ps1'
[1.818s] INFO:colcon.colcon_core.shell:Creating package descriptor '/home/sophia/workspace/code/ros/new_ros2/ws01_plumbing/src/install/base_interfaces_demo/share/base_interfaces_demo/package.dsv'
[1.818s] INFO:colcon.colcon_core.shell:Creating package script '/home/sophia/workspace/code/ros/new_ros2/ws01_plumbing/src/install/base_interfaces_demo/share/base_interfaces_demo/package.sh'
[1.819s] INFO:colcon.colcon_core.shell:Creating package script '/home/sophia/workspace/code/ros/new_ros2/ws01_plumbing/src/install/base_interfaces_demo/share/base_interfaces_demo/package.bash'
[1.819s] INFO:colcon.colcon_core.shell:Creating package script '/home/sophia/workspace/code/ros/new_ros2/ws01_plumbing/src/install/base_interfaces_demo/share/base_interfaces_demo/package.zsh'
[1.820s] Level 1:colcon.colcon_core.environment:create_file_with_runtime_dependencies(/home/sophia/workspace/code/ros/new_ros2/ws01_plumbing/src/install/base_interfaces_demo/share/colcon-core/packages/base_interfaces_demo)
[1.840s] Level 1:colcon.colcon_core.environment:create_environment_scripts_only(base_interfaces_demo)
[1.843s] Level 1:colcon.colcon_core.environment:checking '/home/sophia/workspace/code/ros/new_ros2/ws01_plumbing/src/install/base_interfaces_demo' for CMake module files
[1.844s] Level 1:colcon.colcon_core.environment:checking '/home/sophia/workspace/code/ros/new_ros2/ws01_plumbing/src/install/base_interfaces_demo' for CMake config files
[1.844s] Level 1:colcon.colcon_core.shell:create_environment_hook('base_interfaces_demo', 'cmake_prefix_path')
[1.846s] INFO:colcon.colcon_core.shell:Creating environment hook '/home/sophia/workspace/code/ros/new_ros2/ws01_plumbing/src/install/base_interfaces_demo/share/base_interfaces_demo/hook/cmake_prefix_path.ps1'
[1.846s] INFO:colcon.colcon_core.shell:Creating environment descriptor '/home/sophia/workspace/code/ros/new_ros2/ws01_plumbing/src/install/base_interfaces_demo/share/base_interfaces_demo/hook/cmake_prefix_path.dsv'
[1.846s] INFO:colcon.colcon_core.shell:Creating environment hook '/home/sophia/workspace/code/ros/new_ros2/ws01_plumbing/src/install/base_interfaces_demo/share/base_interfaces_demo/hook/cmake_prefix_path.sh'
[1.847s] Level 1:colcon.colcon_core.environment:checking '/home/sophia/workspace/code/ros/new_ros2/ws01_plumbing/src/install/base_interfaces_demo/bin'
[1.847s] Level 1:colcon.colcon_core.environment:checking '/home/sophia/workspace/code/ros/new_ros2/ws01_plumbing/src/install/base_interfaces_demo/lib/pkgconfig/base_interfaces_demo.pc'
[1.847s] Level 1:colcon.colcon_core.environment:checking '/home/sophia/workspace/code/ros/new_ros2/ws01_plumbing/src/install/base_interfaces_demo/lib/python3.10/site-packages'
[1.848s] Level 1:colcon.colcon_core.environment:checking '/home/sophia/workspace/code/ros/new_ros2/ws01_plumbing/src/install/base_interfaces_demo/bin'
[1.850s] INFO:colcon.colcon_core.shell:Creating package script '/home/sophia/workspace/code/ros/new_ros2/ws01_plumbing/src/install/base_interfaces_demo/share/base_interfaces_demo/package.ps1'
[1.850s] INFO:colcon.colcon_core.shell:Creating package descriptor '/home/sophia/workspace/code/ros/new_ros2/ws01_plumbing/src/install/base_interfaces_demo/share/base_interfaces_demo/package.dsv'
[1.851s] INFO:colcon.colcon_core.shell:Creating package script '/home/sophia/workspace/code/ros/new_ros2/ws01_plumbing/src/install/base_interfaces_demo/share/base_interfaces_demo/package.sh'
[1.851s] INFO:colcon.colcon_core.shell:Creating package script '/home/sophia/workspace/code/ros/new_ros2/ws01_plumbing/src/install/base_interfaces_demo/share/base_interfaces_demo/package.bash'
[1.851s] INFO:colcon.colcon_core.shell:Creating package script '/home/sophia/workspace/code/ros/new_ros2/ws01_plumbing/src/install/base_interfaces_demo/share/base_interfaces_demo/package.zsh'
[1.852s] Level 1:colcon.colcon_core.environment:create_file_with_runtime_dependencies(/home/sophia/workspace/code/ros/new_ros2/ws01_plumbing/src/install/base_interfaces_demo/share/colcon-core/packages/base_interfaces_demo)
[1.852s] INFO:colcon.colcon_ros.task.ament_cmake.build:Building ROS package in '/home/sophia/workspace/code/ros/new_ros2/ws01_plumbing/src/cpp01_topic' with build type 'ament_cmake'
[1.852s] INFO:colcon.colcon_cmake.task.cmake.build:Building CMake package in '/home/sophia/workspace/code/ros/new_ros2/ws01_plumbing/src/cpp01_topic'
[1.854s] INFO:colcon.colcon_core.shell:Skip shell extension 'powershell' for command environment: Not usable outside of PowerShell
[1.854s] DEBUG:colcon.colcon_core.shell:Skip shell extension 'dsv' for command environment
[1.864s] DEBUG:colcon.colcon_core.event_handler.log_command:Invoking command in '/home/sophia/workspace/code/ros/new_ros2/ws01_plumbing/src/build/cpp01_topic': AMENT_PREFIX_PATH=/home/sophia/workspace/code/ros/new_ros2/ws01_plumbing/src/install/base_interfaces_demo:${AMENT_PREFIX_PATH} CMAKE_PREFIX_PATH=/home/sophia/workspace/code/ros/new_ros2/ws01_plumbing/src/install/base_interfaces_demo:/opt/ros/humble CONDA_PROMPT_MODIFIER=(base) /usr/bin/cmake /home/sophia/workspace/code/ros/new_ros2/ws01_plumbing/src/cpp01_topic -DCMAKE_INSTALL_PREFIX=/home/sophia/workspace/code/ros/new_ros2/ws01_plumbing/src/install/cpp01_topic
[3.323s] DEBUG:colcon.colcon_core.event_handler.log_command:Invoked command in '/home/sophia/workspace/code/ros/new_ros2/ws01_plumbing/src/build/cpp01_topic' returned '0': AMENT_PREFIX_PATH=/home/sophia/workspace/code/ros/new_ros2/ws01_plumbing/src/install/base_interfaces_demo:${AMENT_PREFIX_PATH} CMAKE_PREFIX_PATH=/home/sophia/workspace/code/ros/new_ros2/ws01_plumbing/src/install/base_interfaces_demo:/opt/ros/humble CONDA_PROMPT_MODIFIER=(base) /usr/bin/cmake /home/sophia/workspace/code/ros/new_ros2/ws01_plumbing/src/cpp01_topic -DCMAKE_INSTALL_PREFIX=/home/sophia/workspace/code/ros/new_ros2/ws01_plumbing/src/install/cpp01_topic
[3.324s] DEBUG:colcon.colcon_core.event_handler.log_command:Invoking command in '/home/sophia/workspace/code/ros/new_ros2/ws01_plumbing/src/build/cpp01_topic': AMENT_PREFIX_PATH=/home/sophia/workspace/code/ros/new_ros2/ws01_plumbing/src/install/base_interfaces_demo:${AMENT_PREFIX_PATH} CMAKE_PREFIX_PATH=/home/sophia/workspace/code/ros/new_ros2/ws01_plumbing/src/install/base_interfaces_demo:/opt/ros/humble CONDA_PROMPT_MODIFIER=(base) /usr/bin/cmake --build /home/sophia/workspace/code/ros/new_ros2/ws01_plumbing/src/build/cpp01_topic -- -j8 -l8
[6.513s] DEBUG:colcon.colcon_core.event_handler.log_command:Invoked command in '/home/sophia/workspace/code/ros/new_ros2/ws01_plumbing/src/build/cpp01_topic' returned '2': AMENT_PREFIX_PATH=/home/sophia/workspace/code/ros/new_ros2/ws01_plumbing/src/install/base_interfaces_demo:${AMENT_PREFIX_PATH} CMAKE_PREFIX_PATH=/home/sophia/workspace/code/ros/new_ros2/ws01_plumbing/src/install/base_interfaces_demo:/opt/ros/humble CONDA_PROMPT_MODIFIER=(base) /usr/bin/cmake --build /home/sophia/workspace/code/ros/new_ros2/ws01_plumbing/src/build/cpp01_topic -- -j8 -l8
[6.535s] Level 1:colcon.colcon_core.environment:create_environment_scripts_only(cpp01_topic)
[6.538s] Level 1:colcon.colcon_core.environment:checking '/home/sophia/workspace/code/ros/new_ros2/ws01_plumbing/src/install/cpp01_topic' for CMake module files
[6.539s] Level 1:colcon.colcon_core.environment:checking '/home/sophia/workspace/code/ros/new_ros2/ws01_plumbing/src/install/cpp01_topic' for CMake config files
[6.539s] Level 1:colcon.colcon_core.environment:checking '/home/sophia/workspace/code/ros/new_ros2/ws01_plumbing/src/install/cpp01_topic/bin'
[6.539s] Level 1:colcon.colcon_core.environment:checking '/home/sophia/workspace/code/ros/new_ros2/ws01_plumbing/src/install/cpp01_topic/lib/pkgconfig/cpp01_topic.pc'
[6.540s] Level 1:colcon.colcon_core.environment:checking '/home/sophia/workspace/code/ros/new_ros2/ws01_plumbing/src/install/cpp01_topic/lib/python3.10/site-packages'
[6.540s] Level 1:colcon.colcon_core.environment:checking '/home/sophia/workspace/code/ros/new_ros2/ws01_plumbing/src/install/cpp01_topic/bin'
[6.541s] INFO:colcon.colcon_core.shell:Creating package script '/home/sophia/workspace/code/ros/new_ros2/ws01_plumbing/src/install/cpp01_topic/share/cpp01_topic/package.ps1'
[6.542s] INFO:colcon.colcon_core.shell:Creating package descriptor '/home/sophia/workspace/code/ros/new_ros2/ws01_plumbing/src/install/cpp01_topic/share/cpp01_topic/package.dsv'
[6.542s] INFO:colcon.colcon_core.shell:Creating package script '/home/sophia/workspace/code/ros/new_ros2/ws01_plumbing/src/install/cpp01_topic/share/cpp01_topic/package.sh'
[6.543s] INFO:colcon.colcon_core.shell:Creating package script '/home/sophia/workspace/code/ros/new_ros2/ws01_plumbing/src/install/cpp01_topic/share/cpp01_topic/package.bash'
[6.543s] INFO:colcon.colcon_core.shell:Creating package script '/home/sophia/workspace/code/ros/new_ros2/ws01_plumbing/src/install/cpp01_topic/share/cpp01_topic/package.zsh'
[6.543s] Level 1:colcon.colcon_core.environment:create_file_with_runtime_dependencies(/home/sophia/workspace/code/ros/new_ros2/ws01_plumbing/src/install/cpp01_topic/share/colcon-core/packages/cpp01_topic)
[6.544s] DEBUG:colcon.colcon_parallel_executor.executor.parallel:closing loop
[6.544s] DEBUG:colcon.colcon_parallel_executor.executor.parallel:loop closed
[6.544s] DEBUG:colcon.colcon_parallel_executor.executor.parallel:run_until_complete finished with '2'
[6.544s] DEBUG:colcon.colcon_core.event_reactor:joining thread
[6.549s] INFO:colcon.colcon_core.plugin_system:Skipping extension 'colcon_notification.desktop_notification.terminal_notifier': Not used on non-Darwin systems
[6.549s] INFO:colcon.colcon_core.plugin_system:Skipping extension 'colcon_notification.desktop_notification.win32': Not used on non-Windows systems
[6.549s] INFO:colcon.colcon_notification.desktop_notification:Sending desktop notification using 'notify2'
[6.563s] DEBUG:colcon.colcon_core.event_reactor:joined thread
[6.564s] INFO:colcon.colcon_core.shell:Creating prefix script '/home/sophia/workspace/code/ros/new_ros2/ws01_plumbing/src/install/local_setup.ps1'
[6.566s] INFO:colcon.colcon_core.shell:Creating prefix util module '/home/sophia/workspace/code/ros/new_ros2/ws01_plumbing/src/install/_local_setup_util_ps1.py'
[6.568s] INFO:colcon.colcon_core.shell:Creating prefix chain script '/home/sophia/workspace/code/ros/new_ros2/ws01_plumbing/src/install/setup.ps1'
[6.570s] INFO:colcon.colcon_core.shell:Creating prefix script '/home/sophia/workspace/code/ros/new_ros2/ws01_plumbing/src/install/local_setup.sh'
[6.570s] INFO:colcon.colcon_core.shell:Creating prefix util module '/home/sophia/workspace/code/ros/new_ros2/ws01_plumbing/src/install/_local_setup_util_sh.py'
[6.571s] INFO:colcon.colcon_core.shell:Creating prefix chain script '/home/sophia/workspace/code/ros/new_ros2/ws01_plumbing/src/install/setup.sh'
[6.572s] INFO:colcon.colcon_core.shell:Creating prefix script '/home/sophia/workspace/code/ros/new_ros2/ws01_plumbing/src/install/local_setup.bash'
[6.573s] INFO:colcon.colcon_core.shell:Creating prefix chain script '/home/sophia/workspace/code/ros/new_ros2/ws01_plumbing/src/install/setup.bash'
[6.574s] INFO:colcon.colcon_core.shell:Creating prefix script '/home/sophia/workspace/code/ros/new_ros2/ws01_plumbing/src/install/local_setup.zsh'
[6.574s] INFO:colcon.colcon_core.shell:Creating prefix chain script '/home/sophia/workspace/code/ros/new_ros2/ws01_plumbing/src/install/setup.zsh'
