[0.019s] Invoking command in '/home/sophia/workspace/code/ros/new_ros2/ws00_helloworld/build/pkg01_hellowrold_cpp': CMAKE_PREFIX_PATH=${CMAKE_PREFIX_PATH}:/opt/ros/humble CONDA_PROMPT_MODIFIER=(base) /usr/bin/cmake /home/sophia/workspace/code/ros/new_ros2/ws00_helloworld/src/pkg01_hellowrold_cpp -DCMAKE_EXPORT_COMPILE_COMMANDS=ON -DCMAKE_INSTALL_PREFIX=/home/sophia/workspace/code/ros/new_ros2/ws00_helloworld/install/pkg01_hellowrold_cpp
[0.029s] -- Found ament_cmake: 1.3.3 (/opt/ros/humble/share/ament_cmake/cmake)
[0.185s] -- Found rclcpp: 16.0.3 (/opt/ros/humble/share/rclcpp/cmake)
[0.217s] -- Found rosidl_generator_c: 3.1.4 (/opt/ros/humble/share/rosidl_generator_c/cmake)
[0.220s] -- Found rosidl_adapter: 3.1.4 (/opt/ros/humble/share/rosidl_adapter/cmake)
[0.226s] -- Found rosidl_generator_cpp: 3.1.4 (/opt/ros/humble/share/rosidl_generator_cpp/cmake)
[0.237s] -- Using all available rosidl_typesupport_c: rosidl_typesupport_fastrtps_c;rosidl_typesupport_introspection_c
[0.252s] -- Using all available rosidl_typesupport_cpp: rosidl_typesupport_fastrtps_cpp;rosidl_typesupport_introspection_cpp
[0.315s] -- Found rmw_implementation_cmake: 6.1.1 (/opt/ros/humble/share/rmw_implementation_cmake/cmake)
[0.317s] -- Found rmw_fastrtps_cpp: 6.2.2 (/opt/ros/humble/share/rmw_fastrtps_cpp/cmake)
[0.442s] -- Using RMW implementation 'rmw_fastrtps_cpp' as default
[0.627s] -- Found ament_lint_auto: 0.12.5 (/opt/ros/humble/share/ament_lint_auto/cmake)
[0.696s] -- Added test 'cppcheck' to perform static code analysis on C / C++ code
[0.696s] -- Configured cppcheck include dirs: $<BUILD_INTERFACE:/home/sophia/workspace/code/ros/new_ros2/ws00_helloworld/src/pkg01_hellowrold_cpp/include>
[0.696s] -- Configured cppcheck exclude dirs and/or files: 
[0.697s] -- Added test 'lint_cmake' to check CMake code style
[0.698s] -- Added test 'uncrustify' to check C / C++ code style
[0.698s] -- Configured uncrustify additional arguments: 
[0.698s] -- Added test 'xmllint' to check XML markup files
[0.699s] -- Configuring done
[0.708s] -- Generating done
[0.711s] -- Build files have been written to: /home/sophia/workspace/code/ros/new_ros2/ws00_helloworld/build/pkg01_hellowrold_cpp
[0.720s] Invoked command in '/home/sophia/workspace/code/ros/new_ros2/ws00_helloworld/build/pkg01_hellowrold_cpp' returned '0': CMAKE_PREFIX_PATH=${CMAKE_PREFIX_PATH}:/opt/ros/humble CONDA_PROMPT_MODIFIER=(base) /usr/bin/cmake /home/sophia/workspace/code/ros/new_ros2/ws00_helloworld/src/pkg01_hellowrold_cpp -DCMAKE_EXPORT_COMPILE_COMMANDS=ON -DCMAKE_INSTALL_PREFIX=/home/sophia/workspace/code/ros/new_ros2/ws00_helloworld/install/pkg01_hellowrold_cpp
[0.723s] Invoking command in '/home/sophia/workspace/code/ros/new_ros2/ws00_helloworld/build/pkg01_hellowrold_cpp': CMAKE_PREFIX_PATH=${CMAKE_PREFIX_PATH}:/opt/ros/humble CONDA_PROMPT_MODIFIER=(base) /usr/bin/cmake --build /home/sophia/workspace/code/ros/new_ros2/ws00_helloworld/build/pkg01_hellowrold_cpp -- -j8 -l8
[0.761s] [35m[1mConsolidate compiler generated dependencies of target helloworld[0m
[0.778s] [ 50%] [32mBuilding CXX object CMakeFiles/helloworld.dir/src/helloworld.cpp.o[0m
[3.749s] [100%] [32m[1mLinking CXX executable helloworld[0m
[3.876s] [100%] Built target helloworld
[3.886s] Invoked command in '/home/sophia/workspace/code/ros/new_ros2/ws00_helloworld/build/pkg01_hellowrold_cpp' returned '0': CMAKE_PREFIX_PATH=${CMAKE_PREFIX_PATH}:/opt/ros/humble CONDA_PROMPT_MODIFIER=(base) /usr/bin/cmake --build /home/sophia/workspace/code/ros/new_ros2/ws00_helloworld/build/pkg01_hellowrold_cpp -- -j8 -l8
[3.917s] Invoking command in '/home/sophia/workspace/code/ros/new_ros2/ws00_helloworld/build/pkg01_hellowrold_cpp': CMAKE_PREFIX_PATH=${CMAKE_PREFIX_PATH}:/opt/ros/humble CONDA_PROMPT_MODIFIER=(base) /usr/bin/cmake --install /home/sophia/workspace/code/ros/new_ros2/ws00_helloworld/build/pkg01_hellowrold_cpp
[3.922s] -- Install configuration: ""
[3.922s] -- Installing: /home/sophia/workspace/code/ros/new_ros2/ws00_helloworld/install/pkg01_hellowrold_cpp/lib/pkg01_hellowrold_cpp/helloworld
[3.923s] -- Set runtime path of "/home/sophia/workspace/code/ros/new_ros2/ws00_helloworld/install/pkg01_hellowrold_cpp/lib/pkg01_hellowrold_cpp/helloworld" to ""
[3.923s] -- Up-to-date: /home/sophia/workspace/code/ros/new_ros2/ws00_helloworld/install/pkg01_hellowrold_cpp/share/ament_index/resource_index/package_run_dependencies/pkg01_hellowrold_cpp
[3.923s] -- Up-to-date: /home/sophia/workspace/code/ros/new_ros2/ws00_helloworld/install/pkg01_hellowrold_cpp/share/ament_index/resource_index/parent_prefix_path/pkg01_hellowrold_cpp
[3.923s] -- Up-to-date: /home/sophia/workspace/code/ros/new_ros2/ws00_helloworld/install/pkg01_hellowrold_cpp/share/pkg01_hellowrold_cpp/environment/ament_prefix_path.sh
[3.923s] -- Installing: /home/sophia/workspace/code/ros/new_ros2/ws00_helloworld/install/pkg01_hellowrold_cpp/share/pkg01_hellowrold_cpp/environment/ament_prefix_path.dsv
[3.923s] -- Up-to-date: /home/sophia/workspace/code/ros/new_ros2/ws00_helloworld/install/pkg01_hellowrold_cpp/share/pkg01_hellowrold_cpp/environment/path.sh
[3.923s] -- Installing: /home/sophia/workspace/code/ros/new_ros2/ws00_helloworld/install/pkg01_hellowrold_cpp/share/pkg01_hellowrold_cpp/environment/path.dsv
[3.923s] -- Up-to-date: /home/sophia/workspace/code/ros/new_ros2/ws00_helloworld/install/pkg01_hellowrold_cpp/share/pkg01_hellowrold_cpp/local_setup.bash
[3.924s] -- Up-to-date: /home/sophia/workspace/code/ros/new_ros2/ws00_helloworld/install/pkg01_hellowrold_cpp/share/pkg01_hellowrold_cpp/local_setup.sh
[3.924s] -- Up-to-date: /home/sophia/workspace/code/ros/new_ros2/ws00_helloworld/install/pkg01_hellowrold_cpp/share/pkg01_hellowrold_cpp/local_setup.zsh
[3.924s] -- Installing: /home/sophia/workspace/code/ros/new_ros2/ws00_helloworld/install/pkg01_hellowrold_cpp/share/pkg01_hellowrold_cpp/local_setup.dsv
[3.924s] -- Installing: /home/sophia/workspace/code/ros/new_ros2/ws00_helloworld/install/pkg01_hellowrold_cpp/share/pkg01_hellowrold_cpp/package.dsv
[3.924s] -- Up-to-date: /home/sophia/workspace/code/ros/new_ros2/ws00_helloworld/install/pkg01_hellowrold_cpp/share/ament_index/resource_index/packages/pkg01_hellowrold_cpp
[3.925s] -- Up-to-date: /home/sophia/workspace/code/ros/new_ros2/ws00_helloworld/install/pkg01_hellowrold_cpp/share/pkg01_hellowrold_cpp/cmake/pkg01_hellowrold_cppConfig.cmake
[3.925s] -- Up-to-date: /home/sophia/workspace/code/ros/new_ros2/ws00_helloworld/install/pkg01_hellowrold_cpp/share/pkg01_hellowrold_cpp/cmake/pkg01_hellowrold_cppConfig-version.cmake
[3.925s] -- Up-to-date: /home/sophia/workspace/code/ros/new_ros2/ws00_helloworld/install/pkg01_hellowrold_cpp/share/pkg01_hellowrold_cpp/package.xml
[3.928s] Invoked command in '/home/sophia/workspace/code/ros/new_ros2/ws00_helloworld/build/pkg01_hellowrold_cpp' returned '0': CMAKE_PREFIX_PATH=${CMAKE_PREFIX_PATH}:/opt/ros/humble CONDA_PROMPT_MODIFIER=(base) /usr/bin/cmake --install /home/sophia/workspace/code/ros/new_ros2/ws00_helloworld/build/pkg01_hellowrold_cpp
