[0.028s] Invoking command in '/home/sophia/workspace/code/ros/new_ros2/ws00_helloworld/build/pkg01_hellowrold_cpp': CMAKE_PREFIX_PATH=/opt/ros/humble CONDA_PROMPT_MODIFIER=(base) /usr/bin/cmake /home/sophia/workspace/code/ros/new_ros2/ws00_helloworld/src/pkg01_hellowrold_cpp -DCMAKE_INSTALL_PREFIX=/home/sophia/workspace/code/ros/new_ros2/ws00_helloworld/install/pkg01_hellowrold_cpp
[1.130s] -- The C compiler identification is GNU 11.3.0
[1.853s] -- The CXX compiler identification is GNU 11.3.0
[1.997s] -- Detecting C compiler ABI info
[2.245s] -- Detecting C compiler ABI info - done
[2.256s] -- Check for working C compiler: /usr/bin/cc - skipped
[2.269s] -- Detecting C compile features
[2.285s] -- Detecting C compile features - done
[2.328s] -- Detecting CXX compiler ABI info
[2.518s] -- Detecting CXX compiler ABI info - done
[2.533s] -- Check for working CXX compiler: /usr/bin/c++ - skipped
[2.533s] -- Detecting CXX compile features
[2.534s] -- Detecting CXX compile features - done
[2.585s] -- Found ament_cmake: 1.3.3 (/opt/ros/humble/share/ament_cmake/cmake)
[2.909s] -- Found Python3: /usr/bin/python3.10 (found version "3.10.6") found components: Interpreter 
[3.153s] -- Found rclcpp: 16.0.3 (/opt/ros/humble/share/rclcpp/cmake)
[3.480s] -- Found rosidl_generator_c: 3.1.4 (/opt/ros/humble/share/rosidl_generator_c/cmake)
[3.496s] -- Found rosidl_adapter: 3.1.4 (/opt/ros/humble/share/rosidl_adapter/cmake)
[3.512s] -- Found rosidl_generator_cpp: 3.1.4 (/opt/ros/humble/share/rosidl_generator_cpp/cmake)
[3.657s] -- Using all available rosidl_typesupport_c: rosidl_typesupport_fastrtps_c;rosidl_typesupport_introspection_c
[3.759s] -- Using all available rosidl_typesupport_cpp: rosidl_typesupport_fastrtps_cpp;rosidl_typesupport_introspection_cpp
[4.001s] -- Found rmw_implementation_cmake: 6.1.1 (/opt/ros/humble/share/rmw_implementation_cmake/cmake)
[4.028s] -- Found rmw_fastrtps_cpp: 6.2.2 (/opt/ros/humble/share/rmw_fastrtps_cpp/cmake)
[4.617s] -- Found OpenSSL: /usr/lib/x86_64-linux-gnu/libcrypto.so (found version "3.0.2")  
[4.675s] -- Found FastRTPS: /opt/ros/humble/include  
[4.735s] -- Using RMW implementation 'rmw_fastrtps_cpp' as default
[4.898s] -- Looking for pthread.h
[5.267s] -- Looking for pthread.h - found
[5.267s] -- Performing Test CMAKE_HAVE_LIBC_PTHREAD
[5.419s] -- Performing Test CMAKE_HAVE_LIBC_PTHREAD - Success
[5.420s] -- Found Threads: TRUE  
[5.715s] -- Found ament_lint_auto: 0.12.5 (/opt/ros/humble/share/ament_lint_auto/cmake)
[5.958s] -- Added test 'cppcheck' to perform static code analysis on C / C++ code
[5.959s] -- Configured cppcheck include dirs: $<BUILD_INTERFACE:/home/sophia/workspace/code/ros/new_ros2/ws00_helloworld/src/pkg01_hellowrold_cpp/include>
[5.960s] -- Configured cppcheck exclude dirs and/or files: 
[5.964s] -- Added test 'lint_cmake' to check CMake code style
[5.969s] -- Added test 'uncrustify' to check C / C++ code style
[5.969s] -- Configured uncrustify additional arguments: 
[5.971s] -- Added test 'xmllint' to check XML markup files
[5.993s] -- Configuring done
[6.059s] -- Generating done
[6.066s] -- Build files have been written to: /home/sophia/workspace/code/ros/new_ros2/ws00_helloworld/build/pkg01_hellowrold_cpp
[6.087s] Invoked command in '/home/sophia/workspace/code/ros/new_ros2/ws00_helloworld/build/pkg01_hellowrold_cpp' returned '0': CMAKE_PREFIX_PATH=/opt/ros/humble CONDA_PROMPT_MODIFIER=(base) /usr/bin/cmake /home/sophia/workspace/code/ros/new_ros2/ws00_helloworld/src/pkg01_hellowrold_cpp -DCMAKE_INSTALL_PREFIX=/home/sophia/workspace/code/ros/new_ros2/ws00_helloworld/install/pkg01_hellowrold_cpp
[6.090s] Invoking command in '/home/sophia/workspace/code/ros/new_ros2/ws00_helloworld/build/pkg01_hellowrold_cpp': CMAKE_PREFIX_PATH=/opt/ros/humble CONDA_PROMPT_MODIFIER=(base) /usr/bin/cmake --build /home/sophia/workspace/code/ros/new_ros2/ws00_helloworld/build/pkg01_hellowrold_cpp -- -j8 -l8
[6.139s] [ 50%] [32mBuilding CXX object CMakeFiles/helloworld.dir/src/helloworld.cpp.o[0m
[12.807s] [100%] [32m[1mLinking CXX executable helloworld[0m
[13.466s] [100%] Built target helloworld
[13.476s] Invoked command in '/home/sophia/workspace/code/ros/new_ros2/ws00_helloworld/build/pkg01_hellowrold_cpp' returned '0': CMAKE_PREFIX_PATH=/opt/ros/humble CONDA_PROMPT_MODIFIER=(base) /usr/bin/cmake --build /home/sophia/workspace/code/ros/new_ros2/ws00_helloworld/build/pkg01_hellowrold_cpp -- -j8 -l8
[13.506s] Invoking command in '/home/sophia/workspace/code/ros/new_ros2/ws00_helloworld/build/pkg01_hellowrold_cpp': CMAKE_PREFIX_PATH=/opt/ros/humble CONDA_PROMPT_MODIFIER=(base) /usr/bin/cmake --install /home/sophia/workspace/code/ros/new_ros2/ws00_helloworld/build/pkg01_hellowrold_cpp
[13.513s] -- Install configuration: ""
[13.513s] -- Installing: /home/sophia/workspace/code/ros/new_ros2/ws00_helloworld/install/pkg01_hellowrold_cpp/lib/pkg01_hellowrold_cpp/helloworld
[13.513s] -- Set runtime path of "/home/sophia/workspace/code/ros/new_ros2/ws00_helloworld/install/pkg01_hellowrold_cpp/lib/pkg01_hellowrold_cpp/helloworld" to ""
[13.513s] -- Installing: /home/sophia/workspace/code/ros/new_ros2/ws00_helloworld/install/pkg01_hellowrold_cpp/share/ament_index/resource_index/package_run_dependencies/pkg01_hellowrold_cpp
[13.513s] -- Installing: /home/sophia/workspace/code/ros/new_ros2/ws00_helloworld/install/pkg01_hellowrold_cpp/share/ament_index/resource_index/parent_prefix_path/pkg01_hellowrold_cpp
[13.514s] -- Installing: /home/sophia/workspace/code/ros/new_ros2/ws00_helloworld/install/pkg01_hellowrold_cpp/share/pkg01_hellowrold_cpp/environment/ament_prefix_path.sh
[13.514s] -- Installing: /home/sophia/workspace/code/ros/new_ros2/ws00_helloworld/install/pkg01_hellowrold_cpp/share/pkg01_hellowrold_cpp/environment/ament_prefix_path.dsv
[13.514s] -- Installing: /home/sophia/workspace/code/ros/new_ros2/ws00_helloworld/install/pkg01_hellowrold_cpp/share/pkg01_hellowrold_cpp/environment/path.sh
[13.514s] -- Installing: /home/sophia/workspace/code/ros/new_ros2/ws00_helloworld/install/pkg01_hellowrold_cpp/share/pkg01_hellowrold_cpp/environment/path.dsv
[13.514s] -- Installing: /home/sophia/workspace/code/ros/new_ros2/ws00_helloworld/install/pkg01_hellowrold_cpp/share/pkg01_hellowrold_cpp/local_setup.bash
[13.515s] -- Installing: /home/sophia/workspace/code/ros/new_ros2/ws00_helloworld/install/pkg01_hellowrold_cpp/share/pkg01_hellowrold_cpp/local_setup.sh
[13.515s] -- Installing: /home/sophia/workspace/code/ros/new_ros2/ws00_helloworld/install/pkg01_hellowrold_cpp/share/pkg01_hellowrold_cpp/local_setup.zsh
[13.515s] -- Installing: /home/sophia/workspace/code/ros/new_ros2/ws00_helloworld/install/pkg01_hellowrold_cpp/share/pkg01_hellowrold_cpp/local_setup.dsv
[13.515s] -- Installing: /home/sophia/workspace/code/ros/new_ros2/ws00_helloworld/install/pkg01_hellowrold_cpp/share/pkg01_hellowrold_cpp/package.dsv
[13.515s] -- Installing: /home/sophia/workspace/code/ros/new_ros2/ws00_helloworld/install/pkg01_hellowrold_cpp/share/ament_index/resource_index/packages/pkg01_hellowrold_cpp
[13.515s] -- Installing: /home/sophia/workspace/code/ros/new_ros2/ws00_helloworld/install/pkg01_hellowrold_cpp/share/pkg01_hellowrold_cpp/cmake/pkg01_hellowrold_cppConfig.cmake
[13.515s] -- Installing: /home/sophia/workspace/code/ros/new_ros2/ws00_helloworld/install/pkg01_hellowrold_cpp/share/pkg01_hellowrold_cpp/cmake/pkg01_hellowrold_cppConfig-version.cmake
[13.515s] -- Installing: /home/sophia/workspace/code/ros/new_ros2/ws00_helloworld/install/pkg01_hellowrold_cpp/share/pkg01_hellowrold_cpp/package.xml
[13.518s] Invoked command in '/home/sophia/workspace/code/ros/new_ros2/ws00_helloworld/build/pkg01_hellowrold_cpp' returned '0': CMAKE_PREFIX_PATH=/opt/ros/humble CONDA_PROMPT_MODIFIER=(base) /usr/bin/cmake --install /home/sophia/workspace/code/ros/new_ros2/ws00_helloworld/build/pkg01_hellowrold_cpp
