[0.014s] Invoking command in '/home/sophia/workspace/code/ros/new_ros2/ws01_plumbing/build/base_interfaces_demo': CMAKE_PREFIX_PATH=/opt/ros/humble CONDA_PROMPT_MODIFIER=(base) /usr/bin/cmake /home/sophia/workspace/code/ros/new_ros2/ws01_plumbing/src/base_interfaces_demo -DCMAKE_EXPORT_COMPILE_COMMANDS=ON -DCMAKE_INSTALL_PREFIX=/home/sophia/workspace/code/ros/new_ros2/ws01_plumbing/install/base_interfaces_demo
[0.158s] -- The C compiler identification is GNU 11.3.0
[0.213s] -- The CXX compiler identification is GNU 11.3.0
[0.221s] -- Detecting C compiler ABI info
[0.293s] -- Detecting C compiler ABI info - done
[0.300s] -- Check for working C compiler: /usr/bin/cc - skipped
[0.300s] -- Detecting C compile features
[0.300s] -- Detecting C compile features - done
[0.305s] -- Detecting CXX compiler ABI info
[0.394s] -- Detecting CXX compiler ABI info - done
[0.404s] -- Check for working CXX compiler: /usr/bin/c++ - skipped
[0.405s] -- Detecting CXX compile features
[0.405s] -- Detecting CXX compile features - done
[0.407s] -- Found ament_cmake: 1.3.3 (/opt/ros/humble/share/ament_cmake/cmake)
[0.620s] -- Found Python3: /usr/bin/python3.10 (found version "3.10.6") found components: Interpreter 
[0.709s] -- Found ament_lint_auto: 0.12.5 (/opt/ros/humble/share/ament_lint_auto/cmake)
[0.791s] -- Added test 'lint_cmake' to check CMake code style
[0.792s] -- Added test 'xmllint' to check XML markup files
[0.793s] -- Configuring done
[0.796s] -- Generating done
[0.796s] [33mCMake Warning:
[0.796s]   Manually-specified variables were not used by the project:
[0.797s] 
[0.797s]     CMAKE_EXPORT_COMPILE_COMMANDS
[0.797s] 
[0.797s] [0m
[0.797s] -- Build files have been written to: /home/sophia/workspace/code/ros/new_ros2/ws01_plumbing/build/base_interfaces_demo
[0.801s] Invoked command in '/home/sophia/workspace/code/ros/new_ros2/ws01_plumbing/build/base_interfaces_demo' returned '0': CMAKE_PREFIX_PATH=/opt/ros/humble CONDA_PROMPT_MODIFIER=(base) /usr/bin/cmake /home/sophia/workspace/code/ros/new_ros2/ws01_plumbing/src/base_interfaces_demo -DCMAKE_EXPORT_COMPILE_COMMANDS=ON -DCMAKE_INSTALL_PREFIX=/home/sophia/workspace/code/ros/new_ros2/ws01_plumbing/install/base_interfaces_demo
[0.803s] Invoking command in '/home/sophia/workspace/code/ros/new_ros2/ws01_plumbing/build/base_interfaces_demo': CMAKE_PREFIX_PATH=/opt/ros/humble CONDA_PROMPT_MODIFIER=(base) /usr/bin/cmake --build /home/sophia/workspace/code/ros/new_ros2/ws01_plumbing/build/base_interfaces_demo -- -j8 -l8
[0.836s] Invoked command in '/home/sophia/workspace/code/ros/new_ros2/ws01_plumbing/build/base_interfaces_demo' returned '0': CMAKE_PREFIX_PATH=/opt/ros/humble CONDA_PROMPT_MODIFIER=(base) /usr/bin/cmake --build /home/sophia/workspace/code/ros/new_ros2/ws01_plumbing/build/base_interfaces_demo -- -j8 -l8
[0.866s] Invoking command in '/home/sophia/workspace/code/ros/new_ros2/ws01_plumbing/build/base_interfaces_demo': CMAKE_PREFIX_PATH=/opt/ros/humble CONDA_PROMPT_MODIFIER=(base) /usr/bin/cmake --install /home/sophia/workspace/code/ros/new_ros2/ws01_plumbing/build/base_interfaces_demo
[0.874s] -- Install configuration: ""
[0.874s] -- Installing: /home/sophia/workspace/code/ros/new_ros2/ws01_plumbing/install/base_interfaces_demo/share/ament_index/resource_index/package_run_dependencies/base_interfaces_demo
[0.874s] -- Installing: /home/sophia/workspace/code/ros/new_ros2/ws01_plumbing/install/base_interfaces_demo/share/ament_index/resource_index/parent_prefix_path/base_interfaces_demo
[0.875s] -- Installing: /home/sophia/workspace/code/ros/new_ros2/ws01_plumbing/install/base_interfaces_demo/share/base_interfaces_demo/environment/ament_prefix_path.sh
[0.875s] -- Installing: /home/sophia/workspace/code/ros/new_ros2/ws01_plumbing/install/base_interfaces_demo/share/base_interfaces_demo/environment/ament_prefix_path.dsv
[0.875s] -- Installing: /home/sophia/workspace/code/ros/new_ros2/ws01_plumbing/install/base_interfaces_demo/share/base_interfaces_demo/environment/path.sh
[0.875s] -- Installing: /home/sophia/workspace/code/ros/new_ros2/ws01_plumbing/install/base_interfaces_demo/share/base_interfaces_demo/environment/path.dsv
[0.875s] -- Installing: /home/sophia/workspace/code/ros/new_ros2/ws01_plumbing/install/base_interfaces_demo/share/base_interfaces_demo/local_setup.bash
[0.875s] -- Installing: /home/sophia/workspace/code/ros/new_ros2/ws01_plumbing/install/base_interfaces_demo/share/base_interfaces_demo/local_setup.sh
[0.876s] -- Installing: /home/sophia/workspace/code/ros/new_ros2/ws01_plumbing/install/base_interfaces_demo/share/base_interfaces_demo/local_setup.zsh
[0.876s] -- Installing: /home/sophia/workspace/code/ros/new_ros2/ws01_plumbing/install/base_interfaces_demo/share/base_interfaces_demo/local_setup.dsv
[0.876s] -- Installing: /home/sophia/workspace/code/ros/new_ros2/ws01_plumbing/install/base_interfaces_demo/share/base_interfaces_demo/package.dsv
[0.876s] -- Installing: /home/sophia/workspace/code/ros/new_ros2/ws01_plumbing/install/base_interfaces_demo/share/ament_index/resource_index/packages/base_interfaces_demo
[0.876s] -- Installing: /home/sophia/workspace/code/ros/new_ros2/ws01_plumbing/install/base_interfaces_demo/share/base_interfaces_demo/cmake/base_interfaces_demoConfig.cmake
[0.876s] -- Installing: /home/sophia/workspace/code/ros/new_ros2/ws01_plumbing/install/base_interfaces_demo/share/base_interfaces_demo/cmake/base_interfaces_demoConfig-version.cmake
[0.877s] -- Installing: /home/sophia/workspace/code/ros/new_ros2/ws01_plumbing/install/base_interfaces_demo/share/base_interfaces_demo/package.xml
[0.879s] Invoked command in '/home/sophia/workspace/code/ros/new_ros2/ws01_plumbing/build/base_interfaces_demo' returned '0': CMAKE_PREFIX_PATH=/opt/ros/humble CONDA_PROMPT_MODIFIER=(base) /usr/bin/cmake --install /home/sophia/workspace/code/ros/new_ros2/ws01_plumbing/build/base_interfaces_demo
