[0.319s] DEBUG:colcon:Command line arguments: ['/usr/bin/colcon', 'build', '--packages-select', 'cpp01_topic']
[0.319s] DEBUG:colcon:Parsed command line arguments: Namespace(log_base=None, log_level=None, verb_name='build', build_base='build', install_base='install', merge_install=False, symlink_install=False, test_result_base=None, continue_on_error=False, executor='parallel', parallel_workers=8, event_handlers=None, ignore_user_meta=False, metas=['./colcon.meta'], base_paths=['.'], packages_ignore=None, packages_ignore_regex=None, paths=None, packages_up_to=None, packages_up_to_regex=None, packages_above=None, packages_above_and_dependencies=None, packages_above_depth=None, packages_select_by_dep=None, packages_skip_by_dep=None, packages_skip_up_to=None, packages_select_build_failed=False, packages_skip_build_finished=False, packages_select_test_failures=False, packages_skip_test_passed=False, packages_select=['cpp01_topic'], packages_skip=None, packages_select_regex=None, packages_skip_regex=None, packages_start=None, packages_end=None, allow_overriding=[], cmake_args=None, cmake_target=None, cmake_target_skip_unavailable=False, cmake_clean_cache=False, cmake_clean_first=False, cmake_force_configure=False, ament_cmake_args=None, catkin_cmake_args=None, catkin_skip_building_tests=False, verb_parser=<colcon_defaults.argument_parser.defaults.DefaultArgumentsDecorator object at 0x7fa2964c6050>, verb_extension=<colcon_core.verb.build.BuildVerb object at 0x7fa296d13e80>, main=<bound method BuildVerb.main of <colcon_core.verb.build.BuildVerb object at 0x7fa296d13e80>>)
[0.351s] Level 1:colcon.colcon_core.package_discovery:discover_packages(colcon_meta) check parameters
[0.351s] Level 1:colcon.colcon_core.package_discovery:discover_packages(recursive) check parameters
[0.351s] Level 1:colcon.colcon_core.package_discovery:discover_packages(ignore) check parameters
[0.351s] Level 1:colcon.colcon_core.package_discovery:discover_packages(path) check parameters
[0.351s] Level 1:colcon.colcon_core.package_discovery:discover_packages(colcon_meta) discover
[0.351s] Level 1:colcon.colcon_core.package_discovery:discover_packages(recursive) discover
[0.351s] INFO:colcon.colcon_core.package_discovery:Crawling recursively for packages in '/home/sophia/workspace/code/ros/new_ros2/ws01_plumbing'
[0.351s] Level 1:colcon.colcon_core.package_identification:_identify(.) by extensions ['ignore', 'ignore_ament_install']
[0.351s] Level 1:colcon.colcon_core.package_identification:_identify(.) by extension 'ignore'
[0.351s] Level 1:colcon.colcon_core.package_identification:_identify(.) by extension 'ignore_ament_install'
[0.351s] Level 1:colcon.colcon_core.package_identification:_identify(.) by extensions ['colcon_pkg']
[0.352s] Level 1:colcon.colcon_core.package_identification:_identify(.) by extension 'colcon_pkg'
[0.352s] Level 1:colcon.colcon_core.package_identification:_identify(.) by extensions ['colcon_meta']
[0.352s] Level 1:colcon.colcon_core.package_identification:_identify(.) by extension 'colcon_meta'
[0.352s] Level 1:colcon.colcon_core.package_identification:_identify(.) by extensions ['ros']
[0.352s] Level 1:colcon.colcon_core.package_identification:_identify(.) by extension 'ros'
[0.363s] Level 1:colcon.colcon_core.package_identification:_identify(.) by extensions ['cmake', 'python']
[0.363s] Level 1:colcon.colcon_core.package_identification:_identify(.) by extension 'cmake'
[0.363s] Level 1:colcon.colcon_core.package_identification:_identify(.) by extension 'python'
[0.363s] Level 1:colcon.colcon_core.package_identification:_identify(.) by extensions ['python_setup_py']
[0.363s] Level 1:colcon.colcon_core.package_identification:_identify(.) by extension 'python_setup_py'
[0.363s] Level 1:colcon.colcon_core.package_identification:_identify(build) by extensions ['ignore', 'ignore_ament_install']
[0.363s] Level 1:colcon.colcon_core.package_identification:_identify(build) by extension 'ignore'
[0.363s] Level 1:colcon.colcon_core.package_identification:_identify(build) ignored
[0.364s] Level 1:colcon.colcon_core.package_identification:_identify(install) by extensions ['ignore', 'ignore_ament_install']
[0.364s] Level 1:colcon.colcon_core.package_identification:_identify(install) by extension 'ignore'
[0.364s] Level 1:colcon.colcon_core.package_identification:_identify(install) ignored
[0.364s] Level 1:colcon.colcon_core.package_identification:_identify(log) by extensions ['ignore', 'ignore_ament_install']
[0.364s] Level 1:colcon.colcon_core.package_identification:_identify(log) by extension 'ignore'
[0.364s] Level 1:colcon.colcon_core.package_identification:_identify(log) ignored
[0.364s] Level 1:colcon.colcon_core.package_identification:_identify(src) by extensions ['ignore', 'ignore_ament_install']
[0.364s] Level 1:colcon.colcon_core.package_identification:_identify(src) by extension 'ignore'
[0.364s] Level 1:colcon.colcon_core.package_identification:_identify(src) by extension 'ignore_ament_install'
[0.364s] Level 1:colcon.colcon_core.package_identification:_identify(src) by extensions ['colcon_pkg']
[0.364s] Level 1:colcon.colcon_core.package_identification:_identify(src) by extension 'colcon_pkg'
[0.364s] Level 1:colcon.colcon_core.package_identification:_identify(src) by extensions ['colcon_meta']
[0.364s] Level 1:colcon.colcon_core.package_identification:_identify(src) by extension 'colcon_meta'
[0.365s] Level 1:colcon.colcon_core.package_identification:_identify(src) by extensions ['ros']
[0.365s] Level 1:colcon.colcon_core.package_identification:_identify(src) by extension 'ros'
[0.365s] Level 1:colcon.colcon_core.package_identification:_identify(src) by extensions ['cmake', 'python']
[0.365s] Level 1:colcon.colcon_core.package_identification:_identify(src) by extension 'cmake'
[0.365s] Level 1:colcon.colcon_core.package_identification:_identify(src) by extension 'python'
[0.365s] Level 1:colcon.colcon_core.package_identification:_identify(src) by extensions ['python_setup_py']
[0.365s] Level 1:colcon.colcon_core.package_identification:_identify(src) by extension 'python_setup_py'
[0.365s] Level 1:colcon.colcon_core.package_identification:_identify(src/base_interfaces_demo) by extensions ['ignore', 'ignore_ament_install']
[0.365s] Level 1:colcon.colcon_core.package_identification:_identify(src/base_interfaces_demo) by extension 'ignore'
[0.365s] Level 1:colcon.colcon_core.package_identification:_identify(src/base_interfaces_demo) by extension 'ignore_ament_install'
[0.365s] Level 1:colcon.colcon_core.package_identification:_identify(src/base_interfaces_demo) by extensions ['colcon_pkg']
[0.365s] Level 1:colcon.colcon_core.package_identification:_identify(src/base_interfaces_demo) by extension 'colcon_pkg'
[0.365s] Level 1:colcon.colcon_core.package_identification:_identify(src/base_interfaces_demo) by extensions ['colcon_meta']
[0.365s] Level 1:colcon.colcon_core.package_identification:_identify(src/base_interfaces_demo) by extension 'colcon_meta'
[0.365s] Level 1:colcon.colcon_core.package_identification:_identify(src/base_interfaces_demo) by extensions ['ros']
[0.366s] Level 1:colcon.colcon_core.package_identification:_identify(src/base_interfaces_demo) by extension 'ros'
[0.368s] DEBUG:colcon.colcon_core.package_identification:Package 'src/base_interfaces_demo' with type 'ros.ament_cmake' and name 'base_interfaces_demo'
[0.368s] Level 1:colcon.colcon_core.package_identification:_identify(src/build) by extensions ['ignore', 'ignore_ament_install']
[0.368s] Level 1:colcon.colcon_core.package_identification:_identify(src/build) by extension 'ignore'
[0.368s] Level 1:colcon.colcon_core.package_identification:_identify(src/build) ignored
[0.368s] Level 1:colcon.colcon_core.package_identification:_identify(src/cpp01_topic) by extensions ['ignore', 'ignore_ament_install']
[0.368s] Level 1:colcon.colcon_core.package_identification:_identify(src/cpp01_topic) by extension 'ignore'
[0.368s] Level 1:colcon.colcon_core.package_identification:_identify(src/cpp01_topic) by extension 'ignore_ament_install'
[0.368s] Level 1:colcon.colcon_core.package_identification:_identify(src/cpp01_topic) by extensions ['colcon_pkg']
[0.368s] Level 1:colcon.colcon_core.package_identification:_identify(src/cpp01_topic) by extension 'colcon_pkg'
[0.368s] Level 1:colcon.colcon_core.package_identification:_identify(src/cpp01_topic) by extensions ['colcon_meta']
[0.368s] Level 1:colcon.colcon_core.package_identification:_identify(src/cpp01_topic) by extension 'colcon_meta'
[0.369s] Level 1:colcon.colcon_core.package_identification:_identify(src/cpp01_topic) by extensions ['ros']
[0.369s] Level 1:colcon.colcon_core.package_identification:_identify(src/cpp01_topic) by extension 'ros'
[0.369s] DEBUG:colcon.colcon_core.package_identification:Package 'src/cpp01_topic' with type 'ros.ament_cmake' and name 'cpp01_topic'
[0.369s] Level 1:colcon.colcon_core.package_identification:_identify(src/install) by extensions ['ignore', 'ignore_ament_install']
[0.369s] Level 1:colcon.colcon_core.package_identification:_identify(src/install) by extension 'ignore'
[0.370s] Level 1:colcon.colcon_core.package_identification:_identify(src/install) ignored
[0.370s] Level 1:colcon.colcon_core.package_identification:_identify(src/log) by extensions ['ignore', 'ignore_ament_install']
[0.370s] Level 1:colcon.colcon_core.package_identification:_identify(src/log) by extension 'ignore'
[0.370s] Level 1:colcon.colcon_core.package_identification:_identify(src/log) ignored
[0.370s] Level 1:colcon.colcon_core.package_discovery:discover_packages(recursive) using defaults
[0.370s] Level 1:colcon.colcon_core.package_discovery:discover_packages(ignore) discover
[0.370s] Level 1:colcon.colcon_core.package_discovery:discover_packages(ignore) using defaults
[0.370s] Level 1:colcon.colcon_core.package_discovery:discover_packages(path) discover
[0.370s] Level 1:colcon.colcon_core.package_discovery:discover_packages(path) using defaults
[0.419s] INFO:colcon.colcon_core.package_selection:Skipping not selected package 'base_interfaces_demo' in 'src/base_interfaces_demo'
[0.420s] Level 1:colcon.colcon_core.package_discovery:discover_packages(prefix_path) check parameters
[0.420s] Level 1:colcon.colcon_core.package_discovery:discover_packages(prefix_path) discover
[0.424s] DEBUG:colcon.colcon_installed_package_information.package_discovery:Found 270 installed packages in /opt/ros/humble
[0.425s] Level 1:colcon.colcon_core.package_discovery:discover_packages(prefix_path) using defaults
[0.485s] Level 5:colcon.colcon_core.verb:set package 'cpp01_topic' build argument 'cmake_args' from command line to 'None'
[0.485s] Level 5:colcon.colcon_core.verb:set package 'cpp01_topic' build argument 'cmake_target' from command line to 'None'
[0.485s] Level 5:colcon.colcon_core.verb:set package 'cpp01_topic' build argument 'cmake_target_skip_unavailable' from command line to 'False'
[0.485s] Level 5:colcon.colcon_core.verb:set package 'cpp01_topic' build argument 'cmake_clean_cache' from command line to 'False'
[0.485s] Level 5:colcon.colcon_core.verb:set package 'cpp01_topic' build argument 'cmake_clean_first' from command line to 'False'
[0.485s] Level 5:colcon.colcon_core.verb:set package 'cpp01_topic' build argument 'cmake_force_configure' from command line to 'False'
[0.485s] Level 5:colcon.colcon_core.verb:set package 'cpp01_topic' build argument 'ament_cmake_args' from command line to 'None'
[0.485s] Level 5:colcon.colcon_core.verb:set package 'cpp01_topic' build argument 'catkin_cmake_args' from command line to 'None'
[0.485s] Level 5:colcon.colcon_core.verb:set package 'cpp01_topic' build argument 'catkin_skip_building_tests' from command line to 'False'
[0.485s] DEBUG:colcon.colcon_core.verb:Building package 'cpp01_topic' with the following arguments: {'ament_cmake_args': None, 'build_base': '/home/sophia/workspace/code/ros/new_ros2/ws01_plumbing/build/cpp01_topic', 'catkin_cmake_args': None, 'catkin_skip_building_tests': False, 'cmake_args': None, 'cmake_clean_cache': False, 'cmake_clean_first': False, 'cmake_force_configure': False, 'cmake_target': None, 'cmake_target_skip_unavailable': False, 'install_base': '/home/sophia/workspace/code/ros/new_ros2/ws01_plumbing/install/cpp01_topic', 'merge_install': False, 'path': '/home/sophia/workspace/code/ros/new_ros2/ws01_plumbing/src/cpp01_topic', 'symlink_install': False, 'test_result_base': None}
[0.486s] INFO:colcon.colcon_core.executor:Executing jobs using 'parallel' executor
[0.490s] DEBUG:colcon.colcon_parallel_executor.executor.parallel:run_until_complete
[0.490s] INFO:colcon.colcon_ros.task.ament_cmake.build:Building ROS package in '/home/sophia/workspace/code/ros/new_ros2/ws01_plumbing/src/cpp01_topic' with build type 'ament_cmake'
[0.490s] INFO:colcon.colcon_cmake.task.cmake.build:Building CMake package in '/home/sophia/workspace/code/ros/new_ros2/ws01_plumbing/src/cpp01_topic'
[0.496s] INFO:colcon.colcon_core.plugin_system:Skipping extension 'colcon_core.shell.bat': Not used on non-Windows systems
[0.496s] INFO:colcon.colcon_core.shell:Skip shell extension 'powershell' for command environment: Not usable outside of PowerShell
[0.496s] DEBUG:colcon.colcon_core.shell:Skip shell extension 'dsv' for command environment
[0.507s] DEBUG:colcon.colcon_core.event_handler.log_command:Invoking command in '/home/sophia/workspace/code/ros/new_ros2/ws01_plumbing/build/cpp01_topic': AMENT_PREFIX_PATH=/home/sophia/workspace/code/ros/new_ros2/ws01_plumbing/install/base_interfaces_demo:${AMENT_PREFIX_PATH} CMAKE_PREFIX_PATH=/home/sophia/workspace/code/ros/new_ros2/ws01_plumbing/install/base_interfaces_demo:/opt/ros/humble CONDA_PROMPT_MODIFIER=(base) /usr/bin/cmake /home/sophia/workspace/code/ros/new_ros2/ws01_plumbing/src/cpp01_topic -DCMAKE_INSTALL_PREFIX=/home/sophia/workspace/code/ros/new_ros2/ws01_plumbing/install/cpp01_topic
[1.323s] DEBUG:colcon.colcon_core.event_handler.log_command:Invoked command in '/home/sophia/workspace/code/ros/new_ros2/ws01_plumbing/build/cpp01_topic' returned '0': AMENT_PREFIX_PATH=/home/sophia/workspace/code/ros/new_ros2/ws01_plumbing/install/base_interfaces_demo:${AMENT_PREFIX_PATH} CMAKE_PREFIX_PATH=/home/sophia/workspace/code/ros/new_ros2/ws01_plumbing/install/base_interfaces_demo:/opt/ros/humble CONDA_PROMPT_MODIFIER=(base) /usr/bin/cmake /home/sophia/workspace/code/ros/new_ros2/ws01_plumbing/src/cpp01_topic -DCMAKE_INSTALL_PREFIX=/home/sophia/workspace/code/ros/new_ros2/ws01_plumbing/install/cpp01_topic
[1.326s] DEBUG:colcon.colcon_core.event_handler.log_command:Invoking command in '/home/sophia/workspace/code/ros/new_ros2/ws01_plumbing/build/cpp01_topic': AMENT_PREFIX_PATH=/home/sophia/workspace/code/ros/new_ros2/ws01_plumbing/install/base_interfaces_demo:${AMENT_PREFIX_PATH} CMAKE_PREFIX_PATH=/home/sophia/workspace/code/ros/new_ros2/ws01_plumbing/install/base_interfaces_demo:/opt/ros/humble CONDA_PROMPT_MODIFIER=(base) /usr/bin/cmake --build /home/sophia/workspace/code/ros/new_ros2/ws01_plumbing/build/cpp01_topic -- -j8 -l8
[10.371s] DEBUG:colcon.colcon_core.event_handler.log_command:Invoked command in '/home/sophia/workspace/code/ros/new_ros2/ws01_plumbing/build/cpp01_topic' returned '0': AMENT_PREFIX_PATH=/home/sophia/workspace/code/ros/new_ros2/ws01_plumbing/install/base_interfaces_demo:${AMENT_PREFIX_PATH} CMAKE_PREFIX_PATH=/home/sophia/workspace/code/ros/new_ros2/ws01_plumbing/install/base_interfaces_demo:/opt/ros/humble CONDA_PROMPT_MODIFIER=(base) /usr/bin/cmake --build /home/sophia/workspace/code/ros/new_ros2/ws01_plumbing/build/cpp01_topic -- -j8 -l8
[10.405s] DEBUG:colcon.colcon_core.event_handler.log_command:Invoking command in '/home/sophia/workspace/code/ros/new_ros2/ws01_plumbing/build/cpp01_topic': AMENT_PREFIX_PATH=/home/sophia/workspace/code/ros/new_ros2/ws01_plumbing/install/base_interfaces_demo:${AMENT_PREFIX_PATH} CMAKE_PREFIX_PATH=/home/sophia/workspace/code/ros/new_ros2/ws01_plumbing/install/base_interfaces_demo:/opt/ros/humble CONDA_PROMPT_MODIFIER=(base) /usr/bin/cmake --install /home/sophia/workspace/code/ros/new_ros2/ws01_plumbing/build/cpp01_topic
[10.420s] Level 1:colcon.colcon_core.environment:create_environment_scripts_only(cpp01_topic)
[10.420s] DEBUG:colcon.colcon_core.event_handler.log_command:Invoked command in '/home/sophia/workspace/code/ros/new_ros2/ws01_plumbing/build/cpp01_topic' returned '0': AMENT_PREFIX_PATH=/home/sophia/workspace/code/ros/new_ros2/ws01_plumbing/install/base_interfaces_demo:${AMENT_PREFIX_PATH} CMAKE_PREFIX_PATH=/home/sophia/workspace/code/ros/new_ros2/ws01_plumbing/install/base_interfaces_demo:/opt/ros/humble CONDA_PROMPT_MODIFIER=(base) /usr/bin/cmake --install /home/sophia/workspace/code/ros/new_ros2/ws01_plumbing/build/cpp01_topic
[10.425s] Level 1:colcon.colcon_core.environment:checking '/home/sophia/workspace/code/ros/new_ros2/ws01_plumbing/install/cpp01_topic' for CMake module files
[10.425s] Level 1:colcon.colcon_core.environment:checking '/home/sophia/workspace/code/ros/new_ros2/ws01_plumbing/install/cpp01_topic' for CMake config files
[10.425s] Level 1:colcon.colcon_core.shell:create_environment_hook('cpp01_topic', 'cmake_prefix_path')
[10.426s] INFO:colcon.colcon_core.shell:Creating environment hook '/home/sophia/workspace/code/ros/new_ros2/ws01_plumbing/install/cpp01_topic/share/cpp01_topic/hook/cmake_prefix_path.ps1'
[10.454s] INFO:colcon.colcon_core.shell:Creating environment descriptor '/home/sophia/workspace/code/ros/new_ros2/ws01_plumbing/install/cpp01_topic/share/cpp01_topic/hook/cmake_prefix_path.dsv'
[10.455s] INFO:colcon.colcon_core.shell:Creating environment hook '/home/sophia/workspace/code/ros/new_ros2/ws01_plumbing/install/cpp01_topic/share/cpp01_topic/hook/cmake_prefix_path.sh'
[10.456s] Level 1:colcon.colcon_core.environment:checking '/home/sophia/workspace/code/ros/new_ros2/ws01_plumbing/install/cpp01_topic/lib'
[10.456s] Level 1:colcon.colcon_core.environment:checking '/home/sophia/workspace/code/ros/new_ros2/ws01_plumbing/install/cpp01_topic/bin'
[10.456s] Level 1:colcon.colcon_core.environment:checking '/home/sophia/workspace/code/ros/new_ros2/ws01_plumbing/install/cpp01_topic/lib/pkgconfig/cpp01_topic.pc'
[10.456s] Level 1:colcon.colcon_core.environment:checking '/home/sophia/workspace/code/ros/new_ros2/ws01_plumbing/install/cpp01_topic/lib/python3.10/site-packages'
[10.456s] Level 1:colcon.colcon_core.environment:checking '/home/sophia/workspace/code/ros/new_ros2/ws01_plumbing/install/cpp01_topic/bin'
[10.458s] INFO:colcon.colcon_core.shell:Creating package script '/home/sophia/workspace/code/ros/new_ros2/ws01_plumbing/install/cpp01_topic/share/cpp01_topic/package.ps1'
[10.458s] INFO:colcon.colcon_core.shell:Creating package descriptor '/home/sophia/workspace/code/ros/new_ros2/ws01_plumbing/install/cpp01_topic/share/cpp01_topic/package.dsv'
[10.459s] INFO:colcon.colcon_core.shell:Creating package script '/home/sophia/workspace/code/ros/new_ros2/ws01_plumbing/install/cpp01_topic/share/cpp01_topic/package.sh'
[10.459s] INFO:colcon.colcon_core.shell:Creating package script '/home/sophia/workspace/code/ros/new_ros2/ws01_plumbing/install/cpp01_topic/share/cpp01_topic/package.bash'
[10.463s] INFO:colcon.colcon_core.shell:Creating package script '/home/sophia/workspace/code/ros/new_ros2/ws01_plumbing/install/cpp01_topic/share/cpp01_topic/package.zsh'
[10.464s] Level 1:colcon.colcon_core.environment:create_file_with_runtime_dependencies(/home/sophia/workspace/code/ros/new_ros2/ws01_plumbing/install/cpp01_topic/share/colcon-core/packages/cpp01_topic)
[10.489s] Level 1:colcon.colcon_core.environment:create_environment_scripts_only(cpp01_topic)
[10.491s] Level 1:colcon.colcon_core.environment:checking '/home/sophia/workspace/code/ros/new_ros2/ws01_plumbing/install/cpp01_topic' for CMake module files
[10.492s] Level 1:colcon.colcon_core.environment:checking '/home/sophia/workspace/code/ros/new_ros2/ws01_plumbing/install/cpp01_topic' for CMake config files
[10.492s] Level 1:colcon.colcon_core.shell:create_environment_hook('cpp01_topic', 'cmake_prefix_path')
[10.493s] INFO:colcon.colcon_core.shell:Creating environment hook '/home/sophia/workspace/code/ros/new_ros2/ws01_plumbing/install/cpp01_topic/share/cpp01_topic/hook/cmake_prefix_path.ps1'
[10.494s] INFO:colcon.colcon_core.shell:Creating environment descriptor '/home/sophia/workspace/code/ros/new_ros2/ws01_plumbing/install/cpp01_topic/share/cpp01_topic/hook/cmake_prefix_path.dsv'
[10.494s] INFO:colcon.colcon_core.shell:Creating environment hook '/home/sophia/workspace/code/ros/new_ros2/ws01_plumbing/install/cpp01_topic/share/cpp01_topic/hook/cmake_prefix_path.sh'
[10.495s] Level 1:colcon.colcon_core.environment:checking '/home/sophia/workspace/code/ros/new_ros2/ws01_plumbing/install/cpp01_topic/lib'
[10.495s] Level 1:colcon.colcon_core.environment:checking '/home/sophia/workspace/code/ros/new_ros2/ws01_plumbing/install/cpp01_topic/bin'
[10.495s] Level 1:colcon.colcon_core.environment:checking '/home/sophia/workspace/code/ros/new_ros2/ws01_plumbing/install/cpp01_topic/lib/pkgconfig/cpp01_topic.pc'
[10.495s] Level 1:colcon.colcon_core.environment:checking '/home/sophia/workspace/code/ros/new_ros2/ws01_plumbing/install/cpp01_topic/lib/python3.10/site-packages'
[10.495s] Level 1:colcon.colcon_core.environment:checking '/home/sophia/workspace/code/ros/new_ros2/ws01_plumbing/install/cpp01_topic/bin'
[10.497s] INFO:colcon.colcon_core.shell:Creating package script '/home/sophia/workspace/code/ros/new_ros2/ws01_plumbing/install/cpp01_topic/share/cpp01_topic/package.ps1'
[10.497s] INFO:colcon.colcon_core.shell:Creating package descriptor '/home/sophia/workspace/code/ros/new_ros2/ws01_plumbing/install/cpp01_topic/share/cpp01_topic/package.dsv'
[10.498s] INFO:colcon.colcon_core.shell:Creating package script '/home/sophia/workspace/code/ros/new_ros2/ws01_plumbing/install/cpp01_topic/share/cpp01_topic/package.sh'
[10.498s] INFO:colcon.colcon_core.shell:Creating package script '/home/sophia/workspace/code/ros/new_ros2/ws01_plumbing/install/cpp01_topic/share/cpp01_topic/package.bash'
[10.499s] INFO:colcon.colcon_core.shell:Creating package script '/home/sophia/workspace/code/ros/new_ros2/ws01_plumbing/install/cpp01_topic/share/cpp01_topic/package.zsh'
[10.499s] Level 1:colcon.colcon_core.environment:create_file_with_runtime_dependencies(/home/sophia/workspace/code/ros/new_ros2/ws01_plumbing/install/cpp01_topic/share/colcon-core/packages/cpp01_topic)
[10.499s] DEBUG:colcon.colcon_parallel_executor.executor.parallel:closing loop
[10.500s] DEBUG:colcon.colcon_parallel_executor.executor.parallel:loop closed
[10.500s] DEBUG:colcon.colcon_parallel_executor.executor.parallel:run_until_complete finished with '0'
[10.500s] DEBUG:colcon.colcon_core.event_reactor:joining thread
[10.546s] INFO:colcon.colcon_core.plugin_system:Skipping extension 'colcon_notification.desktop_notification.terminal_notifier': Not used on non-Darwin systems
[10.546s] INFO:colcon.colcon_core.plugin_system:Skipping extension 'colcon_notification.desktop_notification.win32': Not used on non-Windows systems
[10.547s] INFO:colcon.colcon_notification.desktop_notification:Sending desktop notification using 'notify2'
[10.577s] DEBUG:colcon.colcon_core.event_reactor:joined thread
[10.580s] INFO:colcon.colcon_core.shell:Creating prefix script '/home/sophia/workspace/code/ros/new_ros2/ws01_plumbing/install/local_setup.ps1'
[10.596s] INFO:colcon.colcon_core.shell:Creating prefix util module '/home/sophia/workspace/code/ros/new_ros2/ws01_plumbing/install/_local_setup_util_ps1.py'
[10.620s] INFO:colcon.colcon_core.shell:Creating prefix chain script '/home/sophia/workspace/code/ros/new_ros2/ws01_plumbing/install/setup.ps1'
[10.625s] INFO:colcon.colcon_core.shell:Creating prefix script '/home/sophia/workspace/code/ros/new_ros2/ws01_plumbing/install/local_setup.sh'
[10.627s] INFO:colcon.colcon_core.shell:Creating prefix util module '/home/sophia/workspace/code/ros/new_ros2/ws01_plumbing/install/_local_setup_util_sh.py'
[10.628s] INFO:colcon.colcon_core.shell:Creating prefix chain script '/home/sophia/workspace/code/ros/new_ros2/ws01_plumbing/install/setup.sh'
[10.635s] INFO:colcon.colcon_core.shell:Creating prefix script '/home/sophia/workspace/code/ros/new_ros2/ws01_plumbing/install/local_setup.bash'
[10.638s] INFO:colcon.colcon_core.shell:Creating prefix chain script '/home/sophia/workspace/code/ros/new_ros2/ws01_plumbing/install/setup.bash'
[10.641s] INFO:colcon.colcon_core.shell:Creating prefix script '/home/sophia/workspace/code/ros/new_ros2/ws01_plumbing/install/local_setup.zsh'
[10.642s] INFO:colcon.colcon_core.shell:Creating prefix chain script '/home/sophia/workspace/code/ros/new_ros2/ws01_plumbing/install/setup.zsh'
