[0.013s] Invoking command in '/home/sophia/workspace/code/ros/new_ros2/ws01_plumbing/src/build/base_interfaces_demo': CMAKE_PREFIX_PATH=/opt/ros/humble CONDA_PROMPT_MODIFIER=(base) /usr/bin/cmake /home/sophia/workspace/code/ros/new_ros2/ws01_plumbing/src/base_interfaces_demo -DCMAKE_INSTALL_PREFIX=/home/sophia/workspace/code/ros/new_ros2/ws01_plumbing/src/install/base_interfaces_demo
[0.379s] -- The C compiler identification is GNU 11.3.0
[0.528s] -- The CXX compiler identification is GNU 11.3.0
[0.556s] -- Detecting C compiler ABI info
[0.772s] -- Detecting C compiler ABI info - done
[0.781s] -- Check for working C compiler: /usr/bin/cc - skipped
[0.781s] -- Detecting C compile features
[0.781s] -- Detecting C compile features - done
[0.785s] -- Detecting CXX compiler ABI info
[0.930s] -- Detecting CXX compiler ABI info - done
[0.938s] -- Check for working CXX compiler: /usr/bin/c++ - skipped
[0.938s] -- Detecting CXX compile features
[0.939s] -- Detecting CXX compile features - done
[0.940s] -- Found ament_cmake: 1.3.3 (/opt/ros/humble/share/ament_cmake/cmake)
[1.122s] -- Found Python3: /usr/bin/python3.10 (found version "3.10.6") found components: Interpreter 
[1.221s] -- Found ament_lint_auto: 0.12.5 (/opt/ros/humble/share/ament_lint_auto/cmake)
[1.295s] -- Added test 'lint_cmake' to check CMake code style
[1.297s] -- Added test 'xmllint' to check XML markup files
[1.298s] -- Configuring done
[1.301s] -- Generating done
[1.302s] -- Build files have been written to: /home/sophia/workspace/code/ros/new_ros2/ws01_plumbing/src/build/base_interfaces_demo
[1.306s] Invoked command in '/home/sophia/workspace/code/ros/new_ros2/ws01_plumbing/src/build/base_interfaces_demo' returned '0': CMAKE_PREFIX_PATH=/opt/ros/humble CONDA_PROMPT_MODIFIER=(base) /usr/bin/cmake /home/sophia/workspace/code/ros/new_ros2/ws01_plumbing/src/base_interfaces_demo -DCMAKE_INSTALL_PREFIX=/home/sophia/workspace/code/ros/new_ros2/ws01_plumbing/src/install/base_interfaces_demo
[1.308s] Invoking command in '/home/sophia/workspace/code/ros/new_ros2/ws01_plumbing/src/build/base_interfaces_demo': CMAKE_PREFIX_PATH=/opt/ros/humble CONDA_PROMPT_MODIFIER=(base) /usr/bin/cmake --build /home/sophia/workspace/code/ros/new_ros2/ws01_plumbing/src/build/base_interfaces_demo -- -j8 -l8
[1.340s] Invoked command in '/home/sophia/workspace/code/ros/new_ros2/ws01_plumbing/src/build/base_interfaces_demo' returned '0': CMAKE_PREFIX_PATH=/opt/ros/humble CONDA_PROMPT_MODIFIER=(base) /usr/bin/cmake --build /home/sophia/workspace/code/ros/new_ros2/ws01_plumbing/src/build/base_interfaces_demo -- -j8 -l8
[1.369s] Invoking command in '/home/sophia/workspace/code/ros/new_ros2/ws01_plumbing/src/build/base_interfaces_demo': CMAKE_PREFIX_PATH=/opt/ros/humble CONDA_PROMPT_MODIFIER=(base) /usr/bin/cmake --install /home/sophia/workspace/code/ros/new_ros2/ws01_plumbing/src/build/base_interfaces_demo
[1.375s] -- Install configuration: ""
[1.375s] -- Installing: /home/sophia/workspace/code/ros/new_ros2/ws01_plumbing/src/install/base_interfaces_demo/share/ament_index/resource_index/package_run_dependencies/base_interfaces_demo
[1.376s] -- Installing: /home/sophia/workspace/code/ros/new_ros2/ws01_plumbing/src/install/base_interfaces_demo/share/ament_index/resource_index/parent_prefix_path/base_interfaces_demo
[1.376s] -- Installing: /home/sophia/workspace/code/ros/new_ros2/ws01_plumbing/src/install/base_interfaces_demo/share/base_interfaces_demo/environment/ament_prefix_path.sh
[1.376s] -- Installing: /home/sophia/workspace/code/ros/new_ros2/ws01_plumbing/src/install/base_interfaces_demo/share/base_interfaces_demo/environment/ament_prefix_path.dsv
[1.376s] -- Installing: /home/sophia/workspace/code/ros/new_ros2/ws01_plumbing/src/install/base_interfaces_demo/share/base_interfaces_demo/environment/path.sh
[1.376s] -- Installing: /home/sophia/workspace/code/ros/new_ros2/ws01_plumbing/src/install/base_interfaces_demo/share/base_interfaces_demo/environment/path.dsv
[1.376s] -- Installing: /home/sophia/workspace/code/ros/new_ros2/ws01_plumbing/src/install/base_interfaces_demo/share/base_interfaces_demo/local_setup.bash
[1.377s] -- Installing: /home/sophia/workspace/code/ros/new_ros2/ws01_plumbing/src/install/base_interfaces_demo/share/base_interfaces_demo/local_setup.sh
[1.377s] -- Installing: /home/sophia/workspace/code/ros/new_ros2/ws01_plumbing/src/install/base_interfaces_demo/share/base_interfaces_demo/local_setup.zsh
[1.377s] -- Installing: /home/sophia/workspace/code/ros/new_ros2/ws01_plumbing/src/install/base_interfaces_demo/share/base_interfaces_demo/local_setup.dsv
[1.377s] -- Installing: /home/sophia/workspace/code/ros/new_ros2/ws01_plumbing/src/install/base_interfaces_demo/share/base_interfaces_demo/package.dsv
[1.377s] -- Installing: /home/sophia/workspace/code/ros/new_ros2/ws01_plumbing/src/install/base_interfaces_demo/share/ament_index/resource_index/packages/base_interfaces_demo
[1.377s] -- Installing: /home/sophia/workspace/code/ros/new_ros2/ws01_plumbing/src/install/base_interfaces_demo/share/base_interfaces_demo/cmake/base_interfaces_demoConfig.cmake
[1.377s] -- Installing: /home/sophia/workspace/code/ros/new_ros2/ws01_plumbing/src/install/base_interfaces_demo/share/base_interfaces_demo/cmake/base_interfaces_demoConfig-version.cmake
[1.378s] -- Installing: /home/sophia/workspace/code/ros/new_ros2/ws01_plumbing/src/install/base_interfaces_demo/share/base_interfaces_demo/package.xml
[1.380s] Invoked command in '/home/sophia/workspace/code/ros/new_ros2/ws01_plumbing/src/build/base_interfaces_demo' returned '0': CMAKE_PREFIX_PATH=/opt/ros/humble CONDA_PROMPT_MODIFIER=(base) /usr/bin/cmake --install /home/sophia/workspace/code/ros/new_ros2/ws01_plumbing/src/build/base_interfaces_demo
