[0.342s] DEBUG:colcon:Command line arguments: ['/usr/bin/colcon', 'build', '--cmake-args', '-DCMAKE_EXPORT_COMPILE_COMMANDS=ON']
[0.342s] DEBUG:colcon:Parsed command line arguments: Namespace(log_base=None, log_level=None, verb_name='build', build_base='build', install_base='install', merge_install=False, symlink_install=False, test_result_base=None, continue_on_error=False, executor='parallel', parallel_workers=8, event_handlers=None, ignore_user_meta=False, metas=['./colcon.meta'], base_paths=['.'], packages_ignore=None, packages_ignore_regex=None, paths=None, packages_up_to=None, packages_up_to_regex=None, packages_above=None, packages_above_and_dependencies=None, packages_above_depth=None, packages_select_by_dep=None, packages_skip_by_dep=None, packages_skip_up_to=None, packages_select_build_failed=False, packages_skip_build_finished=False, packages_select_test_failures=False, packages_skip_test_passed=False, packages_select=None, packages_skip=None, packages_select_regex=None, packages_skip_regex=None, packages_start=None, packages_end=None, allow_overriding=[], cmake_args=['-DCMAKE_EXPORT_COMPILE_COMMANDS=ON'], cmake_target=None, cmake_target_skip_unavailable=False, cmake_clean_cache=False, cmake_clean_first=False, cmake_force_configure=False, ament_cmake_args=None, catkin_cmake_args=None, catkin_skip_building_tests=False, verb_parser=<colcon_defaults.argument_parser.defaults.DefaultArgumentsDecorator object at 0x7fa97039dfc0>, verb_extension=<colcon_core.verb.build.BuildVerb object at 0x7fa970ba7c40>, main=<bound method BuildVerb.main of <colcon_core.verb.build.BuildVerb object at 0x7fa970ba7c40>>)
[0.389s] Level 1:colcon.colcon_core.package_discovery:discover_packages(colcon_meta) check parameters
[0.389s] Level 1:colcon.colcon_core.package_discovery:discover_packages(recursive) check parameters
[0.389s] Level 1:colcon.colcon_core.package_discovery:discover_packages(ignore) check parameters
[0.389s] Level 1:colcon.colcon_core.package_discovery:discover_packages(path) check parameters
[0.389s] Level 1:colcon.colcon_core.package_discovery:discover_packages(colcon_meta) discover
[0.389s] Level 1:colcon.colcon_core.package_discovery:discover_packages(recursive) discover
[0.389s] INFO:colcon.colcon_core.package_discovery:Crawling recursively for packages in '/home/sophia/workspace/code/ros/new_ros2/ws01_plumbing'
[0.389s] Level 1:colcon.colcon_core.package_identification:_identify(.) by extensions ['ignore', 'ignore_ament_install']
[0.389s] Level 1:colcon.colcon_core.package_identification:_identify(.) by extension 'ignore'
[0.389s] Level 1:colcon.colcon_core.package_identification:_identify(.) by extension 'ignore_ament_install'
[0.389s] Level 1:colcon.colcon_core.package_identification:_identify(.) by extensions ['colcon_pkg']
[0.389s] Level 1:colcon.colcon_core.package_identification:_identify(.) by extension 'colcon_pkg'
[0.389s] Level 1:colcon.colcon_core.package_identification:_identify(.) by extensions ['colcon_meta']
[0.389s] Level 1:colcon.colcon_core.package_identification:_identify(.) by extension 'colcon_meta'
[0.389s] Level 1:colcon.colcon_core.package_identification:_identify(.) by extensions ['ros']
[0.389s] Level 1:colcon.colcon_core.package_identification:_identify(.) by extension 'ros'
[0.400s] Level 1:colcon.colcon_core.package_identification:_identify(.) by extensions ['cmake', 'python']
[0.400s] Level 1:colcon.colcon_core.package_identification:_identify(.) by extension 'cmake'
[0.400s] Level 1:colcon.colcon_core.package_identification:_identify(.) by extension 'python'
[0.400s] Level 1:colcon.colcon_core.package_identification:_identify(.) by extensions ['python_setup_py']
[0.400s] Level 1:colcon.colcon_core.package_identification:_identify(.) by extension 'python_setup_py'
[0.400s] Level 1:colcon.colcon_core.package_identification:_identify(build) by extensions ['ignore', 'ignore_ament_install']
[0.400s] Level 1:colcon.colcon_core.package_identification:_identify(build) by extension 'ignore'
[0.400s] Level 1:colcon.colcon_core.package_identification:_identify(build) ignored
[0.400s] Level 1:colcon.colcon_core.package_identification:_identify(install) by extensions ['ignore', 'ignore_ament_install']
[0.400s] Level 1:colcon.colcon_core.package_identification:_identify(install) by extension 'ignore'
[0.400s] Level 1:colcon.colcon_core.package_identification:_identify(install) ignored
[0.401s] Level 1:colcon.colcon_core.package_identification:_identify(log) by extensions ['ignore', 'ignore_ament_install']
[0.401s] Level 1:colcon.colcon_core.package_identification:_identify(log) by extension 'ignore'
[0.401s] Level 1:colcon.colcon_core.package_identification:_identify(log) ignored
[0.401s] Level 1:colcon.colcon_core.package_identification:_identify(src) by extensions ['ignore', 'ignore_ament_install']
[0.401s] Level 1:colcon.colcon_core.package_identification:_identify(src) by extension 'ignore'
[0.401s] Level 1:colcon.colcon_core.package_identification:_identify(src) by extension 'ignore_ament_install'
[0.401s] Level 1:colcon.colcon_core.package_identification:_identify(src) by extensions ['colcon_pkg']
[0.401s] Level 1:colcon.colcon_core.package_identification:_identify(src) by extension 'colcon_pkg'
[0.401s] Level 1:colcon.colcon_core.package_identification:_identify(src) by extensions ['colcon_meta']
[0.401s] Level 1:colcon.colcon_core.package_identification:_identify(src) by extension 'colcon_meta'
[0.401s] Level 1:colcon.colcon_core.package_identification:_identify(src) by extensions ['ros']
[0.401s] Level 1:colcon.colcon_core.package_identification:_identify(src) by extension 'ros'
[0.401s] Level 1:colcon.colcon_core.package_identification:_identify(src) by extensions ['cmake', 'python']
[0.401s] Level 1:colcon.colcon_core.package_identification:_identify(src) by extension 'cmake'
[0.401s] Level 1:colcon.colcon_core.package_identification:_identify(src) by extension 'python'
[0.401s] Level 1:colcon.colcon_core.package_identification:_identify(src) by extensions ['python_setup_py']
[0.401s] Level 1:colcon.colcon_core.package_identification:_identify(src) by extension 'python_setup_py'
[0.401s] Level 1:colcon.colcon_core.package_identification:_identify(src/base_interfaces_demo) by extensions ['ignore', 'ignore_ament_install']
[0.401s] Level 1:colcon.colcon_core.package_identification:_identify(src/base_interfaces_demo) by extension 'ignore'
[0.402s] Level 1:colcon.colcon_core.package_identification:_identify(src/base_interfaces_demo) by extension 'ignore_ament_install'
[0.402s] Level 1:colcon.colcon_core.package_identification:_identify(src/base_interfaces_demo) by extensions ['colcon_pkg']
[0.402s] Level 1:colcon.colcon_core.package_identification:_identify(src/base_interfaces_demo) by extension 'colcon_pkg'
[0.402s] Level 1:colcon.colcon_core.package_identification:_identify(src/base_interfaces_demo) by extensions ['colcon_meta']
[0.402s] Level 1:colcon.colcon_core.package_identification:_identify(src/base_interfaces_demo) by extension 'colcon_meta'
[0.402s] Level 1:colcon.colcon_core.package_identification:_identify(src/base_interfaces_demo) by extensions ['ros']
[0.402s] Level 1:colcon.colcon_core.package_identification:_identify(src/base_interfaces_demo) by extension 'ros'
[0.404s] DEBUG:colcon.colcon_core.package_identification:Package 'src/base_interfaces_demo' with type 'ros.ament_cmake' and name 'base_interfaces_demo'
[0.404s] Level 1:colcon.colcon_core.package_identification:_identify(src/build) by extensions ['ignore', 'ignore_ament_install']
[0.404s] Level 1:colcon.colcon_core.package_identification:_identify(src/build) by extension 'ignore'
[0.404s] Level 1:colcon.colcon_core.package_identification:_identify(src/build) ignored
[0.404s] Level 1:colcon.colcon_core.package_identification:_identify(src/cpp01_topic) by extensions ['ignore', 'ignore_ament_install']
[0.404s] Level 1:colcon.colcon_core.package_identification:_identify(src/cpp01_topic) by extension 'ignore'
[0.404s] Level 1:colcon.colcon_core.package_identification:_identify(src/cpp01_topic) by extension 'ignore_ament_install'
[0.404s] Level 1:colcon.colcon_core.package_identification:_identify(src/cpp01_topic) by extensions ['colcon_pkg']
[0.404s] Level 1:colcon.colcon_core.package_identification:_identify(src/cpp01_topic) by extension 'colcon_pkg'
[0.404s] Level 1:colcon.colcon_core.package_identification:_identify(src/cpp01_topic) by extensions ['colcon_meta']
[0.404s] Level 1:colcon.colcon_core.package_identification:_identify(src/cpp01_topic) by extension 'colcon_meta'
[0.404s] Level 1:colcon.colcon_core.package_identification:_identify(src/cpp01_topic) by extensions ['ros']
[0.404s] Level 1:colcon.colcon_core.package_identification:_identify(src/cpp01_topic) by extension 'ros'
[0.405s] DEBUG:colcon.colcon_core.package_identification:Package 'src/cpp01_topic' with type 'ros.ament_cmake' and name 'cpp01_topic'
[0.405s] Level 1:colcon.colcon_core.package_identification:_identify(src/install) by extensions ['ignore', 'ignore_ament_install']
[0.405s] Level 1:colcon.colcon_core.package_identification:_identify(src/install) by extension 'ignore'
[0.405s] Level 1:colcon.colcon_core.package_identification:_identify(src/install) ignored
[0.405s] Level 1:colcon.colcon_core.package_identification:_identify(src/log) by extensions ['ignore', 'ignore_ament_install']
[0.405s] Level 1:colcon.colcon_core.package_identification:_identify(src/log) by extension 'ignore'
[0.405s] Level 1:colcon.colcon_core.package_identification:_identify(src/log) ignored
[0.405s] Level 1:colcon.colcon_core.package_discovery:discover_packages(recursive) using defaults
[0.405s] Level 1:colcon.colcon_core.package_discovery:discover_packages(ignore) discover
[0.405s] Level 1:colcon.colcon_core.package_discovery:discover_packages(ignore) using defaults
[0.406s] Level 1:colcon.colcon_core.package_discovery:discover_packages(path) discover
[0.406s] Level 1:colcon.colcon_core.package_discovery:discover_packages(path) using defaults
[0.425s] Level 1:colcon.colcon_core.package_discovery:discover_packages(prefix_path) check parameters
[0.425s] Level 1:colcon.colcon_core.package_discovery:discover_packages(prefix_path) discover
[0.429s] DEBUG:colcon.colcon_installed_package_information.package_discovery:Found 270 installed packages in /opt/ros/humble
[0.430s] Level 1:colcon.colcon_core.package_discovery:discover_packages(prefix_path) using defaults
[0.503s] Level 5:colcon.colcon_core.verb:set package 'base_interfaces_demo' build argument 'cmake_args' from command line to '['-DCMAKE_EXPORT_COMPILE_COMMANDS=ON']'
[0.503s] Level 5:colcon.colcon_core.verb:set package 'base_interfaces_demo' build argument 'cmake_target' from command line to 'None'
[0.504s] Level 5:colcon.colcon_core.verb:set package 'base_interfaces_demo' build argument 'cmake_target_skip_unavailable' from command line to 'False'
[0.504s] Level 5:colcon.colcon_core.verb:set package 'base_interfaces_demo' build argument 'cmake_clean_cache' from command line to 'False'
[0.504s] Level 5:colcon.colcon_core.verb:set package 'base_interfaces_demo' build argument 'cmake_clean_first' from command line to 'False'
[0.504s] Level 5:colcon.colcon_core.verb:set package 'base_interfaces_demo' build argument 'cmake_force_configure' from command line to 'False'
[0.504s] Level 5:colcon.colcon_core.verb:set package 'base_interfaces_demo' build argument 'ament_cmake_args' from command line to 'None'
[0.504s] Level 5:colcon.colcon_core.verb:set package 'base_interfaces_demo' build argument 'catkin_cmake_args' from command line to 'None'
[0.504s] Level 5:colcon.colcon_core.verb:set package 'base_interfaces_demo' build argument 'catkin_skip_building_tests' from command line to 'False'
[0.504s] DEBUG:colcon.colcon_core.verb:Building package 'base_interfaces_demo' with the following arguments: {'ament_cmake_args': None, 'build_base': '/home/sophia/workspace/code/ros/new_ros2/ws01_plumbing/build/base_interfaces_demo', 'catkin_cmake_args': None, 'catkin_skip_building_tests': False, 'cmake_args': ['-DCMAKE_EXPORT_COMPILE_COMMANDS=ON'], 'cmake_clean_cache': False, 'cmake_clean_first': False, 'cmake_force_configure': False, 'cmake_target': None, 'cmake_target_skip_unavailable': False, 'install_base': '/home/sophia/workspace/code/ros/new_ros2/ws01_plumbing/install/base_interfaces_demo', 'merge_install': False, 'path': '/home/sophia/workspace/code/ros/new_ros2/ws01_plumbing/src/base_interfaces_demo', 'symlink_install': False, 'test_result_base': None}
[0.505s] Level 5:colcon.colcon_core.verb:set package 'cpp01_topic' build argument 'cmake_args' from command line to '['-DCMAKE_EXPORT_COMPILE_COMMANDS=ON']'
[0.505s] Level 5:colcon.colcon_core.verb:set package 'cpp01_topic' build argument 'cmake_target' from command line to 'None'
[0.505s] Level 5:colcon.colcon_core.verb:set package 'cpp01_topic' build argument 'cmake_target_skip_unavailable' from command line to 'False'
[0.505s] Level 5:colcon.colcon_core.verb:set package 'cpp01_topic' build argument 'cmake_clean_cache' from command line to 'False'
[0.505s] Level 5:colcon.colcon_core.verb:set package 'cpp01_topic' build argument 'cmake_clean_first' from command line to 'False'
[0.506s] Level 5:colcon.colcon_core.verb:set package 'cpp01_topic' build argument 'cmake_force_configure' from command line to 'False'
[0.506s] Level 5:colcon.colcon_core.verb:set package 'cpp01_topic' build argument 'ament_cmake_args' from command line to 'None'
[0.506s] Level 5:colcon.colcon_core.verb:set package 'cpp01_topic' build argument 'catkin_cmake_args' from command line to 'None'
[0.506s] Level 5:colcon.colcon_core.verb:set package 'cpp01_topic' build argument 'catkin_skip_building_tests' from command line to 'False'
[0.506s] DEBUG:colcon.colcon_core.verb:Building package 'cpp01_topic' with the following arguments: {'ament_cmake_args': None, 'build_base': '/home/sophia/workspace/code/ros/new_ros2/ws01_plumbing/build/cpp01_topic', 'catkin_cmake_args': None, 'catkin_skip_building_tests': False, 'cmake_args': ['-DCMAKE_EXPORT_COMPILE_COMMANDS=ON'], 'cmake_clean_cache': False, 'cmake_clean_first': False, 'cmake_force_configure': False, 'cmake_target': None, 'cmake_target_skip_unavailable': False, 'install_base': '/home/sophia/workspace/code/ros/new_ros2/ws01_plumbing/install/cpp01_topic', 'merge_install': False, 'path': '/home/sophia/workspace/code/ros/new_ros2/ws01_plumbing/src/cpp01_topic', 'symlink_install': False, 'test_result_base': None}
[0.507s] INFO:colcon.colcon_core.executor:Executing jobs using 'parallel' executor
[0.511s] DEBUG:colcon.colcon_parallel_executor.executor.parallel:run_until_complete
[0.511s] INFO:colcon.colcon_ros.task.ament_cmake.build:Building ROS package in '/home/sophia/workspace/code/ros/new_ros2/ws01_plumbing/src/base_interfaces_demo' with build type 'ament_cmake'
[0.511s] INFO:colcon.colcon_cmake.task.cmake.build:Building CMake package in '/home/sophia/workspace/code/ros/new_ros2/ws01_plumbing/src/base_interfaces_demo'
[0.517s] INFO:colcon.colcon_core.plugin_system:Skipping extension 'colcon_core.shell.bat': Not used on non-Windows systems
[0.517s] INFO:colcon.colcon_core.shell:Skip shell extension 'powershell' for command environment: Not usable outside of PowerShell
[0.517s] DEBUG:colcon.colcon_core.shell:Skip shell extension 'dsv' for command environment
[0.527s] DEBUG:colcon.colcon_core.event_handler.log_command:Invoking command in '/home/sophia/workspace/code/ros/new_ros2/ws01_plumbing/build/base_interfaces_demo': CMAKE_PREFIX_PATH=/opt/ros/humble CONDA_PROMPT_MODIFIER=(base) /usr/bin/cmake /home/sophia/workspace/code/ros/new_ros2/ws01_plumbing/src/base_interfaces_demo -DCMAKE_EXPORT_COMPILE_COMMANDS=ON -DCMAKE_INSTALL_PREFIX=/home/sophia/workspace/code/ros/new_ros2/ws01_plumbing/install/base_interfaces_demo
[1.313s] DEBUG:colcon.colcon_core.event_handler.log_command:Invoked command in '/home/sophia/workspace/code/ros/new_ros2/ws01_plumbing/build/base_interfaces_demo' returned '0': CMAKE_PREFIX_PATH=/opt/ros/humble CONDA_PROMPT_MODIFIER=(base) /usr/bin/cmake /home/sophia/workspace/code/ros/new_ros2/ws01_plumbing/src/base_interfaces_demo -DCMAKE_EXPORT_COMPILE_COMMANDS=ON -DCMAKE_INSTALL_PREFIX=/home/sophia/workspace/code/ros/new_ros2/ws01_plumbing/install/base_interfaces_demo
[1.315s] DEBUG:colcon.colcon_core.event_handler.log_command:Invoking command in '/home/sophia/workspace/code/ros/new_ros2/ws01_plumbing/build/base_interfaces_demo': CMAKE_PREFIX_PATH=/opt/ros/humble CONDA_PROMPT_MODIFIER=(base) /usr/bin/cmake --build /home/sophia/workspace/code/ros/new_ros2/ws01_plumbing/build/base_interfaces_demo -- -j8 -l8
[1.349s] DEBUG:colcon.colcon_core.event_handler.log_command:Invoked command in '/home/sophia/workspace/code/ros/new_ros2/ws01_plumbing/build/base_interfaces_demo' returned '0': CMAKE_PREFIX_PATH=/opt/ros/humble CONDA_PROMPT_MODIFIER=(base) /usr/bin/cmake --build /home/sophia/workspace/code/ros/new_ros2/ws01_plumbing/build/base_interfaces_demo -- -j8 -l8
[1.379s] DEBUG:colcon.colcon_core.event_handler.log_command:Invoking command in '/home/sophia/workspace/code/ros/new_ros2/ws01_plumbing/build/base_interfaces_demo': CMAKE_PREFIX_PATH=/opt/ros/humble CONDA_PROMPT_MODIFIER=(base) /usr/bin/cmake --install /home/sophia/workspace/code/ros/new_ros2/ws01_plumbing/build/base_interfaces_demo
[1.391s] Level 1:colcon.colcon_core.environment:create_environment_scripts_only(base_interfaces_demo)
[1.392s] DEBUG:colcon.colcon_core.event_handler.log_command:Invoked command in '/home/sophia/workspace/code/ros/new_ros2/ws01_plumbing/build/base_interfaces_demo' returned '0': CMAKE_PREFIX_PATH=/opt/ros/humble CONDA_PROMPT_MODIFIER=(base) /usr/bin/cmake --install /home/sophia/workspace/code/ros/new_ros2/ws01_plumbing/build/base_interfaces_demo
[1.396s] Level 1:colcon.colcon_core.environment:checking '/home/sophia/workspace/code/ros/new_ros2/ws01_plumbing/install/base_interfaces_demo' for CMake module files
[1.397s] Level 1:colcon.colcon_core.environment:checking '/home/sophia/workspace/code/ros/new_ros2/ws01_plumbing/install/base_interfaces_demo' for CMake config files
[1.397s] Level 1:colcon.colcon_core.shell:create_environment_hook('base_interfaces_demo', 'cmake_prefix_path')
[1.398s] INFO:colcon.colcon_core.shell:Creating environment hook '/home/sophia/workspace/code/ros/new_ros2/ws01_plumbing/install/base_interfaces_demo/share/base_interfaces_demo/hook/cmake_prefix_path.ps1'
[1.399s] INFO:colcon.colcon_core.shell:Creating environment descriptor '/home/sophia/workspace/code/ros/new_ros2/ws01_plumbing/install/base_interfaces_demo/share/base_interfaces_demo/hook/cmake_prefix_path.dsv'
[1.399s] INFO:colcon.colcon_core.shell:Creating environment hook '/home/sophia/workspace/code/ros/new_ros2/ws01_plumbing/install/base_interfaces_demo/share/base_interfaces_demo/hook/cmake_prefix_path.sh'
[1.400s] Level 1:colcon.colcon_core.environment:checking '/home/sophia/workspace/code/ros/new_ros2/ws01_plumbing/install/base_interfaces_demo/bin'
[1.400s] Level 1:colcon.colcon_core.environment:checking '/home/sophia/workspace/code/ros/new_ros2/ws01_plumbing/install/base_interfaces_demo/lib/pkgconfig/base_interfaces_demo.pc'
[1.400s] Level 1:colcon.colcon_core.environment:checking '/home/sophia/workspace/code/ros/new_ros2/ws01_plumbing/install/base_interfaces_demo/lib/python3.10/site-packages'
[1.400s] Level 1:colcon.colcon_core.environment:checking '/home/sophia/workspace/code/ros/new_ros2/ws01_plumbing/install/base_interfaces_demo/bin'
[1.401s] INFO:colcon.colcon_core.shell:Creating package script '/home/sophia/workspace/code/ros/new_ros2/ws01_plumbing/install/base_interfaces_demo/share/base_interfaces_demo/package.ps1'
[1.402s] INFO:colcon.colcon_core.shell:Creating package descriptor '/home/sophia/workspace/code/ros/new_ros2/ws01_plumbing/install/base_interfaces_demo/share/base_interfaces_demo/package.dsv'
[1.402s] INFO:colcon.colcon_core.shell:Creating package script '/home/sophia/workspace/code/ros/new_ros2/ws01_plumbing/install/base_interfaces_demo/share/base_interfaces_demo/package.sh'
[1.403s] INFO:colcon.colcon_core.shell:Creating package script '/home/sophia/workspace/code/ros/new_ros2/ws01_plumbing/install/base_interfaces_demo/share/base_interfaces_demo/package.bash'
[1.403s] INFO:colcon.colcon_core.shell:Creating package script '/home/sophia/workspace/code/ros/new_ros2/ws01_plumbing/install/base_interfaces_demo/share/base_interfaces_demo/package.zsh'
[1.404s] Level 1:colcon.colcon_core.environment:create_file_with_runtime_dependencies(/home/sophia/workspace/code/ros/new_ros2/ws01_plumbing/install/base_interfaces_demo/share/colcon-core/packages/base_interfaces_demo)
[1.425s] Level 1:colcon.colcon_core.environment:create_environment_scripts_only(base_interfaces_demo)
[1.428s] Level 1:colcon.colcon_core.environment:checking '/home/sophia/workspace/code/ros/new_ros2/ws01_plumbing/install/base_interfaces_demo' for CMake module files
[1.428s] Level 1:colcon.colcon_core.environment:checking '/home/sophia/workspace/code/ros/new_ros2/ws01_plumbing/install/base_interfaces_demo' for CMake config files
[1.429s] Level 1:colcon.colcon_core.shell:create_environment_hook('base_interfaces_demo', 'cmake_prefix_path')
[1.430s] INFO:colcon.colcon_core.shell:Creating environment hook '/home/sophia/workspace/code/ros/new_ros2/ws01_plumbing/install/base_interfaces_demo/share/base_interfaces_demo/hook/cmake_prefix_path.ps1'
[1.430s] INFO:colcon.colcon_core.shell:Creating environment descriptor '/home/sophia/workspace/code/ros/new_ros2/ws01_plumbing/install/base_interfaces_demo/share/base_interfaces_demo/hook/cmake_prefix_path.dsv'
[1.431s] INFO:colcon.colcon_core.shell:Creating environment hook '/home/sophia/workspace/code/ros/new_ros2/ws01_plumbing/install/base_interfaces_demo/share/base_interfaces_demo/hook/cmake_prefix_path.sh'
[1.431s] Level 1:colcon.colcon_core.environment:checking '/home/sophia/workspace/code/ros/new_ros2/ws01_plumbing/install/base_interfaces_demo/bin'
[1.431s] Level 1:colcon.colcon_core.environment:checking '/home/sophia/workspace/code/ros/new_ros2/ws01_plumbing/install/base_interfaces_demo/lib/pkgconfig/base_interfaces_demo.pc'
[1.432s] Level 1:colcon.colcon_core.environment:checking '/home/sophia/workspace/code/ros/new_ros2/ws01_plumbing/install/base_interfaces_demo/lib/python3.10/site-packages'
[1.432s] Level 1:colcon.colcon_core.environment:checking '/home/sophia/workspace/code/ros/new_ros2/ws01_plumbing/install/base_interfaces_demo/bin'
[1.434s] INFO:colcon.colcon_core.shell:Creating package script '/home/sophia/workspace/code/ros/new_ros2/ws01_plumbing/install/base_interfaces_demo/share/base_interfaces_demo/package.ps1'
[1.434s] INFO:colcon.colcon_core.shell:Creating package descriptor '/home/sophia/workspace/code/ros/new_ros2/ws01_plumbing/install/base_interfaces_demo/share/base_interfaces_demo/package.dsv'
[1.435s] INFO:colcon.colcon_core.shell:Creating package script '/home/sophia/workspace/code/ros/new_ros2/ws01_plumbing/install/base_interfaces_demo/share/base_interfaces_demo/package.sh'
[1.435s] INFO:colcon.colcon_core.shell:Creating package script '/home/sophia/workspace/code/ros/new_ros2/ws01_plumbing/install/base_interfaces_demo/share/base_interfaces_demo/package.bash'
[1.435s] INFO:colcon.colcon_core.shell:Creating package script '/home/sophia/workspace/code/ros/new_ros2/ws01_plumbing/install/base_interfaces_demo/share/base_interfaces_demo/package.zsh'
[1.435s] Level 1:colcon.colcon_core.environment:create_file_with_runtime_dependencies(/home/sophia/workspace/code/ros/new_ros2/ws01_plumbing/install/base_interfaces_demo/share/colcon-core/packages/base_interfaces_demo)
[1.436s] INFO:colcon.colcon_ros.task.ament_cmake.build:Building ROS package in '/home/sophia/workspace/code/ros/new_ros2/ws01_plumbing/src/cpp01_topic' with build type 'ament_cmake'
[1.436s] INFO:colcon.colcon_cmake.task.cmake.build:Building CMake package in '/home/sophia/workspace/code/ros/new_ros2/ws01_plumbing/src/cpp01_topic'
[1.437s] INFO:colcon.colcon_core.shell:Skip shell extension 'powershell' for command environment: Not usable outside of PowerShell
[1.437s] DEBUG:colcon.colcon_core.shell:Skip shell extension 'dsv' for command environment
[1.445s] DEBUG:colcon.colcon_core.event_handler.log_command:Invoking command in '/home/sophia/workspace/code/ros/new_ros2/ws01_plumbing/build/cpp01_topic': AMENT_PREFIX_PATH=/home/sophia/workspace/code/ros/new_ros2/ws01_plumbing/install/base_interfaces_demo:${AMENT_PREFIX_PATH} CMAKE_PREFIX_PATH=/home/sophia/workspace/code/ros/new_ros2/ws01_plumbing/install/base_interfaces_demo:/opt/ros/humble CONDA_PROMPT_MODIFIER=(base) /usr/bin/cmake /home/sophia/workspace/code/ros/new_ros2/ws01_plumbing/src/cpp01_topic -DCMAKE_EXPORT_COMPILE_COMMANDS=ON -DCMAKE_INSTALL_PREFIX=/home/sophia/workspace/code/ros/new_ros2/ws01_plumbing/install/cpp01_topic
[2.761s] DEBUG:colcon.colcon_core.event_handler.log_command:Invoked command in '/home/sophia/workspace/code/ros/new_ros2/ws01_plumbing/build/cpp01_topic' returned '0': AMENT_PREFIX_PATH=/home/sophia/workspace/code/ros/new_ros2/ws01_plumbing/install/base_interfaces_demo:${AMENT_PREFIX_PATH} CMAKE_PREFIX_PATH=/home/sophia/workspace/code/ros/new_ros2/ws01_plumbing/install/base_interfaces_demo:/opt/ros/humble CONDA_PROMPT_MODIFIER=(base) /usr/bin/cmake /home/sophia/workspace/code/ros/new_ros2/ws01_plumbing/src/cpp01_topic -DCMAKE_EXPORT_COMPILE_COMMANDS=ON -DCMAKE_INSTALL_PREFIX=/home/sophia/workspace/code/ros/new_ros2/ws01_plumbing/install/cpp01_topic
[2.763s] DEBUG:colcon.colcon_core.event_handler.log_command:Invoking command in '/home/sophia/workspace/code/ros/new_ros2/ws01_plumbing/build/cpp01_topic': AMENT_PREFIX_PATH=/home/sophia/workspace/code/ros/new_ros2/ws01_plumbing/install/base_interfaces_demo:${AMENT_PREFIX_PATH} CMAKE_PREFIX_PATH=/home/sophia/workspace/code/ros/new_ros2/ws01_plumbing/install/base_interfaces_demo:/opt/ros/humble CONDA_PROMPT_MODIFIER=(base) /usr/bin/cmake --build /home/sophia/workspace/code/ros/new_ros2/ws01_plumbing/build/cpp01_topic -- -j8 -l8
[5.982s] DEBUG:colcon.colcon_core.event_handler.log_command:Invoked command in '/home/sophia/workspace/code/ros/new_ros2/ws01_plumbing/build/cpp01_topic' returned '0': AMENT_PREFIX_PATH=/home/sophia/workspace/code/ros/new_ros2/ws01_plumbing/install/base_interfaces_demo:${AMENT_PREFIX_PATH} CMAKE_PREFIX_PATH=/home/sophia/workspace/code/ros/new_ros2/ws01_plumbing/install/base_interfaces_demo:/opt/ros/humble CONDA_PROMPT_MODIFIER=(base) /usr/bin/cmake --build /home/sophia/workspace/code/ros/new_ros2/ws01_plumbing/build/cpp01_topic -- -j8 -l8
[6.004s] DEBUG:colcon.colcon_core.event_handler.log_command:Invoking command in '/home/sophia/workspace/code/ros/new_ros2/ws01_plumbing/build/cpp01_topic': AMENT_PREFIX_PATH=/home/sophia/workspace/code/ros/new_ros2/ws01_plumbing/install/base_interfaces_demo:${AMENT_PREFIX_PATH} CMAKE_PREFIX_PATH=/home/sophia/workspace/code/ros/new_ros2/ws01_plumbing/install/base_interfaces_demo:/opt/ros/humble CONDA_PROMPT_MODIFIER=(base) /usr/bin/cmake --install /home/sophia/workspace/code/ros/new_ros2/ws01_plumbing/build/cpp01_topic
[6.014s] Level 1:colcon.colcon_core.environment:create_environment_scripts_only(cpp01_topic)
[6.017s] Level 1:colcon.colcon_core.environment:checking '/home/sophia/workspace/code/ros/new_ros2/ws01_plumbing/install/cpp01_topic' for CMake module files
[6.018s] DEBUG:colcon.colcon_core.event_handler.log_command:Invoked command in '/home/sophia/workspace/code/ros/new_ros2/ws01_plumbing/build/cpp01_topic' returned '0': AMENT_PREFIX_PATH=/home/sophia/workspace/code/ros/new_ros2/ws01_plumbing/install/base_interfaces_demo:${AMENT_PREFIX_PATH} CMAKE_PREFIX_PATH=/home/sophia/workspace/code/ros/new_ros2/ws01_plumbing/install/base_interfaces_demo:/opt/ros/humble CONDA_PROMPT_MODIFIER=(base) /usr/bin/cmake --install /home/sophia/workspace/code/ros/new_ros2/ws01_plumbing/build/cpp01_topic
[6.018s] Level 1:colcon.colcon_core.environment:checking '/home/sophia/workspace/code/ros/new_ros2/ws01_plumbing/install/cpp01_topic' for CMake config files
[6.018s] Level 1:colcon.colcon_core.shell:create_environment_hook('cpp01_topic', 'cmake_prefix_path')
[6.019s] INFO:colcon.colcon_core.shell:Creating environment hook '/home/sophia/workspace/code/ros/new_ros2/ws01_plumbing/install/cpp01_topic/share/cpp01_topic/hook/cmake_prefix_path.ps1'
[6.020s] INFO:colcon.colcon_core.shell:Creating environment descriptor '/home/sophia/workspace/code/ros/new_ros2/ws01_plumbing/install/cpp01_topic/share/cpp01_topic/hook/cmake_prefix_path.dsv'
[6.020s] INFO:colcon.colcon_core.shell:Creating environment hook '/home/sophia/workspace/code/ros/new_ros2/ws01_plumbing/install/cpp01_topic/share/cpp01_topic/hook/cmake_prefix_path.sh'
[6.020s] Level 1:colcon.colcon_core.environment:checking '/home/sophia/workspace/code/ros/new_ros2/ws01_plumbing/install/cpp01_topic/lib'
[6.020s] Level 1:colcon.colcon_core.environment:checking '/home/sophia/workspace/code/ros/new_ros2/ws01_plumbing/install/cpp01_topic/bin'
[6.021s] Level 1:colcon.colcon_core.environment:checking '/home/sophia/workspace/code/ros/new_ros2/ws01_plumbing/install/cpp01_topic/lib/pkgconfig/cpp01_topic.pc'
[6.021s] Level 1:colcon.colcon_core.environment:checking '/home/sophia/workspace/code/ros/new_ros2/ws01_plumbing/install/cpp01_topic/lib/python3.10/site-packages'
[6.021s] Level 1:colcon.colcon_core.environment:checking '/home/sophia/workspace/code/ros/new_ros2/ws01_plumbing/install/cpp01_topic/bin'
[6.022s] INFO:colcon.colcon_core.shell:Creating package script '/home/sophia/workspace/code/ros/new_ros2/ws01_plumbing/install/cpp01_topic/share/cpp01_topic/package.ps1'
[6.022s] INFO:colcon.colcon_core.shell:Creating package descriptor '/home/sophia/workspace/code/ros/new_ros2/ws01_plumbing/install/cpp01_topic/share/cpp01_topic/package.dsv'
[6.023s] INFO:colcon.colcon_core.shell:Creating package script '/home/sophia/workspace/code/ros/new_ros2/ws01_plumbing/install/cpp01_topic/share/cpp01_topic/package.sh'
[6.023s] INFO:colcon.colcon_core.shell:Creating package script '/home/sophia/workspace/code/ros/new_ros2/ws01_plumbing/install/cpp01_topic/share/cpp01_topic/package.bash'
[6.023s] INFO:colcon.colcon_core.shell:Creating package script '/home/sophia/workspace/code/ros/new_ros2/ws01_plumbing/install/cpp01_topic/share/cpp01_topic/package.zsh'
[6.024s] Level 1:colcon.colcon_core.environment:create_file_with_runtime_dependencies(/home/sophia/workspace/code/ros/new_ros2/ws01_plumbing/install/cpp01_topic/share/colcon-core/packages/cpp01_topic)
[6.047s] Level 1:colcon.colcon_core.environment:create_environment_scripts_only(cpp01_topic)
[6.049s] Level 1:colcon.colcon_core.environment:checking '/home/sophia/workspace/code/ros/new_ros2/ws01_plumbing/install/cpp01_topic' for CMake module files
[6.050s] Level 1:colcon.colcon_core.environment:checking '/home/sophia/workspace/code/ros/new_ros2/ws01_plumbing/install/cpp01_topic' for CMake config files
[6.050s] Level 1:colcon.colcon_core.shell:create_environment_hook('cpp01_topic', 'cmake_prefix_path')
[6.051s] INFO:colcon.colcon_core.shell:Creating environment hook '/home/sophia/workspace/code/ros/new_ros2/ws01_plumbing/install/cpp01_topic/share/cpp01_topic/hook/cmake_prefix_path.ps1'
[6.051s] INFO:colcon.colcon_core.shell:Creating environment descriptor '/home/sophia/workspace/code/ros/new_ros2/ws01_plumbing/install/cpp01_topic/share/cpp01_topic/hook/cmake_prefix_path.dsv'
[6.052s] INFO:colcon.colcon_core.shell:Creating environment hook '/home/sophia/workspace/code/ros/new_ros2/ws01_plumbing/install/cpp01_topic/share/cpp01_topic/hook/cmake_prefix_path.sh'
[6.053s] Level 1:colcon.colcon_core.environment:checking '/home/sophia/workspace/code/ros/new_ros2/ws01_plumbing/install/cpp01_topic/lib'
[6.053s] Level 1:colcon.colcon_core.environment:checking '/home/sophia/workspace/code/ros/new_ros2/ws01_plumbing/install/cpp01_topic/bin'
[6.053s] Level 1:colcon.colcon_core.environment:checking '/home/sophia/workspace/code/ros/new_ros2/ws01_plumbing/install/cpp01_topic/lib/pkgconfig/cpp01_topic.pc'
[6.054s] Level 1:colcon.colcon_core.environment:checking '/home/sophia/workspace/code/ros/new_ros2/ws01_plumbing/install/cpp01_topic/lib/python3.10/site-packages'
[6.054s] Level 1:colcon.colcon_core.environment:checking '/home/sophia/workspace/code/ros/new_ros2/ws01_plumbing/install/cpp01_topic/bin'
[6.055s] INFO:colcon.colcon_core.shell:Creating package script '/home/sophia/workspace/code/ros/new_ros2/ws01_plumbing/install/cpp01_topic/share/cpp01_topic/package.ps1'
[6.055s] INFO:colcon.colcon_core.shell:Creating package descriptor '/home/sophia/workspace/code/ros/new_ros2/ws01_plumbing/install/cpp01_topic/share/cpp01_topic/package.dsv'
[6.056s] INFO:colcon.colcon_core.shell:Creating package script '/home/sophia/workspace/code/ros/new_ros2/ws01_plumbing/install/cpp01_topic/share/cpp01_topic/package.sh'
[6.056s] INFO:colcon.colcon_core.shell:Creating package script '/home/sophia/workspace/code/ros/new_ros2/ws01_plumbing/install/cpp01_topic/share/cpp01_topic/package.bash'
[6.057s] INFO:colcon.colcon_core.shell:Creating package script '/home/sophia/workspace/code/ros/new_ros2/ws01_plumbing/install/cpp01_topic/share/cpp01_topic/package.zsh'
[6.057s] Level 1:colcon.colcon_core.environment:create_file_with_runtime_dependencies(/home/sophia/workspace/code/ros/new_ros2/ws01_plumbing/install/cpp01_topic/share/colcon-core/packages/cpp01_topic)
[6.057s] DEBUG:colcon.colcon_parallel_executor.executor.parallel:closing loop
[6.058s] DEBUG:colcon.colcon_parallel_executor.executor.parallel:loop closed
[6.058s] DEBUG:colcon.colcon_parallel_executor.executor.parallel:run_until_complete finished with '0'
[6.058s] DEBUG:colcon.colcon_core.event_reactor:joining thread
[6.063s] INFO:colcon.colcon_core.plugin_system:Skipping extension 'colcon_notification.desktop_notification.terminal_notifier': Not used on non-Darwin systems
[6.063s] INFO:colcon.colcon_core.plugin_system:Skipping extension 'colcon_notification.desktop_notification.win32': Not used on non-Windows systems
[6.063s] INFO:colcon.colcon_notification.desktop_notification:Sending desktop notification using 'notify2'
[6.079s] DEBUG:colcon.colcon_core.event_reactor:joined thread
[6.081s] INFO:colcon.colcon_core.shell:Creating prefix script '/home/sophia/workspace/code/ros/new_ros2/ws01_plumbing/install/local_setup.ps1'
[6.082s] INFO:colcon.colcon_core.shell:Creating prefix util module '/home/sophia/workspace/code/ros/new_ros2/ws01_plumbing/install/_local_setup_util_ps1.py'
[6.084s] INFO:colcon.colcon_core.shell:Creating prefix chain script '/home/sophia/workspace/code/ros/new_ros2/ws01_plumbing/install/setup.ps1'
[6.085s] INFO:colcon.colcon_core.shell:Creating prefix script '/home/sophia/workspace/code/ros/new_ros2/ws01_plumbing/install/local_setup.sh'
[6.086s] INFO:colcon.colcon_core.shell:Creating prefix util module '/home/sophia/workspace/code/ros/new_ros2/ws01_plumbing/install/_local_setup_util_sh.py'
[6.087s] INFO:colcon.colcon_core.shell:Creating prefix chain script '/home/sophia/workspace/code/ros/new_ros2/ws01_plumbing/install/setup.sh'
[6.088s] INFO:colcon.colcon_core.shell:Creating prefix script '/home/sophia/workspace/code/ros/new_ros2/ws01_plumbing/install/local_setup.bash'
[6.089s] INFO:colcon.colcon_core.shell:Creating prefix chain script '/home/sophia/workspace/code/ros/new_ros2/ws01_plumbing/install/setup.bash'
[6.090s] INFO:colcon.colcon_core.shell:Creating prefix script '/home/sophia/workspace/code/ros/new_ros2/ws01_plumbing/install/local_setup.zsh'
[6.090s] INFO:colcon.colcon_core.shell:Creating prefix chain script '/home/sophia/workspace/code/ros/new_ros2/ws01_plumbing/install/setup.zsh'
