[0.049s] Invoking command in '/home/sophia/workspace/code/ros/new_ros2/ws00_helloworld/build/pkg01_hellowrold_cpp': CMAKE_PREFIX_PATH=/opt/ros/humble CONDA_PROMPT_MODIFIER=(base) /usr/bin/cmake /home/sophia/workspace/code/ros/new_ros2/ws00_helloworld/src/pkg01_hellowrold_cpp -DCMAKE_INSTALL_PREFIX=/home/sophia/workspace/code/ros/new_ros2/ws00_helloworld/install/pkg01_hellowrold_cpp
[0.609s] -- Found ament_cmake: 1.3.3 (/opt/ros/humble/share/ament_cmake/cmake)
[0.753s] -- Found rclcpp: 16.0.3 (/opt/ros/humble/share/rclcpp/cmake)
[0.784s] -- Found rosidl_generator_c: 3.1.4 (/opt/ros/humble/share/rosidl_generator_c/cmake)
[0.786s] -- Found rosidl_adapter: 3.1.4 (/opt/ros/humble/share/rosidl_adapter/cmake)
[0.793s] -- Found rosidl_generator_cpp: 3.1.4 (/opt/ros/humble/share/rosidl_generator_cpp/cmake)
[0.803s] -- Using all available rosidl_typesupport_c: rosidl_typesupport_fastrtps_c;rosidl_typesupport_introspection_c
[0.825s] -- Using all available rosidl_typesupport_cpp: rosidl_typesupport_fastrtps_cpp;rosidl_typesupport_introspection_cpp
[0.894s] -- Found rmw_implementation_cmake: 6.1.1 (/opt/ros/humble/share/rmw_implementation_cmake/cmake)
[0.895s] -- Found rmw_fastrtps_cpp: 6.2.2 (/opt/ros/humble/share/rmw_fastrtps_cpp/cmake)
[1.085s] -- Using RMW implementation 'rmw_fastrtps_cpp' as default
[1.266s] -- Found ament_lint_auto: 0.12.5 (/opt/ros/humble/share/ament_lint_auto/cmake)
[1.341s] -- Added test 'cppcheck' to perform static code analysis on C / C++ code
[1.341s] -- Configured cppcheck include dirs: $<BUILD_INTERFACE:/home/sophia/workspace/code/ros/new_ros2/ws00_helloworld/src/pkg01_hellowrold_cpp/include>
[1.341s] -- Configured cppcheck exclude dirs and/or files: 
[1.342s] -- Added test 'lint_cmake' to check CMake code style
[1.342s] -- Added test 'uncrustify' to check C / C++ code style
[1.342s] -- Configured uncrustify additional arguments: 
[1.343s] -- Added test 'xmllint' to check XML markup files
[1.343s] -- Configuring done
[1.382s] -- Generating done
[1.390s] -- Build files have been written to: /home/sophia/workspace/code/ros/new_ros2/ws00_helloworld/build/pkg01_hellowrold_cpp
[1.435s] Invoked command in '/home/sophia/workspace/code/ros/new_ros2/ws00_helloworld/build/pkg01_hellowrold_cpp' returned '0': CMAKE_PREFIX_PATH=/opt/ros/humble CONDA_PROMPT_MODIFIER=(base) /usr/bin/cmake /home/sophia/workspace/code/ros/new_ros2/ws00_helloworld/src/pkg01_hellowrold_cpp -DCMAKE_INSTALL_PREFIX=/home/sophia/workspace/code/ros/new_ros2/ws00_helloworld/install/pkg01_hellowrold_cpp
[1.436s] Invoking command in '/home/sophia/workspace/code/ros/new_ros2/ws00_helloworld/build/pkg01_hellowrold_cpp': CMAKE_PREFIX_PATH=/opt/ros/humble CONDA_PROMPT_MODIFIER=(base) /usr/bin/cmake --build /home/sophia/workspace/code/ros/new_ros2/ws00_helloworld/build/pkg01_hellowrold_cpp -- -j8 -l8
[1.481s] [35m[1mConsolidate compiler generated dependencies of target helloworld[0m
[1.498s] [100%] Built target helloworld
[1.507s] Invoked command in '/home/sophia/workspace/code/ros/new_ros2/ws00_helloworld/build/pkg01_hellowrold_cpp' returned '0': CMAKE_PREFIX_PATH=/opt/ros/humble CONDA_PROMPT_MODIFIER=(base) /usr/bin/cmake --build /home/sophia/workspace/code/ros/new_ros2/ws00_helloworld/build/pkg01_hellowrold_cpp -- -j8 -l8
[1.536s] Invoking command in '/home/sophia/workspace/code/ros/new_ros2/ws00_helloworld/build/pkg01_hellowrold_cpp': CMAKE_PREFIX_PATH=/opt/ros/humble CONDA_PROMPT_MODIFIER=(base) /usr/bin/cmake --install /home/sophia/workspace/code/ros/new_ros2/ws00_helloworld/build/pkg01_hellowrold_cpp
[1.543s] -- Install configuration: ""
[1.543s] -- Up-to-date: /home/sophia/workspace/code/ros/new_ros2/ws00_helloworld/install/pkg01_hellowrold_cpp/lib/pkg01_hellowrold_cpp/helloworld
[1.543s] -- Up-to-date: /home/sophia/workspace/code/ros/new_ros2/ws00_helloworld/install/pkg01_hellowrold_cpp/share/ament_index/resource_index/package_run_dependencies/pkg01_hellowrold_cpp
[1.543s] -- Installing: /home/sophia/workspace/code/ros/new_ros2/ws00_helloworld/install/pkg01_hellowrold_cpp/share/ament_index/resource_index/parent_prefix_path/pkg01_hellowrold_cpp
[1.544s] -- Up-to-date: /home/sophia/workspace/code/ros/new_ros2/ws00_helloworld/install/pkg01_hellowrold_cpp/share/pkg01_hellowrold_cpp/environment/ament_prefix_path.sh
[1.544s] -- Installing: /home/sophia/workspace/code/ros/new_ros2/ws00_helloworld/install/pkg01_hellowrold_cpp/share/pkg01_hellowrold_cpp/environment/ament_prefix_path.dsv
[1.544s] -- Up-to-date: /home/sophia/workspace/code/ros/new_ros2/ws00_helloworld/install/pkg01_hellowrold_cpp/share/pkg01_hellowrold_cpp/environment/path.sh
[1.544s] -- Installing: /home/sophia/workspace/code/ros/new_ros2/ws00_helloworld/install/pkg01_hellowrold_cpp/share/pkg01_hellowrold_cpp/environment/path.dsv
[1.544s] -- Up-to-date: /home/sophia/workspace/code/ros/new_ros2/ws00_helloworld/install/pkg01_hellowrold_cpp/share/pkg01_hellowrold_cpp/local_setup.bash
[1.544s] -- Up-to-date: /home/sophia/workspace/code/ros/new_ros2/ws00_helloworld/install/pkg01_hellowrold_cpp/share/pkg01_hellowrold_cpp/local_setup.sh
[1.545s] -- Up-to-date: /home/sophia/workspace/code/ros/new_ros2/ws00_helloworld/install/pkg01_hellowrold_cpp/share/pkg01_hellowrold_cpp/local_setup.zsh
[1.545s] -- Installing: /home/sophia/workspace/code/ros/new_ros2/ws00_helloworld/install/pkg01_hellowrold_cpp/share/pkg01_hellowrold_cpp/local_setup.dsv
[1.545s] -- Installing: /home/sophia/workspace/code/ros/new_ros2/ws00_helloworld/install/pkg01_hellowrold_cpp/share/pkg01_hellowrold_cpp/package.dsv
[1.545s] -- Up-to-date: /home/sophia/workspace/code/ros/new_ros2/ws00_helloworld/install/pkg01_hellowrold_cpp/share/ament_index/resource_index/packages/pkg01_hellowrold_cpp
[1.545s] -- Up-to-date: /home/sophia/workspace/code/ros/new_ros2/ws00_helloworld/install/pkg01_hellowrold_cpp/share/pkg01_hellowrold_cpp/cmake/pkg01_hellowrold_cppConfig.cmake
[1.545s] -- Up-to-date: /home/sophia/workspace/code/ros/new_ros2/ws00_helloworld/install/pkg01_hellowrold_cpp/share/pkg01_hellowrold_cpp/cmake/pkg01_hellowrold_cppConfig-version.cmake
[1.545s] -- Up-to-date: /home/sophia/workspace/code/ros/new_ros2/ws00_helloworld/install/pkg01_hellowrold_cpp/share/pkg01_hellowrold_cpp/package.xml
[1.548s] Invoked command in '/home/sophia/workspace/code/ros/new_ros2/ws00_helloworld/build/pkg01_hellowrold_cpp' returned '0': CMAKE_PREFIX_PATH=/opt/ros/humble CONDA_PROMPT_MODIFIER=(base) /usr/bin/cmake --install /home/sophia/workspace/code/ros/new_ros2/ws00_helloworld/build/pkg01_hellowrold_cpp
