[0.297s] DEBUG:colcon:Command line arguments: ['/usr/bin/colcon', 'build', '--cmake-args', '-DCMAKE_EXPORT_COMPILE_COMMANDS=ON', '-G', 'Ninja']
[0.297s] DEBUG:colcon:Parsed command line arguments: Namespace(log_base=None, log_level=None, verb_name='build', build_base='build', install_base='install', merge_install=False, symlink_install=False, test_result_base=None, continue_on_error=False, executor='parallel', parallel_workers=8, event_handlers=None, ignore_user_meta=False, metas=['./colcon.meta'], base_paths=['.'], packages_ignore=None, packages_ignore_regex=None, paths=None, packages_up_to=None, packages_up_to_regex=None, packages_above=None, packages_above_and_dependencies=None, packages_above_depth=None, packages_select_by_dep=None, packages_skip_by_dep=None, packages_skip_up_to=None, packages_select_build_failed=False, packages_skip_build_finished=False, packages_select_test_failures=False, packages_skip_test_passed=False, packages_select=None, packages_skip=None, packages_select_regex=None, packages_skip_regex=None, packages_start=None, packages_end=None, allow_overriding=[], cmake_args=['-DCMAKE_EXPORT_COMPILE_COMMANDS=ON', '-G', 'Ninja'], cmake_target=None, cmake_target_skip_unavailable=False, cmake_clean_cache=False, cmake_clean_first=False, cmake_force_configure=False, ament_cmake_args=None, catkin_cmake_args=None, catkin_skip_building_tests=False, verb_parser=<colcon_defaults.argument_parser.defaults.DefaultArgumentsDecorator object at 0x7f4e7db6a470>, verb_extension=<colcon_core.verb.build.BuildVerb object at 0x7f4e7e345000>, main=<bound method BuildVerb.main of <colcon_core.verb.build.BuildVerb object at 0x7f4e7e345000>>)
[0.324s] Level 1:colcon.colcon_core.package_discovery:discover_packages(colcon_meta) check parameters
[0.324s] Level 1:colcon.colcon_core.package_discovery:discover_packages(recursive) check parameters
[0.324s] Level 1:colcon.colcon_core.package_discovery:discover_packages(ignore) check parameters
[0.324s] Level 1:colcon.colcon_core.package_discovery:discover_packages(path) check parameters
[0.324s] Level 1:colcon.colcon_core.package_discovery:discover_packages(colcon_meta) discover
[0.324s] Level 1:colcon.colcon_core.package_discovery:discover_packages(recursive) discover
[0.324s] INFO:colcon.colcon_core.package_discovery:Crawling recursively for packages in '/home/sophia/workspace/code/ros/new_ros2/ws00_helloworld'
[0.325s] Level 1:colcon.colcon_core.package_identification:_identify(.) by extensions ['ignore', 'ignore_ament_install']
[0.325s] Level 1:colcon.colcon_core.package_identification:_identify(.) by extension 'ignore'
[0.325s] Level 1:colcon.colcon_core.package_identification:_identify(.) by extension 'ignore_ament_install'
[0.325s] Level 1:colcon.colcon_core.package_identification:_identify(.) by extensions ['colcon_pkg']
[0.325s] Level 1:colcon.colcon_core.package_identification:_identify(.) by extension 'colcon_pkg'
[0.325s] Level 1:colcon.colcon_core.package_identification:_identify(.) by extensions ['colcon_meta']
[0.325s] Level 1:colcon.colcon_core.package_identification:_identify(.) by extension 'colcon_meta'
[0.325s] Level 1:colcon.colcon_core.package_identification:_identify(.) by extensions ['ros']
[0.325s] Level 1:colcon.colcon_core.package_identification:_identify(.) by extension 'ros'
[0.335s] Level 1:colcon.colcon_core.package_identification:_identify(.) by extensions ['cmake', 'python']
[0.335s] Level 1:colcon.colcon_core.package_identification:_identify(.) by extension 'cmake'
[0.335s] Level 1:colcon.colcon_core.package_identification:_identify(.) by extension 'python'
[0.335s] Level 1:colcon.colcon_core.package_identification:_identify(.) by extensions ['python_setup_py']
[0.335s] Level 1:colcon.colcon_core.package_identification:_identify(.) by extension 'python_setup_py'
[0.335s] Level 1:colcon.colcon_core.package_identification:_identify(build) by extensions ['ignore', 'ignore_ament_install']
[0.335s] Level 1:colcon.colcon_core.package_identification:_identify(build) by extension 'ignore'
[0.335s] Level 1:colcon.colcon_core.package_identification:_identify(build) ignored
[0.335s] Level 1:colcon.colcon_core.package_identification:_identify(install) by extensions ['ignore', 'ignore_ament_install']
[0.336s] Level 1:colcon.colcon_core.package_identification:_identify(install) by extension 'ignore'
[0.336s] Level 1:colcon.colcon_core.package_identification:_identify(install) ignored
[0.336s] Level 1:colcon.colcon_core.package_identification:_identify(log) by extensions ['ignore', 'ignore_ament_install']
[0.336s] Level 1:colcon.colcon_core.package_identification:_identify(log) by extension 'ignore'
[0.336s] Level 1:colcon.colcon_core.package_identification:_identify(log) ignored
[0.336s] Level 1:colcon.colcon_core.package_identification:_identify(src) by extensions ['ignore', 'ignore_ament_install']
[0.337s] Level 1:colcon.colcon_core.package_identification:_identify(src) by extension 'ignore'
[0.337s] Level 1:colcon.colcon_core.package_identification:_identify(src) by extension 'ignore_ament_install'
[0.337s] Level 1:colcon.colcon_core.package_identification:_identify(src) by extensions ['colcon_pkg']
[0.337s] Level 1:colcon.colcon_core.package_identification:_identify(src) by extension 'colcon_pkg'
[0.337s] Level 1:colcon.colcon_core.package_identification:_identify(src) by extensions ['colcon_meta']
[0.337s] Level 1:colcon.colcon_core.package_identification:_identify(src) by extension 'colcon_meta'
[0.337s] Level 1:colcon.colcon_core.package_identification:_identify(src) by extensions ['ros']
[0.337s] Level 1:colcon.colcon_core.package_identification:_identify(src) by extension 'ros'
[0.337s] Level 1:colcon.colcon_core.package_identification:_identify(src) by extensions ['cmake', 'python']
[0.337s] Level 1:colcon.colcon_core.package_identification:_identify(src) by extension 'cmake'
[0.337s] Level 1:colcon.colcon_core.package_identification:_identify(src) by extension 'python'
[0.337s] Level 1:colcon.colcon_core.package_identification:_identify(src) by extensions ['python_setup_py']
[0.337s] Level 1:colcon.colcon_core.package_identification:_identify(src) by extension 'python_setup_py'
[0.337s] Level 1:colcon.colcon_core.package_identification:_identify(src/pkg01_hellowrold_cpp) by extensions ['ignore', 'ignore_ament_install']
[0.337s] Level 1:colcon.colcon_core.package_identification:_identify(src/pkg01_hellowrold_cpp) by extension 'ignore'
[0.337s] Level 1:colcon.colcon_core.package_identification:_identify(src/pkg01_hellowrold_cpp) by extension 'ignore_ament_install'
[0.337s] Level 1:colcon.colcon_core.package_identification:_identify(src/pkg01_hellowrold_cpp) by extensions ['colcon_pkg']
[0.337s] Level 1:colcon.colcon_core.package_identification:_identify(src/pkg01_hellowrold_cpp) by extension 'colcon_pkg'
[0.337s] Level 1:colcon.colcon_core.package_identification:_identify(src/pkg01_hellowrold_cpp) by extensions ['colcon_meta']
[0.337s] Level 1:colcon.colcon_core.package_identification:_identify(src/pkg01_hellowrold_cpp) by extension 'colcon_meta'
[0.337s] Level 1:colcon.colcon_core.package_identification:_identify(src/pkg01_hellowrold_cpp) by extensions ['ros']
[0.337s] Level 1:colcon.colcon_core.package_identification:_identify(src/pkg01_hellowrold_cpp) by extension 'ros'
[0.339s] DEBUG:colcon.colcon_core.package_identification:Package 'src/pkg01_hellowrold_cpp' with type 'ros.ament_cmake' and name 'pkg01_hellowrold_cpp'
[0.339s] Level 1:colcon.colcon_core.package_discovery:discover_packages(recursive) using defaults
[0.339s] Level 1:colcon.colcon_core.package_discovery:discover_packages(ignore) discover
[0.340s] Level 1:colcon.colcon_core.package_discovery:discover_packages(ignore) using defaults
[0.340s] Level 1:colcon.colcon_core.package_discovery:discover_packages(path) discover
[0.340s] Level 1:colcon.colcon_core.package_discovery:discover_packages(path) using defaults
[0.359s] Level 1:colcon.colcon_core.package_discovery:discover_packages(prefix_path) check parameters
[0.359s] Level 1:colcon.colcon_core.package_discovery:discover_packages(prefix_path) discover
[0.362s] DEBUG:colcon.colcon_installed_package_information.package_discovery:Found 1 installed packages in /home/sophia/workspace/code/ros/new_ros2/ws00_helloworld/install
[0.363s] DEBUG:colcon.colcon_installed_package_information.package_discovery:Found 270 installed packages in /opt/ros/humble
[0.365s] Level 1:colcon.colcon_core.package_discovery:discover_packages(prefix_path) using defaults
[0.419s] Level 5:colcon.colcon_core.verb:set package 'pkg01_hellowrold_cpp' build argument 'cmake_args' from command line to '['-DCMAKE_EXPORT_COMPILE_COMMANDS=ON', '-G', 'Ninja']'
[0.419s] Level 5:colcon.colcon_core.verb:set package 'pkg01_hellowrold_cpp' build argument 'cmake_target' from command line to 'None'
[0.419s] Level 5:colcon.colcon_core.verb:set package 'pkg01_hellowrold_cpp' build argument 'cmake_target_skip_unavailable' from command line to 'False'
[0.419s] Level 5:colcon.colcon_core.verb:set package 'pkg01_hellowrold_cpp' build argument 'cmake_clean_cache' from command line to 'False'
[0.420s] Level 5:colcon.colcon_core.verb:set package 'pkg01_hellowrold_cpp' build argument 'cmake_clean_first' from command line to 'False'
[0.420s] Level 5:colcon.colcon_core.verb:set package 'pkg01_hellowrold_cpp' build argument 'cmake_force_configure' from command line to 'False'
[0.420s] Level 5:colcon.colcon_core.verb:set package 'pkg01_hellowrold_cpp' build argument 'ament_cmake_args' from command line to 'None'
[0.420s] Level 5:colcon.colcon_core.verb:set package 'pkg01_hellowrold_cpp' build argument 'catkin_cmake_args' from command line to 'None'
[0.420s] Level 5:colcon.colcon_core.verb:set package 'pkg01_hellowrold_cpp' build argument 'catkin_skip_building_tests' from command line to 'False'
[0.420s] DEBUG:colcon.colcon_core.verb:Building package 'pkg01_hellowrold_cpp' with the following arguments: {'ament_cmake_args': None, 'build_base': '/home/sophia/workspace/code/ros/new_ros2/ws00_helloworld/build/pkg01_hellowrold_cpp', 'catkin_cmake_args': None, 'catkin_skip_building_tests': False, 'cmake_args': ['-DCMAKE_EXPORT_COMPILE_COMMANDS=ON', '-G', 'Ninja'], 'cmake_clean_cache': False, 'cmake_clean_first': False, 'cmake_force_configure': False, 'cmake_target': None, 'cmake_target_skip_unavailable': False, 'install_base': '/home/sophia/workspace/code/ros/new_ros2/ws00_helloworld/install/pkg01_hellowrold_cpp', 'merge_install': False, 'path': '/home/sophia/workspace/code/ros/new_ros2/ws00_helloworld/src/pkg01_hellowrold_cpp', 'symlink_install': False, 'test_result_base': None}
[0.420s] INFO:colcon.colcon_core.executor:Executing jobs using 'parallel' executor
[0.423s] DEBUG:colcon.colcon_parallel_executor.executor.parallel:run_until_complete
[0.423s] INFO:colcon.colcon_ros.task.ament_cmake.build:Building ROS package in '/home/sophia/workspace/code/ros/new_ros2/ws00_helloworld/src/pkg01_hellowrold_cpp' with build type 'ament_cmake'
[0.423s] INFO:colcon.colcon_cmake.task.cmake.build:Building CMake package in '/home/sophia/workspace/code/ros/new_ros2/ws00_helloworld/src/pkg01_hellowrold_cpp'
[0.429s] INFO:colcon.colcon_core.plugin_system:Skipping extension 'colcon_core.shell.bat': Not used on non-Windows systems
[0.429s] INFO:colcon.colcon_core.shell:Skip shell extension 'powershell' for command environment: Not usable outside of PowerShell
[0.429s] DEBUG:colcon.colcon_core.shell:Skip shell extension 'dsv' for command environment
[0.442s] DEBUG:colcon.colcon_core.event_handler.log_command:Invoking command in '/home/sophia/workspace/code/ros/new_ros2/ws00_helloworld/build/pkg01_hellowrold_cpp': CMAKE_PREFIX_PATH=${CMAKE_PREFIX_PATH}:/opt/ros/humble CONDA_PROMPT_MODIFIER=(base) /usr/bin/cmake /home/sophia/workspace/code/ros/new_ros2/ws00_helloworld/src/pkg01_hellowrold_cpp -DCMAKE_EXPORT_COMPILE_COMMANDS=ON -G Ninja -DCMAKE_INSTALL_PREFIX=/home/sophia/workspace/code/ros/new_ros2/ws00_helloworld/install/pkg01_hellowrold_cpp
[0.452s] DEBUG:colcon.colcon_core.event_handler.log_command:Invoked command in '/home/sophia/workspace/code/ros/new_ros2/ws00_helloworld/build/pkg01_hellowrold_cpp' returned '1': CMAKE_PREFIX_PATH=${CMAKE_PREFIX_PATH}:/opt/ros/humble CONDA_PROMPT_MODIFIER=(base) /usr/bin/cmake /home/sophia/workspace/code/ros/new_ros2/ws00_helloworld/src/pkg01_hellowrold_cpp -DCMAKE_EXPORT_COMPILE_COMMANDS=ON -G Ninja -DCMAKE_INSTALL_PREFIX=/home/sophia/workspace/code/ros/new_ros2/ws00_helloworld/install/pkg01_hellowrold_cpp
[0.463s] Level 1:colcon.colcon_core.environment:create_environment_scripts_only(pkg01_hellowrold_cpp)
[0.468s] Level 1:colcon.colcon_core.environment:checking '/home/sophia/workspace/code/ros/new_ros2/ws00_helloworld/install/pkg01_hellowrold_cpp' for CMake module files
[0.469s] Level 1:colcon.colcon_core.environment:checking '/home/sophia/workspace/code/ros/new_ros2/ws00_helloworld/install/pkg01_hellowrold_cpp' for CMake config files
[0.469s] Level 1:colcon.colcon_core.shell:create_environment_hook('pkg01_hellowrold_cpp', 'cmake_prefix_path')
[0.470s] INFO:colcon.colcon_core.shell:Creating environment hook '/home/sophia/workspace/code/ros/new_ros2/ws00_helloworld/install/pkg01_hellowrold_cpp/share/pkg01_hellowrold_cpp/hook/cmake_prefix_path.ps1'
[0.471s] INFO:colcon.colcon_core.shell:Creating environment descriptor '/home/sophia/workspace/code/ros/new_ros2/ws00_helloworld/install/pkg01_hellowrold_cpp/share/pkg01_hellowrold_cpp/hook/cmake_prefix_path.dsv'
[0.471s] INFO:colcon.colcon_core.shell:Creating environment hook '/home/sophia/workspace/code/ros/new_ros2/ws00_helloworld/install/pkg01_hellowrold_cpp/share/pkg01_hellowrold_cpp/hook/cmake_prefix_path.sh'
[0.472s] Level 1:colcon.colcon_core.environment:checking '/home/sophia/workspace/code/ros/new_ros2/ws00_helloworld/install/pkg01_hellowrold_cpp/lib'
[0.473s] Level 1:colcon.colcon_core.environment:checking '/home/sophia/workspace/code/ros/new_ros2/ws00_helloworld/install/pkg01_hellowrold_cpp/bin'
[0.473s] Level 1:colcon.colcon_core.environment:checking '/home/sophia/workspace/code/ros/new_ros2/ws00_helloworld/install/pkg01_hellowrold_cpp/lib/pkgconfig/pkg01_hellowrold_cpp.pc'
[0.473s] Level 1:colcon.colcon_core.environment:checking '/home/sophia/workspace/code/ros/new_ros2/ws00_helloworld/install/pkg01_hellowrold_cpp/lib/python3.10/site-packages'
[0.473s] Level 1:colcon.colcon_core.environment:checking '/home/sophia/workspace/code/ros/new_ros2/ws00_helloworld/install/pkg01_hellowrold_cpp/bin'
[0.474s] INFO:colcon.colcon_core.shell:Creating package script '/home/sophia/workspace/code/ros/new_ros2/ws00_helloworld/install/pkg01_hellowrold_cpp/share/pkg01_hellowrold_cpp/package.ps1'
[0.475s] INFO:colcon.colcon_core.shell:Creating package descriptor '/home/sophia/workspace/code/ros/new_ros2/ws00_helloworld/install/pkg01_hellowrold_cpp/share/pkg01_hellowrold_cpp/package.dsv'
[0.476s] INFO:colcon.colcon_core.shell:Creating package script '/home/sophia/workspace/code/ros/new_ros2/ws00_helloworld/install/pkg01_hellowrold_cpp/share/pkg01_hellowrold_cpp/package.sh'
[0.476s] INFO:colcon.colcon_core.shell:Creating package script '/home/sophia/workspace/code/ros/new_ros2/ws00_helloworld/install/pkg01_hellowrold_cpp/share/pkg01_hellowrold_cpp/package.bash'
[0.477s] INFO:colcon.colcon_core.shell:Creating package script '/home/sophia/workspace/code/ros/new_ros2/ws00_helloworld/install/pkg01_hellowrold_cpp/share/pkg01_hellowrold_cpp/package.zsh'
[0.477s] Level 1:colcon.colcon_core.environment:create_file_with_runtime_dependencies(/home/sophia/workspace/code/ros/new_ros2/ws00_helloworld/install/pkg01_hellowrold_cpp/share/colcon-core/packages/pkg01_hellowrold_cpp)
[0.488s] DEBUG:colcon.colcon_parallel_executor.executor.parallel:closing loop
[0.489s] DEBUG:colcon.colcon_parallel_executor.executor.parallel:loop closed
[0.489s] DEBUG:colcon.colcon_parallel_executor.executor.parallel:run_until_complete finished with '1'
[0.489s] DEBUG:colcon.colcon_core.event_reactor:joining thread
[0.495s] INFO:colcon.colcon_core.plugin_system:Skipping extension 'colcon_notification.desktop_notification.terminal_notifier': Not used on non-Darwin systems
[0.495s] INFO:colcon.colcon_core.plugin_system:Skipping extension 'colcon_notification.desktop_notification.win32': Not used on non-Windows systems
[0.495s] INFO:colcon.colcon_notification.desktop_notification:Sending desktop notification using 'notify2'
[0.506s] DEBUG:colcon.colcon_core.event_reactor:joined thread
[0.509s] INFO:colcon.colcon_core.shell:Creating prefix script '/home/sophia/workspace/code/ros/new_ros2/ws00_helloworld/install/local_setup.ps1'
[0.510s] INFO:colcon.colcon_core.shell:Creating prefix util module '/home/sophia/workspace/code/ros/new_ros2/ws00_helloworld/install/_local_setup_util_ps1.py'
[0.511s] INFO:colcon.colcon_core.shell:Creating prefix chain script '/home/sophia/workspace/code/ros/new_ros2/ws00_helloworld/install/setup.ps1'
[0.512s] INFO:colcon.colcon_core.shell:Creating prefix script '/home/sophia/workspace/code/ros/new_ros2/ws00_helloworld/install/local_setup.sh'
[0.513s] INFO:colcon.colcon_core.shell:Creating prefix util module '/home/sophia/workspace/code/ros/new_ros2/ws00_helloworld/install/_local_setup_util_sh.py'
[0.514s] INFO:colcon.colcon_core.shell:Creating prefix chain script '/home/sophia/workspace/code/ros/new_ros2/ws00_helloworld/install/setup.sh'
[0.515s] INFO:colcon.colcon_core.shell:Creating prefix script '/home/sophia/workspace/code/ros/new_ros2/ws00_helloworld/install/local_setup.bash'
[0.516s] INFO:colcon.colcon_core.shell:Creating prefix chain script '/home/sophia/workspace/code/ros/new_ros2/ws00_helloworld/install/setup.bash'
[0.518s] INFO:colcon.colcon_core.shell:Creating prefix script '/home/sophia/workspace/code/ros/new_ros2/ws00_helloworld/install/local_setup.zsh'
[0.518s] INFO:colcon.colcon_core.shell:Creating prefix chain script '/home/sophia/workspace/code/ros/new_ros2/ws00_helloworld/install/setup.zsh'
