[0.016s] Invoking command in '/home/sophia/workspace/code/ros/new_ros2/ws01_plumbing/build/cpp01_topic': AMENT_PREFIX_PATH=/home/sophia/workspace/code/ros/new_ros2/ws01_plumbing/install/base_interfaces_demo:${AMENT_PREFIX_PATH} CMAKE_PREFIX_PATH=/home/sophia/workspace/code/ros/new_ros2/ws01_plumbing/install/base_interfaces_demo:/opt/ros/humble CONDA_PROMPT_MODIFIER=(base) /usr/bin/cmake /home/sophia/workspace/code/ros/new_ros2/ws01_plumbing/src/cpp01_topic -DCMAKE_INSTALL_PREFIX=/home/sophia/workspace/code/ros/new_ros2/ws01_plumbing/install/cpp01_topic
[0.133s] -- Found ament_cmake: 1.3.3 (/opt/ros/humble/share/ament_cmake/cmake)
[0.269s] -- Found rclcpp: 16.0.3 (/opt/ros/humble/share/rclcpp/cmake)
[0.298s] -- Found rosidl_generator_c: 3.1.4 (/opt/ros/humble/share/rosidl_generator_c/cmake)
[0.300s] -- Found rosidl_adapter: 3.1.4 (/opt/ros/humble/share/rosidl_adapter/cmake)
[0.308s] -- Found rosidl_generator_cpp: 3.1.4 (/opt/ros/humble/share/rosidl_generator_cpp/cmake)
[0.320s] -- Using all available rosidl_typesupport_c: rosidl_typesupport_fastrtps_c;rosidl_typesupport_introspection_c
[0.339s] -- Using all available rosidl_typesupport_cpp: rosidl_typesupport_fastrtps_cpp;rosidl_typesupport_introspection_cpp
[0.401s] -- Found rmw_implementation_cmake: 6.1.1 (/opt/ros/humble/share/rmw_implementation_cmake/cmake)
[0.403s] -- Found rmw_fastrtps_cpp: 6.2.2 (/opt/ros/humble/share/rmw_fastrtps_cpp/cmake)
[0.525s] -- Using RMW implementation 'rmw_fastrtps_cpp' as default
[0.707s] -- Found base_interfaces_demo: 0.0.0 (/home/sophia/workspace/code/ros/new_ros2/ws01_plumbing/install/base_interfaces_demo/share/base_interfaces_demo/cmake)
[0.709s] -- Found ament_lint_auto: 0.12.5 (/opt/ros/humble/share/ament_lint_auto/cmake)
[0.780s] -- Added test 'cppcheck' to perform static code analysis on C / C++ code
[0.780s] -- Configured cppcheck include dirs: $<BUILD_INTERFACE:/home/sophia/workspace/code/ros/new_ros2/ws01_plumbing/src/cpp01_topic/include>
[0.780s] -- Configured cppcheck exclude dirs and/or files: 
[0.780s] -- Added test 'lint_cmake' to check CMake code style
[0.781s] -- Added test 'uncrustify' to check C / C++ code style
[0.781s] -- Configured uncrustify additional arguments: 
[0.781s] -- Added test 'xmllint' to check XML markup files
[0.782s] -- Configuring done
[0.794s] -- Generating done
[0.796s] -- Build files have been written to: /home/sophia/workspace/code/ros/new_ros2/ws01_plumbing/build/cpp01_topic
[0.832s] Invoked command in '/home/sophia/workspace/code/ros/new_ros2/ws01_plumbing/build/cpp01_topic' returned '0': AMENT_PREFIX_PATH=/home/sophia/workspace/code/ros/new_ros2/ws01_plumbing/install/base_interfaces_demo:${AMENT_PREFIX_PATH} CMAKE_PREFIX_PATH=/home/sophia/workspace/code/ros/new_ros2/ws01_plumbing/install/base_interfaces_demo:/opt/ros/humble CONDA_PROMPT_MODIFIER=(base) /usr/bin/cmake /home/sophia/workspace/code/ros/new_ros2/ws01_plumbing/src/cpp01_topic -DCMAKE_INSTALL_PREFIX=/home/sophia/workspace/code/ros/new_ros2/ws01_plumbing/install/cpp01_topic
[0.835s] Invoking command in '/home/sophia/workspace/code/ros/new_ros2/ws01_plumbing/build/cpp01_topic': AMENT_PREFIX_PATH=/home/sophia/workspace/code/ros/new_ros2/ws01_plumbing/install/base_interfaces_demo:${AMENT_PREFIX_PATH} CMAKE_PREFIX_PATH=/home/sophia/workspace/code/ros/new_ros2/ws01_plumbing/install/base_interfaces_demo:/opt/ros/humble CONDA_PROMPT_MODIFIER=(base) /usr/bin/cmake --build /home/sophia/workspace/code/ros/new_ros2/ws01_plumbing/build/cpp01_topic -- -j8 -l8
[0.875s] [35m[1mConsolidate compiler generated dependencies of target cpp01_talker_str[0m
[0.884s] [ 25%] [32mBuilding CXX object CMakeFiles/demo02_listener_str.dir/src/demo02_listener_str.cpp.o[0m
[0.897s] [ 50%] [32mBuilding CXX object CMakeFiles/cpp01_talker_str.dir/src/cpp01_talker_str.cpp.o[0m
[5.503s] [ 75%] [32m[1mLinking CXX executable cpp01_talker_str[0m
[5.871s] [ 75%] Built target cpp01_talker_str
[9.491s] [100%] [32m[1mLinking CXX executable demo02_listener_str[0m
[9.870s] [100%] Built target demo02_listener_str
[9.880s] Invoked command in '/home/sophia/workspace/code/ros/new_ros2/ws01_plumbing/build/cpp01_topic' returned '0': AMENT_PREFIX_PATH=/home/sophia/workspace/code/ros/new_ros2/ws01_plumbing/install/base_interfaces_demo:${AMENT_PREFIX_PATH} CMAKE_PREFIX_PATH=/home/sophia/workspace/code/ros/new_ros2/ws01_plumbing/install/base_interfaces_demo:/opt/ros/humble CONDA_PROMPT_MODIFIER=(base) /usr/bin/cmake --build /home/sophia/workspace/code/ros/new_ros2/ws01_plumbing/build/cpp01_topic -- -j8 -l8
[9.914s] Invoking command in '/home/sophia/workspace/code/ros/new_ros2/ws01_plumbing/build/cpp01_topic': AMENT_PREFIX_PATH=/home/sophia/workspace/code/ros/new_ros2/ws01_plumbing/install/base_interfaces_demo:${AMENT_PREFIX_PATH} CMAKE_PREFIX_PATH=/home/sophia/workspace/code/ros/new_ros2/ws01_plumbing/install/base_interfaces_demo:/opt/ros/humble CONDA_PROMPT_MODIFIER=(base) /usr/bin/cmake --install /home/sophia/workspace/code/ros/new_ros2/ws01_plumbing/build/cpp01_topic
[9.920s] -- Install configuration: ""
[9.920s] -- Installing: /home/sophia/workspace/code/ros/new_ros2/ws01_plumbing/install/cpp01_topic/lib/cpp01_topic/cpp01_talker_str
[9.921s] -- Set runtime path of "/home/sophia/workspace/code/ros/new_ros2/ws01_plumbing/install/cpp01_topic/lib/cpp01_topic/cpp01_talker_str" to ""
[9.922s] -- Installing: /home/sophia/workspace/code/ros/new_ros2/ws01_plumbing/install/cpp01_topic/lib/cpp01_topic/demo02_listener_str
[9.926s] -- Set runtime path of "/home/sophia/workspace/code/ros/new_ros2/ws01_plumbing/install/cpp01_topic/lib/cpp01_topic/demo02_listener_str" to ""
[9.926s] -- Up-to-date: /home/sophia/workspace/code/ros/new_ros2/ws01_plumbing/install/cpp01_topic/share/ament_index/resource_index/package_run_dependencies/cpp01_topic
[9.926s] -- Up-to-date: /home/sophia/workspace/code/ros/new_ros2/ws01_plumbing/install/cpp01_topic/share/ament_index/resource_index/parent_prefix_path/cpp01_topic
[9.926s] -- Up-to-date: /home/sophia/workspace/code/ros/new_ros2/ws01_plumbing/install/cpp01_topic/share/cpp01_topic/environment/ament_prefix_path.sh
[9.926s] -- Installing: /home/sophia/workspace/code/ros/new_ros2/ws01_plumbing/install/cpp01_topic/share/cpp01_topic/environment/ament_prefix_path.dsv
[9.926s] -- Up-to-date: /home/sophia/workspace/code/ros/new_ros2/ws01_plumbing/install/cpp01_topic/share/cpp01_topic/environment/path.sh
[9.927s] -- Installing: /home/sophia/workspace/code/ros/new_ros2/ws01_plumbing/install/cpp01_topic/share/cpp01_topic/environment/path.dsv
[9.927s] -- Up-to-date: /home/sophia/workspace/code/ros/new_ros2/ws01_plumbing/install/cpp01_topic/share/cpp01_topic/local_setup.bash
[9.927s] -- Up-to-date: /home/sophia/workspace/code/ros/new_ros2/ws01_plumbing/install/cpp01_topic/share/cpp01_topic/local_setup.sh
[9.927s] -- Up-to-date: /home/sophia/workspace/code/ros/new_ros2/ws01_plumbing/install/cpp01_topic/share/cpp01_topic/local_setup.zsh
[9.927s] -- Installing: /home/sophia/workspace/code/ros/new_ros2/ws01_plumbing/install/cpp01_topic/share/cpp01_topic/local_setup.dsv
[9.927s] -- Installing: /home/sophia/workspace/code/ros/new_ros2/ws01_plumbing/install/cpp01_topic/share/cpp01_topic/package.dsv
[9.927s] -- Up-to-date: /home/sophia/workspace/code/ros/new_ros2/ws01_plumbing/install/cpp01_topic/share/ament_index/resource_index/packages/cpp01_topic
[9.927s] -- Up-to-date: /home/sophia/workspace/code/ros/new_ros2/ws01_plumbing/install/cpp01_topic/share/cpp01_topic/cmake/cpp01_topicConfig.cmake
[9.927s] -- Up-to-date: /home/sophia/workspace/code/ros/new_ros2/ws01_plumbing/install/cpp01_topic/share/cpp01_topic/cmake/cpp01_topicConfig-version.cmake
[9.928s] -- Up-to-date: /home/sophia/workspace/code/ros/new_ros2/ws01_plumbing/install/cpp01_topic/share/cpp01_topic/package.xml
[9.929s] Invoked command in '/home/sophia/workspace/code/ros/new_ros2/ws01_plumbing/build/cpp01_topic' returned '0': AMENT_PREFIX_PATH=/home/sophia/workspace/code/ros/new_ros2/ws01_plumbing/install/base_interfaces_demo:${AMENT_PREFIX_PATH} CMAKE_PREFIX_PATH=/home/sophia/workspace/code/ros/new_ros2/ws01_plumbing/install/base_interfaces_demo:/opt/ros/humble CONDA_PROMPT_MODIFIER=(base) /usr/bin/cmake --install /home/sophia/workspace/code/ros/new_ros2/ws01_plumbing/build/cpp01_topic
