[0.951s] DEBUG:colcon:Command line arguments: ['/usr/bin/colcon', 'build']
[0.951s] DEBUG:colcon:Parsed command line arguments: Namespace(log_base=None, log_level=None, verb_name='build', build_base='build', install_base='install', merge_install=False, symlink_install=False, test_result_base=None, continue_on_error=False, executor='parallel', parallel_workers=8, event_handlers=None, ignore_user_meta=False, metas=['./colcon.meta'], base_paths=['.'], packages_ignore=None, packages_ignore_regex=None, paths=None, packages_up_to=None, packages_up_to_regex=None, packages_above=None, packages_above_and_dependencies=None, packages_above_depth=None, packages_select_by_dep=None, packages_skip_by_dep=None, packages_skip_up_to=None, packages_select_build_failed=False, packages_skip_build_finished=False, packages_select_test_failures=False, packages_skip_test_passed=False, packages_select=None, packages_skip=None, packages_select_regex=None, packages_skip_regex=None, packages_start=None, packages_end=None, allow_overriding=[], cmake_args=None, cmake_target=None, cmake_target_skip_unavailable=False, cmake_clean_cache=False, cmake_clean_first=False, cmake_force_configure=False, ament_cmake_args=None, catkin_cmake_args=None, catkin_skip_building_tests=False, verb_parser=<colcon_defaults.argument_parser.defaults.DefaultArgumentsDecorator object at 0x7f5fb07be050>, verb_extension=<colcon_core.verb.build.BuildVerb object at 0x7f5fb1033d90>, main=<bound method BuildVerb.main of <colcon_core.verb.build.BuildVerb object at 0x7f5fb1033d90>>)
[1.035s] Level 1:colcon.colcon_core.package_discovery:discover_packages(colcon_meta) check parameters
[1.035s] Level 1:colcon.colcon_core.package_discovery:discover_packages(recursive) check parameters
[1.035s] Level 1:colcon.colcon_core.package_discovery:discover_packages(ignore) check parameters
[1.035s] Level 1:colcon.colcon_core.package_discovery:discover_packages(path) check parameters
[1.035s] Level 1:colcon.colcon_core.package_discovery:discover_packages(colcon_meta) discover
[1.036s] Level 1:colcon.colcon_core.package_discovery:discover_packages(recursive) discover
[1.036s] INFO:colcon.colcon_core.package_discovery:Crawling recursively for packages in '/home/sophia/workspace/code/ros/new_ros2/ws00_helloworld'
[1.036s] Level 1:colcon.colcon_core.package_identification:_identify(.) by extensions ['ignore', 'ignore_ament_install']
[1.036s] Level 1:colcon.colcon_core.package_identification:_identify(.) by extension 'ignore'
[1.036s] Level 1:colcon.colcon_core.package_identification:_identify(.) by extension 'ignore_ament_install'
[1.036s] Level 1:colcon.colcon_core.package_identification:_identify(.) by extensions ['colcon_pkg']
[1.036s] Level 1:colcon.colcon_core.package_identification:_identify(.) by extension 'colcon_pkg'
[1.037s] Level 1:colcon.colcon_core.package_identification:_identify(.) by extensions ['colcon_meta']
[1.037s] Level 1:colcon.colcon_core.package_identification:_identify(.) by extension 'colcon_meta'
[1.037s] Level 1:colcon.colcon_core.package_identification:_identify(.) by extensions ['ros']
[1.037s] Level 1:colcon.colcon_core.package_identification:_identify(.) by extension 'ros'
[1.053s] Level 1:colcon.colcon_core.package_identification:_identify(.) by extensions ['cmake', 'python']
[1.053s] Level 1:colcon.colcon_core.package_identification:_identify(.) by extension 'cmake'
[1.053s] Level 1:colcon.colcon_core.package_identification:_identify(.) by extension 'python'
[1.053s] Level 1:colcon.colcon_core.package_identification:_identify(.) by extensions ['python_setup_py']
[1.053s] Level 1:colcon.colcon_core.package_identification:_identify(.) by extension 'python_setup_py'
[1.053s] Level 1:colcon.colcon_core.package_identification:_identify(build) by extensions ['ignore', 'ignore_ament_install']
[1.054s] Level 1:colcon.colcon_core.package_identification:_identify(build) by extension 'ignore'
[1.054s] Level 1:colcon.colcon_core.package_identification:_identify(build) ignored
[1.054s] Level 1:colcon.colcon_core.package_identification:_identify(install) by extensions ['ignore', 'ignore_ament_install']
[1.054s] Level 1:colcon.colcon_core.package_identification:_identify(install) by extension 'ignore'
[1.054s] Level 1:colcon.colcon_core.package_identification:_identify(install) ignored
[1.054s] Level 1:colcon.colcon_core.package_identification:_identify(log) by extensions ['ignore', 'ignore_ament_install']
[1.054s] Level 1:colcon.colcon_core.package_identification:_identify(log) by extension 'ignore'
[1.054s] Level 1:colcon.colcon_core.package_identification:_identify(log) ignored
[1.054s] Level 1:colcon.colcon_core.package_identification:_identify(src) by extensions ['ignore', 'ignore_ament_install']
[1.055s] Level 1:colcon.colcon_core.package_identification:_identify(src) by extension 'ignore'
[1.055s] Level 1:colcon.colcon_core.package_identification:_identify(src) by extension 'ignore_ament_install'
[1.055s] Level 1:colcon.colcon_core.package_identification:_identify(src) by extensions ['colcon_pkg']
[1.055s] Level 1:colcon.colcon_core.package_identification:_identify(src) by extension 'colcon_pkg'
[1.055s] Level 1:colcon.colcon_core.package_identification:_identify(src) by extensions ['colcon_meta']
[1.055s] Level 1:colcon.colcon_core.package_identification:_identify(src) by extension 'colcon_meta'
[1.055s] Level 1:colcon.colcon_core.package_identification:_identify(src) by extensions ['ros']
[1.055s] Level 1:colcon.colcon_core.package_identification:_identify(src) by extension 'ros'
[1.055s] Level 1:colcon.colcon_core.package_identification:_identify(src) by extensions ['cmake', 'python']
[1.055s] Level 1:colcon.colcon_core.package_identification:_identify(src) by extension 'cmake'
[1.055s] Level 1:colcon.colcon_core.package_identification:_identify(src) by extension 'python'
[1.055s] Level 1:colcon.colcon_core.package_identification:_identify(src) by extensions ['python_setup_py']
[1.055s] Level 1:colcon.colcon_core.package_identification:_identify(src) by extension 'python_setup_py'
[1.055s] Level 1:colcon.colcon_core.package_identification:_identify(src/pkg01_hellowrold_cpp) by extensions ['ignore', 'ignore_ament_install']
[1.056s] Level 1:colcon.colcon_core.package_identification:_identify(src/pkg01_hellowrold_cpp) by extension 'ignore'
[1.056s] Level 1:colcon.colcon_core.package_identification:_identify(src/pkg01_hellowrold_cpp) by extension 'ignore_ament_install'
[1.056s] Level 1:colcon.colcon_core.package_identification:_identify(src/pkg01_hellowrold_cpp) by extensions ['colcon_pkg']
[1.056s] Level 1:colcon.colcon_core.package_identification:_identify(src/pkg01_hellowrold_cpp) by extension 'colcon_pkg'
[1.056s] Level 1:colcon.colcon_core.package_identification:_identify(src/pkg01_hellowrold_cpp) by extensions ['colcon_meta']
[1.056s] Level 1:colcon.colcon_core.package_identification:_identify(src/pkg01_hellowrold_cpp) by extension 'colcon_meta'
[1.056s] Level 1:colcon.colcon_core.package_identification:_identify(src/pkg01_hellowrold_cpp) by extensions ['ros']
[1.056s] Level 1:colcon.colcon_core.package_identification:_identify(src/pkg01_hellowrold_cpp) by extension 'ros'
[1.058s] DEBUG:colcon.colcon_core.package_identification:Package 'src/pkg01_hellowrold_cpp' with type 'ros.ament_cmake' and name 'pkg01_hellowrold_cpp'
[1.059s] Level 1:colcon.colcon_core.package_discovery:discover_packages(recursive) using defaults
[1.059s] Level 1:colcon.colcon_core.package_discovery:discover_packages(ignore) discover
[1.059s] Level 1:colcon.colcon_core.package_discovery:discover_packages(ignore) using defaults
[1.059s] Level 1:colcon.colcon_core.package_discovery:discover_packages(path) discover
[1.059s] Level 1:colcon.colcon_core.package_discovery:discover_packages(path) using defaults
[1.102s] Level 1:colcon.colcon_core.package_discovery:discover_packages(prefix_path) check parameters
[1.102s] Level 1:colcon.colcon_core.package_discovery:discover_packages(prefix_path) discover
[1.105s] DEBUG:colcon.colcon_installed_package_information.package_discovery:Found 270 installed packages in /opt/ros/humble
[1.107s] Level 1:colcon.colcon_core.package_discovery:discover_packages(prefix_path) using defaults
[1.160s] Level 5:colcon.colcon_core.verb:set package 'pkg01_hellowrold_cpp' build argument 'cmake_args' from command line to 'None'
[1.160s] Level 5:colcon.colcon_core.verb:set package 'pkg01_hellowrold_cpp' build argument 'cmake_target' from command line to 'None'
[1.160s] Level 5:colcon.colcon_core.verb:set package 'pkg01_hellowrold_cpp' build argument 'cmake_target_skip_unavailable' from command line to 'False'
[1.160s] Level 5:colcon.colcon_core.verb:set package 'pkg01_hellowrold_cpp' build argument 'cmake_clean_cache' from command line to 'False'
[1.160s] Level 5:colcon.colcon_core.verb:set package 'pkg01_hellowrold_cpp' build argument 'cmake_clean_first' from command line to 'False'
[1.160s] Level 5:colcon.colcon_core.verb:set package 'pkg01_hellowrold_cpp' build argument 'cmake_force_configure' from command line to 'False'
[1.160s] Level 5:colcon.colcon_core.verb:set package 'pkg01_hellowrold_cpp' build argument 'ament_cmake_args' from command line to 'None'
[1.160s] Level 5:colcon.colcon_core.verb:set package 'pkg01_hellowrold_cpp' build argument 'catkin_cmake_args' from command line to 'None'
[1.160s] Level 5:colcon.colcon_core.verb:set package 'pkg01_hellowrold_cpp' build argument 'catkin_skip_building_tests' from command line to 'False'
[1.160s] DEBUG:colcon.colcon_core.verb:Building package 'pkg01_hellowrold_cpp' with the following arguments: {'ament_cmake_args': None, 'build_base': '/home/sophia/workspace/code/ros/new_ros2/ws00_helloworld/build/pkg01_hellowrold_cpp', 'catkin_cmake_args': None, 'catkin_skip_building_tests': False, 'cmake_args': None, 'cmake_clean_cache': False, 'cmake_clean_first': False, 'cmake_force_configure': False, 'cmake_target': None, 'cmake_target_skip_unavailable': False, 'install_base': '/home/sophia/workspace/code/ros/new_ros2/ws00_helloworld/install/pkg01_hellowrold_cpp', 'merge_install': False, 'path': '/home/sophia/workspace/code/ros/new_ros2/ws00_helloworld/src/pkg01_hellowrold_cpp', 'symlink_install': False, 'test_result_base': None}
[1.161s] INFO:colcon.colcon_core.executor:Executing jobs using 'parallel' executor
[1.164s] DEBUG:colcon.colcon_parallel_executor.executor.parallel:run_until_complete
[1.164s] INFO:colcon.colcon_ros.task.ament_cmake.build:Building ROS package in '/home/sophia/workspace/code/ros/new_ros2/ws00_helloworld/src/pkg01_hellowrold_cpp' with build type 'ament_cmake'
[1.164s] INFO:colcon.colcon_cmake.task.cmake.build:Building CMake package in '/home/sophia/workspace/code/ros/new_ros2/ws00_helloworld/src/pkg01_hellowrold_cpp'
[1.168s] INFO:colcon.colcon_core.plugin_system:Skipping extension 'colcon_core.shell.bat': Not used on non-Windows systems
[1.168s] INFO:colcon.colcon_core.shell:Skip shell extension 'powershell' for command environment: Not usable outside of PowerShell
[1.168s] DEBUG:colcon.colcon_core.shell:Skip shell extension 'dsv' for command environment
[1.214s] DEBUG:colcon.colcon_core.event_handler.log_command:Invoking command in '/home/sophia/workspace/code/ros/new_ros2/ws00_helloworld/build/pkg01_hellowrold_cpp': CMAKE_PREFIX_PATH=/opt/ros/humble CONDA_PROMPT_MODIFIER=(base) /usr/bin/cmake /home/sophia/workspace/code/ros/new_ros2/ws00_helloworld/src/pkg01_hellowrold_cpp -DCMAKE_INSTALL_PREFIX=/home/sophia/workspace/code/ros/new_ros2/ws00_helloworld/install/pkg01_hellowrold_cpp
[2.599s] DEBUG:colcon.colcon_core.event_handler.log_command:Invoked command in '/home/sophia/workspace/code/ros/new_ros2/ws00_helloworld/build/pkg01_hellowrold_cpp' returned '0': CMAKE_PREFIX_PATH=/opt/ros/humble CONDA_PROMPT_MODIFIER=(base) /usr/bin/cmake /home/sophia/workspace/code/ros/new_ros2/ws00_helloworld/src/pkg01_hellowrold_cpp -DCMAKE_INSTALL_PREFIX=/home/sophia/workspace/code/ros/new_ros2/ws00_helloworld/install/pkg01_hellowrold_cpp
[2.600s] DEBUG:colcon.colcon_core.event_handler.log_command:Invoking command in '/home/sophia/workspace/code/ros/new_ros2/ws00_helloworld/build/pkg01_hellowrold_cpp': CMAKE_PREFIX_PATH=/opt/ros/humble CONDA_PROMPT_MODIFIER=(base) /usr/bin/cmake --build /home/sophia/workspace/code/ros/new_ros2/ws00_helloworld/build/pkg01_hellowrold_cpp -- -j8 -l8
[2.672s] DEBUG:colcon.colcon_core.event_handler.log_command:Invoked command in '/home/sophia/workspace/code/ros/new_ros2/ws00_helloworld/build/pkg01_hellowrold_cpp' returned '0': CMAKE_PREFIX_PATH=/opt/ros/humble CONDA_PROMPT_MODIFIER=(base) /usr/bin/cmake --build /home/sophia/workspace/code/ros/new_ros2/ws00_helloworld/build/pkg01_hellowrold_cpp -- -j8 -l8
[2.700s] DEBUG:colcon.colcon_core.event_handler.log_command:Invoking command in '/home/sophia/workspace/code/ros/new_ros2/ws00_helloworld/build/pkg01_hellowrold_cpp': CMAKE_PREFIX_PATH=/opt/ros/humble CONDA_PROMPT_MODIFIER=(base) /usr/bin/cmake --install /home/sophia/workspace/code/ros/new_ros2/ws00_helloworld/build/pkg01_hellowrold_cpp
[2.710s] Level 1:colcon.colcon_core.environment:create_environment_scripts_only(pkg01_hellowrold_cpp)
[2.712s] DEBUG:colcon.colcon_core.event_handler.log_command:Invoked command in '/home/sophia/workspace/code/ros/new_ros2/ws00_helloworld/build/pkg01_hellowrold_cpp' returned '0': CMAKE_PREFIX_PATH=/opt/ros/humble CONDA_PROMPT_MODIFIER=(base) /usr/bin/cmake --install /home/sophia/workspace/code/ros/new_ros2/ws00_helloworld/build/pkg01_hellowrold_cpp
[2.715s] Level 1:colcon.colcon_core.environment:checking '/home/sophia/workspace/code/ros/new_ros2/ws00_helloworld/install/pkg01_hellowrold_cpp' for CMake module files
[2.716s] Level 1:colcon.colcon_core.environment:checking '/home/sophia/workspace/code/ros/new_ros2/ws00_helloworld/install/pkg01_hellowrold_cpp' for CMake config files
[2.716s] Level 1:colcon.colcon_core.shell:create_environment_hook('pkg01_hellowrold_cpp', 'cmake_prefix_path')
[2.717s] INFO:colcon.colcon_core.shell:Creating environment hook '/home/sophia/workspace/code/ros/new_ros2/ws00_helloworld/install/pkg01_hellowrold_cpp/share/pkg01_hellowrold_cpp/hook/cmake_prefix_path.ps1'
[2.718s] INFO:colcon.colcon_core.shell:Creating environment descriptor '/home/sophia/workspace/code/ros/new_ros2/ws00_helloworld/install/pkg01_hellowrold_cpp/share/pkg01_hellowrold_cpp/hook/cmake_prefix_path.dsv'
[2.718s] INFO:colcon.colcon_core.shell:Creating environment hook '/home/sophia/workspace/code/ros/new_ros2/ws00_helloworld/install/pkg01_hellowrold_cpp/share/pkg01_hellowrold_cpp/hook/cmake_prefix_path.sh'
[2.719s] Level 1:colcon.colcon_core.environment:checking '/home/sophia/workspace/code/ros/new_ros2/ws00_helloworld/install/pkg01_hellowrold_cpp/lib'
[2.720s] Level 1:colcon.colcon_core.environment:checking '/home/sophia/workspace/code/ros/new_ros2/ws00_helloworld/install/pkg01_hellowrold_cpp/bin'
[2.720s] Level 1:colcon.colcon_core.environment:checking '/home/sophia/workspace/code/ros/new_ros2/ws00_helloworld/install/pkg01_hellowrold_cpp/lib/pkgconfig/pkg01_hellowrold_cpp.pc'
[2.720s] Level 1:colcon.colcon_core.environment:checking '/home/sophia/workspace/code/ros/new_ros2/ws00_helloworld/install/pkg01_hellowrold_cpp/lib/python3.10/site-packages'
[2.720s] Level 1:colcon.colcon_core.environment:checking '/home/sophia/workspace/code/ros/new_ros2/ws00_helloworld/install/pkg01_hellowrold_cpp/bin'
[2.722s] INFO:colcon.colcon_core.shell:Creating package script '/home/sophia/workspace/code/ros/new_ros2/ws00_helloworld/install/pkg01_hellowrold_cpp/share/pkg01_hellowrold_cpp/package.ps1'
[2.723s] INFO:colcon.colcon_core.shell:Creating package descriptor '/home/sophia/workspace/code/ros/new_ros2/ws00_helloworld/install/pkg01_hellowrold_cpp/share/pkg01_hellowrold_cpp/package.dsv'
[2.723s] INFO:colcon.colcon_core.shell:Creating package script '/home/sophia/workspace/code/ros/new_ros2/ws00_helloworld/install/pkg01_hellowrold_cpp/share/pkg01_hellowrold_cpp/package.sh'
[2.724s] INFO:colcon.colcon_core.shell:Creating package script '/home/sophia/workspace/code/ros/new_ros2/ws00_helloworld/install/pkg01_hellowrold_cpp/share/pkg01_hellowrold_cpp/package.bash'
[2.725s] INFO:colcon.colcon_core.shell:Creating package script '/home/sophia/workspace/code/ros/new_ros2/ws00_helloworld/install/pkg01_hellowrold_cpp/share/pkg01_hellowrold_cpp/package.zsh'
[2.726s] Level 1:colcon.colcon_core.environment:create_file_with_runtime_dependencies(/home/sophia/workspace/code/ros/new_ros2/ws00_helloworld/install/pkg01_hellowrold_cpp/share/colcon-core/packages/pkg01_hellowrold_cpp)
[2.749s] Level 1:colcon.colcon_core.environment:create_environment_scripts_only(pkg01_hellowrold_cpp)
[2.752s] Level 1:colcon.colcon_core.environment:checking '/home/sophia/workspace/code/ros/new_ros2/ws00_helloworld/install/pkg01_hellowrold_cpp' for CMake module files
[2.753s] Level 1:colcon.colcon_core.environment:checking '/home/sophia/workspace/code/ros/new_ros2/ws00_helloworld/install/pkg01_hellowrold_cpp' for CMake config files
[2.753s] Level 1:colcon.colcon_core.shell:create_environment_hook('pkg01_hellowrold_cpp', 'cmake_prefix_path')
[2.755s] INFO:colcon.colcon_core.shell:Creating environment hook '/home/sophia/workspace/code/ros/new_ros2/ws00_helloworld/install/pkg01_hellowrold_cpp/share/pkg01_hellowrold_cpp/hook/cmake_prefix_path.ps1'
[2.755s] INFO:colcon.colcon_core.shell:Creating environment descriptor '/home/sophia/workspace/code/ros/new_ros2/ws00_helloworld/install/pkg01_hellowrold_cpp/share/pkg01_hellowrold_cpp/hook/cmake_prefix_path.dsv'
[2.756s] INFO:colcon.colcon_core.shell:Creating environment hook '/home/sophia/workspace/code/ros/new_ros2/ws00_helloworld/install/pkg01_hellowrold_cpp/share/pkg01_hellowrold_cpp/hook/cmake_prefix_path.sh'
[2.756s] Level 1:colcon.colcon_core.environment:checking '/home/sophia/workspace/code/ros/new_ros2/ws00_helloworld/install/pkg01_hellowrold_cpp/lib'
[2.756s] Level 1:colcon.colcon_core.environment:checking '/home/sophia/workspace/code/ros/new_ros2/ws00_helloworld/install/pkg01_hellowrold_cpp/bin'
[2.756s] Level 1:colcon.colcon_core.environment:checking '/home/sophia/workspace/code/ros/new_ros2/ws00_helloworld/install/pkg01_hellowrold_cpp/lib/pkgconfig/pkg01_hellowrold_cpp.pc'
[2.756s] Level 1:colcon.colcon_core.environment:checking '/home/sophia/workspace/code/ros/new_ros2/ws00_helloworld/install/pkg01_hellowrold_cpp/lib/python3.10/site-packages'
[2.757s] Level 1:colcon.colcon_core.environment:checking '/home/sophia/workspace/code/ros/new_ros2/ws00_helloworld/install/pkg01_hellowrold_cpp/bin'
[2.758s] INFO:colcon.colcon_core.shell:Creating package script '/home/sophia/workspace/code/ros/new_ros2/ws00_helloworld/install/pkg01_hellowrold_cpp/share/pkg01_hellowrold_cpp/package.ps1'
[2.758s] INFO:colcon.colcon_core.shell:Creating package descriptor '/home/sophia/workspace/code/ros/new_ros2/ws00_helloworld/install/pkg01_hellowrold_cpp/share/pkg01_hellowrold_cpp/package.dsv'
[2.759s] INFO:colcon.colcon_core.shell:Creating package script '/home/sophia/workspace/code/ros/new_ros2/ws00_helloworld/install/pkg01_hellowrold_cpp/share/pkg01_hellowrold_cpp/package.sh'
[2.759s] INFO:colcon.colcon_core.shell:Creating package script '/home/sophia/workspace/code/ros/new_ros2/ws00_helloworld/install/pkg01_hellowrold_cpp/share/pkg01_hellowrold_cpp/package.bash'
[2.759s] INFO:colcon.colcon_core.shell:Creating package script '/home/sophia/workspace/code/ros/new_ros2/ws00_helloworld/install/pkg01_hellowrold_cpp/share/pkg01_hellowrold_cpp/package.zsh'
[2.760s] Level 1:colcon.colcon_core.environment:create_file_with_runtime_dependencies(/home/sophia/workspace/code/ros/new_ros2/ws00_helloworld/install/pkg01_hellowrold_cpp/share/colcon-core/packages/pkg01_hellowrold_cpp)
[2.760s] DEBUG:colcon.colcon_parallel_executor.executor.parallel:closing loop
[2.760s] DEBUG:colcon.colcon_parallel_executor.executor.parallel:loop closed
[2.760s] DEBUG:colcon.colcon_parallel_executor.executor.parallel:run_until_complete finished with '0'
[2.760s] DEBUG:colcon.colcon_core.event_reactor:joining thread
[2.788s] INFO:colcon.colcon_core.plugin_system:Skipping extension 'colcon_notification.desktop_notification.terminal_notifier': Not used on non-Darwin systems
[2.788s] INFO:colcon.colcon_core.plugin_system:Skipping extension 'colcon_notification.desktop_notification.win32': Not used on non-Windows systems
[2.788s] INFO:colcon.colcon_notification.desktop_notification:Sending desktop notification using 'notify2'
[2.802s] DEBUG:colcon.colcon_core.event_reactor:joined thread
[2.804s] INFO:colcon.colcon_core.shell:Creating prefix script '/home/sophia/workspace/code/ros/new_ros2/ws00_helloworld/install/local_setup.ps1'
[2.805s] INFO:colcon.colcon_core.shell:Creating prefix util module '/home/sophia/workspace/code/ros/new_ros2/ws00_helloworld/install/_local_setup_util_ps1.py'
[2.807s] INFO:colcon.colcon_core.shell:Creating prefix chain script '/home/sophia/workspace/code/ros/new_ros2/ws00_helloworld/install/setup.ps1'
[2.808s] INFO:colcon.colcon_core.shell:Creating prefix script '/home/sophia/workspace/code/ros/new_ros2/ws00_helloworld/install/local_setup.sh'
[2.809s] INFO:colcon.colcon_core.shell:Creating prefix util module '/home/sophia/workspace/code/ros/new_ros2/ws00_helloworld/install/_local_setup_util_sh.py'
[2.809s] INFO:colcon.colcon_core.shell:Creating prefix chain script '/home/sophia/workspace/code/ros/new_ros2/ws00_helloworld/install/setup.sh'
[2.811s] INFO:colcon.colcon_core.shell:Creating prefix script '/home/sophia/workspace/code/ros/new_ros2/ws00_helloworld/install/local_setup.bash'
[2.811s] INFO:colcon.colcon_core.shell:Creating prefix chain script '/home/sophia/workspace/code/ros/new_ros2/ws00_helloworld/install/setup.bash'
[2.813s] INFO:colcon.colcon_core.shell:Creating prefix script '/home/sophia/workspace/code/ros/new_ros2/ws00_helloworld/install/local_setup.zsh'
[2.814s] INFO:colcon.colcon_core.shell:Creating prefix chain script '/home/sophia/workspace/code/ros/new_ros2/ws00_helloworld/install/setup.zsh'
